# JRE version: OpenJDK Runtime Environment (Zulu 8.52.0.23-CA-win64) (8.0_282-b08) (build 1.8.0_282-b08)
# Java VM: OpenJDK 64-Bit Server VM (25.282-b08 mixed mode windows-amd64 compressed oops)
Heap:
 PSYoungGen      total 68608K, used 43398K [0x00000000d5580000, 0x00000000da100000, 0x0000000100000000)
  eden space 60928K, 65% used [0x00000000d5580000,0x00000000d7cc1860,0x00000000d9100000)
  from space 7680K, 41% used [0x00000000d9980000,0x00000000d9ca0000,0x00000000da100000)
  to   space 8192K, 0% used [0x00000000d9100000,0x00000000d9100000,0x00000000d9900000)
 ParOldGen       total 51712K, used 10525K [0x0000000080000000, 0x0000000083280000, 0x00000000d5580000)
  object space 51712K, 20% used [0x0000000080000000,0x0000000080a476b0,0x0000000083280000)
 Metaspace       used 22601K, capacity 22906K, committed 23168K, reserved 1069056K
  class space    used 2479K, capacity 2583K, committed 2688K, reserved 1048576K
GC Heap History (10 events):
Event: 4.186 GC heap before
{Heap before GC invocations=11 (full 1):
 PSYoungGen      total 38400K, used 33280K [0x00000000d5580000, 0x00000000d8000000, 0x0000000100000000)
  eden space 33280K, 100% used [0x00000000d5580000,0x00000000d7600000,0x00000000d7600000)
  from space 5120K, 0% used [0x00000000d7600000,0x00000000d7600000,0x00000000d7b00000)
  to   space 5120K, 0% used [0x00000000d7b00000,0x00000000d7b00000,0x00000000d8000000)
 ParOldGen       total 51712K, used 8365K [0x0000000080000000, 0x0000000083280000, 0x00000000d5580000)
  object space 51712K, 16% used [0x0000000080000000,0x000000008082b630,0x0000000083280000)
 Metaspace       used 21432K, capacity 21724K, committed 22192K, reserved 1069056K
  class space    used 2375K, capacity 2492K, committed 2560K, reserved 1048576K
Event: 4.189 GC heap after
Heap after GC invocations=11 (full 1):
 PSYoungGen      total 35328K, used 800K [0x00000000d5580000, 0x00000000d9500000, 0x0000000100000000)
  eden space 30208K, 0% used [0x00000000d5580000,0x00000000d5580000,0x00000000d7300000)
  from space 5120K, 15% used [0x00000000d7b00000,0x00000000d7bc8000,0x00000000d8000000)
  to   space 8192K, 0% used [0x00000000d7300000,0x00000000d7300000,0x00000000d7b00000)
 ParOldGen       total 51712K, used 8373K [0x0000000080000000, 0x0000000083280000, 0x00000000d5580000)
  object space 51712K, 16% used [0x0000000080000000,0x000000008082d630,0x0000000083280000)
 Metaspace       used 21432K, capacity 21724K, committed 22192K, reserved 1069056K
  class space    used 2375K, capacity 2492K, committed 2560K, reserved 1048576K
}
Event: 4.491 GC heap before
{Heap before GC invocations=12 (full 1):
 PSYoungGen      total 35328K, used 31008K [0x00000000d5580000, 0x00000000d9500000, 0x0000000100000000)
  eden space 30208K, 100% used [0x00000000d5580000,0x00000000d7300000,0x00000000d7300000)
  from space 5120K, 15% used [0x00000000d7b00000,0x00000000d7bc8000,0x00000000d8000000)
  to   space 8192K, 0% used [0x00000000d7300000,0x00000000d7300000,0x00000000d7b00000)
 ParOldGen       total 51712K, used 8373K [0x0000000080000000, 0x0000000083280000, 0x00000000d5580000)
  object space 51712K, 16% used [0x0000000080000000,0x000000008082d630,0x0000000083280000)
 Metaspace       used 21866K, capacity 22200K, committed 22448K, reserved 1069056K
  class space    used 2411K, capacity 2541K, committed 2560K, reserved 1048576K
Event: 4.499 GC heap after
Heap after GC invocations=12 (full 1):
 PSYoungGen      total 38400K, used 1584K [0x00000000d5580000, 0x00000000d9180000, 0x0000000100000000)
  eden space 30208K, 0% used [0x00000000d5580000,0x00000000d5580000,0x00000000d7300000)
  from space 8192K, 19% used [0x00000000d7300000,0x00000000d748c160,0x00000000d7b00000)
  to   space 8704K, 0% used [0x00000000d8900000,0x00000000d8900000,0x00000000d9180000)
 ParOldGen       total 51712K, used 9021K [0x0000000080000000, 0x0000000083280000, 0x00000000d5580000)
  object space 51712K, 17% used [0x0000000080000000,0x00000000808cf670,0x0000000083280000)
 Metaspace       used 21866K, capacity 22200K, committed 22448K, reserved 1069056K
  class space    used 2411K, capacity 2541K, committed 2560K, reserved 1048576K
}
Event: 4.662 GC heap before
{Heap before GC invocations=13 (full 1):
 PSYoungGen      total 38400K, used 31792K [0x00000000d5580000, 0x00000000d9180000, 0x0000000100000000)
  eden space 30208K, 100% used [0x00000000d5580000,0x00000000d7300000,0x00000000d7300000)
  from space 8192K, 19% used [0x00000000d7300000,0x00000000d748c160,0x00000000d7b00000)
  to   space 8704K, 0% used [0x00000000d8900000,0x00000000d8900000,0x00000000d9180000)
 ParOldGen       total 51712K, used 9021K [0x0000000080000000, 0x0000000083280000, 0x00000000d5580000)
  object space 51712K, 17% used [0x0000000080000000,0x00000000808cf670,0x0000000083280000)
 Metaspace       used 21927K, capacity 22264K, committed 22448K, reserved 1069056K
  class space    used 2415K, capacity 2541K, committed 2560K, reserved 1048576K
Event: 4.665 GC heap after
Heap after GC invocations=13 (full 1):
 PSYoungGen      total 51712K, used 128K [0x00000000d5580000, 0x00000000d9100000, 0x0000000100000000)
  eden space 43520K, 0% used [0x00000000d5580000,0x00000000d5580000,0x00000000d8000000)
  from space 8192K, 1% used [0x00000000d8900000,0x00000000d8920000,0x00000000d9100000)
  to   space 8704K, 0% used [0x00000000d8000000,0x00000000d8000000,0x00000000d8880000)
 ParOldGen       total 51712K, used 10389K [0x0000000080000000, 0x0000000083280000, 0x00000000d5580000)
  object space 51712K, 20% used [0x0000000080000000,0x0000000080a25690,0x0000000083280000)
 Metaspace       used 21927K, capacity 22264K, committed 22448K, reserved 1069056K
  class space    used 2415K, capacity 2541K, committed 2560K, reserved 1048576K
}
Event: 4.877 GC heap before
{Heap before GC invocations=14 (full 1):
 PSYoungGen      total 51712K, used 43648K [0x00000000d5580000, 0x00000000d9100000, 0x0000000100000000)
  eden space 43520K, 100% used [0x00000000d5580000,0x00000000d8000000,0x00000000d8000000)
  from space 8192K, 1% used [0x00000000d8900000,0x00000000d8920000,0x00000000d9100000)
  to   space 8704K, 0% used [0x00000000d8000000,0x00000000d8000000,0x00000000d8880000)
 ParOldGen       total 51712K, used 10389K [0x0000000080000000, 0x0000000083280000, 0x00000000d5580000)
  object space 51712K, 20% used [0x0000000080000000,0x0000000080a25690,0x0000000083280000)
 Metaspace       used 22109K, capacity 22456K, committed 22704K, reserved 1069056K
  class space    used 2418K, capacity 2541K, committed 2560K, reserved 1048576K
Event: 4.879 GC heap after
Heap after GC invocations=14 (full 1):
 PSYoungGen      total 52224K, used 256K [0x00000000d5580000, 0x00000000da200000, 0x0000000100000000)
  eden space 43520K, 0% used [0x00000000d5580000,0x00000000d5580000,0x00000000d8000000)
  from space 8704K, 2% used [0x00000000d8000000,0x00000000d8040268,0x00000000d8880000)
  to   space 8704K, 0% used [0x00000000d9980000,0x00000000d9980000,0x00000000da200000)
 ParOldGen       total 51712K, used 10437K [0x0000000080000000, 0x0000000083280000, 0x00000000d5580000)
  object space 51712K, 20% used [0x0000000080000000,0x0000000080a31690,0x0000000083280000)
 Metaspace       used 22109K, capacity 22456K, committed 22704K, reserved 1069056K
  class space    used 2418K, capacity 2541K, committed 2560K, reserved 1048576K
}
Event: 5.177 GC heap before
{Heap before GC invocations=15 (full 1):
 PSYoungGen      total 52224K, used 43776K [0x00000000d5580000, 0x00000000da200000, 0x0000000100000000)
  eden space 43520K, 100% used [0x00000000d5580000,0x00000000d8000000,0x00000000d8000000)
  from space 8704K, 2% used [0x00000000d8000000,0x00000000d8040268,0x00000000d8880000)
  to   space 8704K, 0% used [0x00000000d9980000,0x00000000d9980000,0x00000000da200000)
 ParOldGen       total 51712K, used 10437K [0x0000000080000000, 0x0000000083280000, 0x00000000d5580000)
  object space 51712K, 20% used [0x0000000080000000,0x0000000080a31690,0x0000000083280000)
 Metaspace       used 22387K, capacity 22772K, committed 23088K, reserved 1069056K
  class space    used 2447K, capacity 2581K, committed 2688K, reserved 1048576K
Event: 5.186 GC heap after
Heap after GC invocations=15 (full 1):
 PSYoungGen      total 68608K, used 3200K [0x00000000d5580000, 0x00000000da100000, 0x0000000100000000)
  eden space 60928K, 0% used [0x00000000d5580000,0x00000000d5580000,0x00000000d9100000)
  from space 7680K, 41% used [0x00000000d9980000,0x00000000d9ca0000,0x00000000da100000)
  to   space 8192K, 0% used [0x00000000d9100000,0x00000000d9100000,0x00000000d9900000)
 ParOldGen       total 51712K, used 10525K [0x0000000080000000, 0x0000000083280000, 0x00000000d5580000)
  object space 51712K, 20% used [0x0000000080000000,0x0000000080a476b0,0x0000000083280000)
 Metaspace       used 22387K, capacity 22772K, committed 23088K, reserved 1069056K
  class space    used 2447K, capacity 2581K, committed 2688K, reserved 1048576K
}

