# JRE version: OpenJDK Runtime Environment (Zulu 8.52.0.23-CA-win64) (8.0_282-b08) (build 1.8.0_282-b08)
# Java VM: OpenJDK 64-Bit Server VM (25.282-b08 mixed mode windows-amd64 compressed oops)
Heap:
 PSYoungGen      total 40448K, used 27027K [0x00000000d5580000, 0x00000000da480000, 0x0000000100000000)
  eden space 33280K, 59% used [0x00000000d5580000,0x00000000d68e8e48,0x00000000d7600000)
  from space 7168K, 99% used [0x00000000d9d80000,0x00000000da47bfb0,0x00000000da480000)
  to   space 5120K, 0% used [0x00000000d7600000,0x00000000d7600000,0x00000000d7b00000)
 ParOldGen       total 87552K, used 2280K [0x0000000080000000, 0x0000000085580000, 0x00000000d5580000)
  object space 87552K, 2% used [0x0000000080000000,0x000000008023a1e8,0x0000000085580000)
 Metaspace       used 17766K, capacity 18016K, committed 18432K, reserved 1064960K
  class space    used 1922K, capacity 2004K, committed 2048K, reserved 1048576K
GC Heap History (10 events):
Event: 2.092 GC heap before
{Heap before GC invocations=2 (full 0):
 PSYoungGen      total 38400K, used 37377K [0x00000000d5580000, 0x00000000d8000000, 0x0000000100000000)
  eden space 33280K, 100% used [0x00000000d5580000,0x00000000d7600000,0x00000000d7600000)
  from space 5120K, 80% used [0x00000000d7600000,0x00000000d7a006d0,0x00000000d7b00000)
  to   space 5120K, 0% used [0x00000000d7b00000,0x00000000d7b00000,0x00000000d8000000)
 ParOldGen       total 87552K, used 8K [0x0000000080000000, 0x0000000085580000, 0x00000000d5580000)
  object space 87552K, 0% used [0x0000000080000000,0x0000000080002000,0x0000000085580000)
 Metaspace       used 8431K, capacity 8624K, committed 8704K, reserved 1056768K
  class space    used 920K, capacity 984K, committed 1024K, reserved 1048576K
Event: 2.098 GC heap after
Heap after GC invocations=2 (full 0):
 PSYoungGen      total 38400K, used 4630K [0x00000000d5580000, 0x00000000d8000000, 0x0000000100000000)
  eden space 33280K, 0% used [0x00000000d5580000,0x00000000d5580000,0x00000000d7600000)
  from space 5120K, 90% used [0x00000000d7b00000,0x00000000d7f85bb8,0x00000000d8000000)
  to   space 5120K, 0% used [0x00000000d7600000,0x00000000d7600000,0x00000000d7b00000)
 ParOldGen       total 87552K, used 16K [0x0000000080000000, 0x0000000085580000, 0x00000000d5580000)
  object space 87552K, 0% used [0x0000000080000000,0x0000000080004000,0x0000000085580000)
 Metaspace       used 8431K, capacity 8624K, committed 8704K, reserved 1056768K
  class space    used 920K, capacity 984K, committed 1024K, reserved 1048576K
}
Event: 2.541 GC heap before
{Heap before GC invocations=3 (full 0):
 PSYoungGen      total 38400K, used 37910K [0x00000000d5580000, 0x00000000d8000000, 0x0000000100000000)
  eden space 33280K, 100% used [0x00000000d5580000,0x00000000d7600000,0x00000000d7600000)
  from space 5120K, 90% used [0x00000000d7b00000,0x00000000d7f85bb8,0x00000000d8000000)
  to   space 5120K, 0% used [0x00000000d7600000,0x00000000d7600000,0x00000000d7b00000)
 ParOldGen       total 87552K, used 16K [0x0000000080000000, 0x0000000085580000, 0x00000000d5580000)
  object space 87552K, 0% used [0x0000000080000000,0x0000000080004000,0x0000000085580000)
 Metaspace       used 10362K, capacity 10518K, committed 10752K, reserved 1058816K
  class space    used 1147K, capacity 1209K, committed 1280K, reserved 1048576K
Event: 2.547 GC heap after
Heap after GC invocations=3 (full 0):
 PSYoungGen      total 38400K, used 5097K [0x00000000d5580000, 0x00000000d8000000, 0x0000000100000000)
  eden space 33280K, 0% used [0x00000000d5580000,0x00000000d5580000,0x00000000d7600000)
  from space 5120K, 99% used [0x00000000d7600000,0x00000000d7afa578,0x00000000d7b00000)
  to   space 5120K, 0% used [0x00000000d7b00000,0x00000000d7b00000,0x00000000d8000000)
 ParOldGen       total 87552K, used 96K [0x0000000080000000, 0x0000000085580000, 0x00000000d5580000)
  object space 87552K, 0% used [0x0000000080000000,0x00000000800182d0,0x0000000085580000)
 Metaspace       used 10362K, capacity 10518K, committed 10752K, reserved 1058816K
  class space    used 1147K, capacity 1209K, committed 1280K, reserved 1048576K
}
Event: 2.837 GC heap before
{Heap before GC invocations=4 (full 0):
 PSYoungGen      total 38400K, used 38377K [0x00000000d5580000, 0x00000000d8000000, 0x0000000100000000)
  eden space 33280K, 100% used [0x00000000d5580000,0x00000000d7600000,0x00000000d7600000)
  from space 5120K, 99% used [0x00000000d7600000,0x00000000d7afa578,0x00000000d7b00000)
  to   space 5120K, 0% used [0x00000000d7b00000,0x00000000d7b00000,0x00000000d8000000)
 ParOldGen       total 87552K, used 96K [0x0000000080000000, 0x0000000085580000, 0x00000000d5580000)
  object space 87552K, 0% used [0x0000000080000000,0x00000000800182d0,0x0000000085580000)
 Metaspace       used 11049K, capacity 11222K, committed 11520K, reserved 1058816K
  class space    used 1210K, capacity 1273K, committed 1280K, reserved 1048576K
Event: 2.843 GC heap after
Heap after GC invocations=4 (full 0):
 PSYoungGen      total 38400K, used 4831K [0x00000000d5580000, 0x00000000da080000, 0x0000000100000000)
  eden space 33280K, 0% used [0x00000000d5580000,0x00000000d5580000,0x00000000d7600000)
  from space 5120K, 94% used [0x00000000d7b00000,0x00000000d7fb7c98,0x00000000d8000000)
  to   space 5120K, 0% used [0x00000000d7600000,0x00000000d7600000,0x00000000d7b00000)
 ParOldGen       total 87552K, used 104K [0x0000000080000000, 0x0000000085580000, 0x00000000d5580000)
  object space 87552K, 0% used [0x0000000080000000,0x000000008001a2d0,0x0000000085580000)
 Metaspace       used 11049K, capacity 11222K, committed 11520K, reserved 1058816K
  class space    used 1210K, capacity 1273K, committed 1280K, reserved 1048576K
}
Event: 3.282 GC heap before
{Heap before GC invocations=5 (full 0):
 PSYoungGen      total 38400K, used 38111K [0x00000000d5580000, 0x00000000da080000, 0x0000000100000000)
  eden space 33280K, 100% used [0x00000000d5580000,0x00000000d7600000,0x00000000d7600000)
  from space 5120K, 94% used [0x00000000d7b00000,0x00000000d7fb7c98,0x00000000d8000000)
  to   space 5120K, 0% used [0x00000000d7600000,0x00000000d7600000,0x00000000d7b00000)
 ParOldGen       total 87552K, used 104K [0x0000000080000000, 0x0000000085580000, 0x00000000d5580000)
  object space 87552K, 0% used [0x0000000080000000,0x000000008001a2d0,0x0000000085580000)
 Metaspace       used 13901K, capacity 14100K, committed 14336K, reserved 1062912K
  class space    used 1442K, capacity 1506K, committed 1536K, reserved 1048576K
Event: 3.296 GC heap after
Heap after GC invocations=5 (full 0):
 PSYoungGen      total 38400K, used 5119K [0x00000000d5580000, 0x00000000da480000, 0x0000000100000000)
  eden space 33280K, 0% used [0x00000000d5580000,0x00000000d5580000,0x00000000d7600000)
  from space 5120K, 99% used [0x00000000d7600000,0x00000000d7afffe0,0x00000000d7b00000)
  to   space 7168K, 0% used [0x00000000d9d80000,0x00000000d9d80000,0x00000000da480000)
 ParOldGen       total 87552K, used 2272K [0x0000000080000000, 0x0000000085580000, 0x00000000d5580000)
  object space 87552K, 2% used [0x0000000080000000,0x00000000802381e8,0x0000000085580000)
 Metaspace       used 13901K, capacity 14100K, committed 14336K, reserved 1062912K
  class space    used 1442K, capacity 1506K, committed 1536K, reserved 1048576K
}
Event: 3.816 GC heap before
{Heap before GC invocations=6 (full 0):
 PSYoungGen      total 38400K, used 38399K [0x00000000d5580000, 0x00000000da480000, 0x0000000100000000)
  eden space 33280K, 100% used [0x00000000d5580000,0x00000000d7600000,0x00000000d7600000)
  from space 5120K, 99% used [0x00000000d7600000,0x00000000d7afffe0,0x00000000d7b00000)
  to   space 7168K, 0% used [0x00000000d9d80000,0x00000000d9d80000,0x00000000da480000)
 ParOldGen       total 87552K, used 2272K [0x0000000080000000, 0x0000000085580000, 0x00000000d5580000)
  object space 87552K, 2% used [0x0000000080000000,0x00000000802381e8,0x0000000085580000)
 Metaspace       used 16647K, capacity 16928K, committed 17280K, reserved 1064960K
  class space    used 1767K, capacity 1876K, committed 1920K, reserved 1048576K
Event: 3.829 GC heap after
Heap after GC invocations=6 (full 0):
 PSYoungGen      total 40448K, used 7151K [0x00000000d5580000, 0x00000000da480000, 0x0000000100000000)
  eden space 33280K, 0% used [0x00000000d5580000,0x00000000d5580000,0x00000000d7600000)
  from space 7168K, 99% used [0x00000000d9d80000,0x00000000da47bfb0,0x00000000da480000)
  to   space 5120K, 0% used [0x00000000d7600000,0x00000000d7600000,0x00000000d7b00000)
 ParOldGen       total 87552K, used 2280K [0x0000000080000000, 0x0000000085580000, 0x00000000d5580000)
  object space 87552K, 2% used [0x0000000080000000,0x000000008023a1e8,0x0000000085580000)
 Metaspace       used 16647K, capacity 16928K, committed 17280K, reserved 1064960K
  class space    used 1767K, capacity 1876K, committed 1920K, reserved 1048576K
}

