# JRE version: OpenJDK Runtime Environment (Zulu 8.52.0.23-CA-win64) (8.0_282-b08) (build 1.8.0_282-b08)
# Java VM: OpenJDK 64-Bit Server VM (25.282-b08 mixed mode windows-amd64 compressed oops)
Heap:
 PSYoungGen      total 331264K, used 85910K [0x00000000d5580000, 0x00000000ecc00000, 0x0000000100000000)
  eden space 321024K, 23% used [0x00000000d5580000,0x00000000d9f69660,0x00000000e8f00000)
  from space 10240K, 99% used [0x00000000e9d00000,0x00000000ea6fc3b0,0x00000000ea700000)
  to   space 14336K, 0% used [0x00000000e8f00000,0x00000000e8f00000,0x00000000e9d00000)
 ParOldGen       total 52736K, used 16103K [0x0000000080000000, 0x0000000083380000, 0x00000000d5580000)
  object space 52736K, 30% used [0x0000000080000000,0x0000000080fb9e50,0x0000000083380000)
 Metaspace       used 31799K, capacity 32852K, committed 33024K, reserved 1079296K
  class space    used 3764K, capacity 4077K, committed 4096K, reserved 1048576K
GC Heap History (10 events):
Event: 3.830 GC heap before
{Heap before GC invocations=7 (full 0):
 PSYoungGen      total 139776K, used 13387K [0x00000000d5580000, 0x00000000dea80000, 0x0000000100000000)
  eden space 131584K, 3% used [0x00000000d5580000,0x00000000d5a97a88,0x00000000dd600000)
  from space 8192K, 99% used [0x00000000ddf80000,0x00000000de77b280,0x00000000de780000)
  to   space 9728K, 0% used [0x00000000dd600000,0x00000000dd600000,0x00000000ddf80000)
 ParOldGen       total 87552K, used 4033K [0x0000000080000000, 0x0000000085580000, 0x00000000d5580000)
  object space 87552K, 4% used [0x0000000080000000,0x00000000803f0458,0x0000000085580000)
 Metaspace       used 20819K, capacity 21072K, committed 21296K, reserved 1069056K
  class space    used 2314K, capacity 2424K, committed 2432K, reserved 1048576K
Event: 3.847 GC heap after
Heap after GC invocations=7 (full 0):
 PSYoungGen      total 141312K, used 4174K [0x00000000d5580000, 0x00000000e6980000, 0x0000000100000000)
  eden space 131584K, 0% used [0x00000000d5580000,0x00000000d5580000,0x00000000dd600000)
  from space 9728K, 42% used [0x00000000dd600000,0x00000000dda139b0,0x00000000ddf80000)
  to   space 9728K, 0% used [0x00000000e6000000,0x00000000e6000000,0x00000000e6980000)
 ParOldGen       total 87552K, used 7084K [0x0000000080000000, 0x0000000085580000, 0x00000000d5580000)
  object space 87552K, 8% used [0x0000000080000000,0x00000000806eb220,0x0000000085580000)
 Metaspace       used 20819K, capacity 21072K, committed 21296K, reserved 1069056K
  class space    used 2314K, capacity 2424K, committed 2432K, reserved 1048576K
}
Event: 3.847 GC heap before
{Heap before GC invocations=8 (full 1):
 PSYoungGen      total 141312K, used 4174K [0x00000000d5580000, 0x00000000e6980000, 0x0000000100000000)
  eden space 131584K, 0% used [0x00000000d5580000,0x00000000d5580000,0x00000000dd600000)
  from space 9728K, 42% used [0x00000000dd600000,0x00000000dda139b0,0x00000000ddf80000)
  to   space 9728K, 0% used [0x00000000e6000000,0x00000000e6000000,0x00000000e6980000)
 ParOldGen       total 87552K, used 7084K [0x0000000080000000, 0x0000000085580000, 0x00000000d5580000)
  object space 87552K, 8% used [0x0000000080000000,0x00000000806eb220,0x0000000085580000)
 Metaspace       used 20819K, capacity 21072K, committed 21296K, reserved 1069056K
  class space    used 2314K, capacity 2424K, committed 2432K, reserved 1048576K
Event: 3.897 GC heap after
Heap after GC invocations=8 (full 1):
 PSYoungGen      total 141312K, used 0K [0x00000000d5580000, 0x00000000e6980000, 0x0000000100000000)
  eden space 131584K, 0% used [0x00000000d5580000,0x00000000d5580000,0x00000000dd600000)
  from space 9728K, 0% used [0x00000000dd600000,0x00000000dd600000,0x00000000ddf80000)
  to   space 9728K, 0% used [0x00000000e6000000,0x00000000e6000000,0x00000000e6980000)
 ParOldGen       total 52736K, used 8647K [0x0000000080000000, 0x0000000083380000, 0x00000000d5580000)
  object space 52736K, 16% used [0x0000000080000000,0x0000000080871ed0,0x0000000083380000)
 Metaspace       used 20819K, capacity 21072K, committed 21296K, reserved 1069056K
  class space    used 2314K, capacity 2424K, committed 2432K, reserved 1048576K
}
Event: 4.948 GC heap before
{Heap before GC invocations=9 (full 1):
 PSYoungGen      total 141312K, used 131584K [0x00000000d5580000, 0x00000000e6980000, 0x0000000100000000)
  eden space 131584K, 100% used [0x00000000d5580000,0x00000000dd600000,0x00000000dd600000)
  from space 9728K, 0% used [0x00000000dd600000,0x00000000dd600000,0x00000000ddf80000)
  to   space 9728K, 0% used [0x00000000e6000000,0x00000000e6000000,0x00000000e6980000)
 ParOldGen       total 52736K, used 8647K [0x0000000080000000, 0x0000000083380000, 0x00000000d5580000)
  object space 52736K, 16% used [0x0000000080000000,0x0000000080871ed0,0x0000000083380000)
 Metaspace       used 22087K, capacity 22392K, committed 22704K, reserved 1069056K
  class space    used 2420K, capacity 2541K, committed 2560K, reserved 1048576K
Event: 4.955 GC heap after
Heap after GC invocations=9 (full 1):
 PSYoungGen      total 231936K, used 2702K [0x00000000d5580000, 0x00000000e6300000, 0x0000000100000000)
  eden space 228864K, 0% used [0x00000000d5580000,0x00000000d5580000,0x00000000e3500000)
  from space 3072K, 87% used [0x00000000e6000000,0x00000000e62a3840,0x00000000e6300000)
  to   space 9728K, 0% used [0x00000000e5000000,0x00000000e5000000,0x00000000e5980000)
 ParOldGen       total 52736K, used 8655K [0x0000000080000000, 0x0000000083380000, 0x00000000d5580000)
  object space 52736K, 16% used [0x0000000080000000,0x0000000080873ed0,0x0000000083380000)
 Metaspace       used 22087K, capacity 22392K, committed 22704K, reserved 1069056K
  class space    used 2420K, capacity 2541K, committed 2560K, reserved 1048576K
}
Event: 6.486 GC heap before
{Heap before GC invocations=10 (full 1):
 PSYoungGen      total 231936K, used 231566K [0x00000000d5580000, 0x00000000e6300000, 0x0000000100000000)
  eden space 228864K, 100% used [0x00000000d5580000,0x00000000e3500000,0x00000000e3500000)
  from space 3072K, 87% used [0x00000000e6000000,0x00000000e62a3840,0x00000000e6300000)
  to   space 9728K, 0% used [0x00000000e5000000,0x00000000e5000000,0x00000000e5980000)
 ParOldGen       total 52736K, used 8655K [0x0000000080000000, 0x0000000083380000, 0x00000000d5580000)
  object space 52736K, 16% used [0x0000000080000000,0x0000000080873ed0,0x0000000083380000)
 Metaspace       used 22866K, capacity 23142K, committed 23424K, reserved 1071104K
  class space    used 2510K, capacity 2619K, committed 2688K, reserved 1048576K
Event: 6.500 GC heap after
Heap after GC invocations=10 (full 1):
 PSYoungGen      total 266240K, used 7519K [0x00000000d5580000, 0x00000000ea700000, 0x0000000100000000)
  eden space 256512K, 0% used [0x00000000d5580000,0x00000000d5580000,0x00000000e5000000)
  from space 9728K, 77% used [0x00000000e5000000,0x00000000e5757da0,0x00000000e5980000)
  to   space 10240K, 0% used [0x00000000e9d00000,0x00000000e9d00000,0x00000000ea700000)
 ParOldGen       total 52736K, used 8663K [0x0000000080000000, 0x0000000083380000, 0x00000000d5580000)
  object space 52736K, 16% used [0x0000000080000000,0x0000000080875ed0,0x0000000083380000)
 Metaspace       used 22866K, capacity 23142K, committed 23424K, reserved 1071104K
  class space    used 2510K, capacity 2619K, committed 2688K, reserved 1048576K
}
Event: 19.412 GC heap before
{Heap before GC invocations=11 (full 1):
 PSYoungGen      total 266240K, used 264031K [0x00000000d5580000, 0x00000000ea700000, 0x0000000100000000)
  eden space 256512K, 100% used [0x00000000d5580000,0x00000000e5000000,0x00000000e5000000)
  from space 9728K, 77% used [0x00000000e5000000,0x00000000e5757da0,0x00000000e5980000)
  to   space 10240K, 0% used [0x00000000e9d00000,0x00000000e9d00000,0x00000000ea700000)
 ParOldGen       total 52736K, used 8663K [0x0000000080000000, 0x0000000083380000, 0x00000000d5580000)
  object space 52736K, 16% used [0x0000000080000000,0x0000000080875ed0,0x0000000083380000)
 Metaspace       used 31632K, capacity 32580K, committed 32768K, reserved 1077248K
  class space    used 3753K, capacity 4060K, committed 4096K, reserved 1048576K
Event: 19.442 GC heap after
Heap after GC invocations=11 (full 1):
 PSYoungGen      total 331264K, used 10224K [0x00000000d5580000, 0x00000000ecc00000, 0x0000000100000000)
  eden space 321024K, 0% used [0x00000000d5580000,0x00000000d5580000,0x00000000e8f00000)
  from space 10240K, 99% used [0x00000000e9d00000,0x00000000ea6fc3b0,0x00000000ea700000)
  to   space 14336K, 0% used [0x00000000e8f00000,0x00000000e8f00000,0x00000000e9d00000)
 ParOldGen       total 52736K, used 16103K [0x0000000080000000, 0x0000000083380000, 0x00000000d5580000)
  object space 52736K, 30% used [0x0000000080000000,0x0000000080fb9e50,0x0000000083380000)
 Metaspace       used 31632K, capacity 32580K, committed 32768K, reserved 1077248K
  class space    used 3753K, capacity 4060K, committed 4096K, reserved 1048576K
}

