# JRE version: OpenJDK Runtime Environment (Zulu 8.52.0.23-CA-win64) (8.0_282-b08) (build 1.8.0_282-b08)
# Java VM: OpenJDK 64-Bit Server VM (25.282-b08 mixed mode windows-amd64 compressed oops)
Heap:
 PSYoungGen      total 260608K, used 86528K [0x00000000d5580000, 0x00000000e6480000, 0x0000000100000000)
  eden space 250880K, 30% used [0x00000000d5580000,0x00000000da0dc400,0x00000000e4a80000)
  from space 9728K, 96% used [0x00000000e5280000,0x00000000e5ba3d90,0x00000000e5c00000)
  to   space 8704K, 0% used [0x00000000e5c00000,0x00000000e5c00000,0x00000000e6480000)
 ParOldGen       total 70144K, used 12689K [0x0000000080000000, 0x0000000084480000, 0x00000000d5580000)
  object space 70144K, 18% used [0x0000000080000000,0x0000000080c647a0,0x0000000084480000)
 Metaspace       used 30290K, capacity 31266K, committed 31488K, reserved 1077248K
  class space    used 3573K, capacity 3839K, committed 3840K, reserved 1048576K
GC Heap History (10 events):
Event: 13.622 GC heap before
{Heap before GC invocations=4 (full 0):
 PSYoungGen      total 71680K, used 71673K [0x00000000d5580000, 0x00000000de180000, 0x0000000100000000)
  eden space 66560K, 100% used [0x00000000d5580000,0x00000000d9680000,0x00000000d9680000)
  from space 5120K, 99% used [0x00000000d9680000,0x00000000d9b7e680,0x00000000d9b80000)
  to   space 5120K, 0% used [0x00000000ddc80000,0x00000000ddc80000,0x00000000de180000)
 ParOldGen       total 87552K, used 372K [0x0000000080000000, 0x0000000085580000, 0x00000000d5580000)
  object space 87552K, 0% used [0x0000000080000000,0x000000008005d0e8,0x0000000085580000)
 Metaspace       used 15066K, capacity 15238K, committed 15488K, reserved 1062912K
  class space    used 1546K, capacity 1607K, committed 1664K, reserved 1048576K
Event: 13.690 GC heap after
Heap after GC invocations=4 (full 0):
 PSYoungGen      total 138240K, used 5108K [0x00000000d5580000, 0x00000000de180000, 0x0000000100000000)
  eden space 133120K, 0% used [0x00000000d5580000,0x00000000d5580000,0x00000000dd780000)
  from space 5120K, 99% used [0x00000000ddc80000,0x00000000de17d228,0x00000000de180000)
  to   space 5120K, 0% used [0x00000000dd780000,0x00000000dd780000,0x00000000ddc80000)
 ParOldGen       total 87552K, used 3495K [0x0000000080000000, 0x0000000085580000, 0x00000000d5580000)
  object space 87552K, 3% used [0x0000000080000000,0x0000000080369de8,0x0000000085580000)
 Metaspace       used 15066K, capacity 15238K, committed 15488K, reserved 1062912K
  class space    used 1546K, capacity 1607K, committed 1664K, reserved 1048576K
}
Event: 20.412 GC heap before
{Heap before GC invocations=5 (full 0):
 PSYoungGen      total 138240K, used 94491K [0x00000000d5580000, 0x00000000de180000, 0x0000000100000000)
  eden space 133120K, 67% used [0x00000000d5580000,0x00000000dacc9a20,0x00000000dd780000)
  from space 5120K, 99% used [0x00000000ddc80000,0x00000000de17d228,0x00000000de180000)
  to   space 5120K, 0% used [0x00000000dd780000,0x00000000dd780000,0x00000000ddc80000)
 ParOldGen       total 87552K, used 3495K [0x0000000080000000, 0x0000000085580000, 0x00000000d5580000)
  object space 87552K, 3% used [0x0000000080000000,0x0000000080369de8,0x0000000085580000)
 Metaspace       used 20860K, capacity 21136K, committed 21296K, reserved 1069056K
  class space    used 2295K, capacity 2425K, committed 2432K, reserved 1048576K
Event: 20.565 GC heap after
Heap after GC invocations=5 (full 0):
 PSYoungGen      total 138240K, used 5112K [0x00000000d5580000, 0x00000000e6e80000, 0x0000000100000000)
  eden space 133120K, 0% used [0x00000000d5580000,0x00000000d5580000,0x00000000dd780000)
  from space 5120K, 99% used [0x00000000dd780000,0x00000000ddc7e278,0x00000000ddc80000)
  to   space 10752K, 0% used [0x00000000e6400000,0x00000000e6400000,0x00000000e6e80000)
 ParOldGen       total 87552K, used 8206K [0x0000000080000000, 0x0000000085580000, 0x00000000d5580000)
  object space 87552K, 9% used [0x0000000080000000,0x0000000080803a68,0x0000000085580000)
 Metaspace       used 20860K, capacity 21136K, committed 21296K, reserved 1069056K
  class space    used 2295K, capacity 2425K, committed 2432K, reserved 1048576K
}
Event: 20.565 GC heap before
{Heap before GC invocations=6 (full 1):
 PSYoungGen      total 138240K, used 5112K [0x00000000d5580000, 0x00000000e6e80000, 0x0000000100000000)
  eden space 133120K, 0% used [0x00000000d5580000,0x00000000d5580000,0x00000000dd780000)
  from space 5120K, 99% used [0x00000000dd780000,0x00000000ddc7e278,0x00000000ddc80000)
  to   space 10752K, 0% used [0x00000000e6400000,0x00000000e6400000,0x00000000e6e80000)
 ParOldGen       total 87552K, used 8206K [0x0000000080000000, 0x0000000085580000, 0x00000000d5580000)
  object space 87552K, 9% used [0x0000000080000000,0x0000000080803a68,0x0000000085580000)
 Metaspace       used 20860K, capacity 21136K, committed 21296K, reserved 1069056K
  class space    used 2295K, capacity 2425K, committed 2432K, reserved 1048576K
Event: 21.058 GC heap after
Heap after GC invocations=6 (full 1):
 PSYoungGen      total 138240K, used 0K [0x00000000d5580000, 0x00000000e6e80000, 0x0000000100000000)
  eden space 133120K, 0% used [0x00000000d5580000,0x00000000d5580000,0x00000000dd780000)
  from space 5120K, 0% used [0x00000000dd780000,0x00000000dd780000,0x00000000ddc80000)
  to   space 10752K, 0% used [0x00000000e6400000,0x00000000e6400000,0x00000000e6e80000)
 ParOldGen       total 70144K, used 12681K [0x0000000080000000, 0x0000000084480000, 0x00000000d5580000)
  object space 70144K, 18% used [0x0000000080000000,0x0000000080c627a0,0x0000000084480000)
 Metaspace       used 20860K, capacity 21136K, committed 21296K, reserved 1069056K
  class space    used 2295K, capacity 2425K, committed 2432K, reserved 1048576K
}
Event: 26.781 GC heap before
{Heap before GC invocations=7 (full 1):
 PSYoungGen      total 138240K, used 133120K [0x00000000d5580000, 0x00000000e6e80000, 0x0000000100000000)
  eden space 133120K, 100% used [0x00000000d5580000,0x00000000dd780000,0x00000000dd780000)
  from space 5120K, 0% used [0x00000000dd780000,0x00000000dd780000,0x00000000ddc80000)
  to   space 10752K, 0% used [0x00000000e6400000,0x00000000e6400000,0x00000000e6e80000)
 ParOldGen       total 70144K, used 12681K [0x0000000080000000, 0x0000000084480000, 0x00000000d5580000)
  object space 70144K, 18% used [0x0000000080000000,0x0000000080c627a0,0x0000000084480000)
 Metaspace       used 22439K, capacity 22778K, committed 23088K, reserved 1069056K
  class space    used 2450K, capacity 2581K, committed 2688K, reserved 1048576K
Event: 26.832 GC heap after
Heap after GC invocations=7 (full 1):
 PSYoungGen      total 189952K, used 3349K [0x00000000d5580000, 0x00000000e6780000, 0x0000000100000000)
  eden space 186368K, 0% used [0x00000000d5580000,0x00000000d5580000,0x00000000e0b80000)
  from space 3584K, 93% used [0x00000000e6400000,0x00000000e6745790,0x00000000e6780000)
  to   space 10752K, 0% used [0x00000000e5280000,0x00000000e5280000,0x00000000e5d00000)
 ParOldGen       total 70144K, used 12681K [0x0000000080000000, 0x0000000084480000, 0x00000000d5580000)
  object space 70144K, 18% used [0x0000000080000000,0x0000000080c627a0,0x0000000084480000)
 Metaspace       used 22439K, capacity 22778K, committed 23088K, reserved 1069056K
  class space    used 2450K, capacity 2581K, committed 2688K, reserved 1048576K
}
Event: 32.667 GC heap before
{Heap before GC invocations=8 (full 1):
 PSYoungGen      total 189952K, used 189717K [0x00000000d5580000, 0x00000000e6780000, 0x0000000100000000)
  eden space 186368K, 100% used [0x00000000d5580000,0x00000000e0b80000,0x00000000e0b80000)
  from space 3584K, 93% used [0x00000000e6400000,0x00000000e6745790,0x00000000e6780000)
  to   space 10752K, 0% used [0x00000000e5280000,0x00000000e5280000,0x00000000e5d00000)
 ParOldGen       total 70144K, used 12681K [0x0000000080000000, 0x0000000084480000, 0x00000000d5580000)
  object space 70144K, 18% used [0x0000000080000000,0x0000000080c627a0,0x0000000084480000)
 Metaspace       used 24581K, capacity 25016K, committed 25216K, reserved 1071104K
  class space    used 2767K, capacity 2902K, committed 2944K, reserved 1048576K
Event: 32.682 GC heap after
Heap after GC invocations=8 (full 1):
 PSYoungGen      total 260608K, used 9359K [0x00000000d5580000, 0x00000000e6480000, 0x0000000100000000)
  eden space 250880K, 0% used [0x00000000d5580000,0x00000000d5580000,0x00000000e4a80000)
  from space 9728K, 96% used [0x00000000e5280000,0x00000000e5ba3d90,0x00000000e5c00000)
  to   space 8704K, 0% used [0x00000000e5c00000,0x00000000e5c00000,0x00000000e6480000)
 ParOldGen       total 70144K, used 12689K [0x0000000080000000, 0x0000000084480000, 0x00000000d5580000)
  object space 70144K, 18% used [0x0000000080000000,0x0000000080c647a0,0x0000000084480000)
 Metaspace       used 24581K, capacity 25016K, committed 25216K, reserved 1071104K
  class space    used 2767K, capacity 2902K, committed 2944K, reserved 1048576K
}

