# JRE version: OpenJDK Runtime Environment (Zulu 8.52.0.23-CA-win64) (8.0_282-b08) (build 1.8.0_282-b08)
# Java VM: OpenJDK 64-Bit Server VM (25.282-b08 mixed mode windows-amd64 compressed oops)
Heap:
 PSYoungGen      total 265728K, used 99153K [0x00000000d5580000, 0x00000000e7700000, 0x0000000100000000)
  eden space 256000K, 34% used [0x00000000d5580000,0x00000000dacd4d30,0x00000000e4f80000)
  from space 9728K, 99% used [0x00000000e4f80000,0x00000000e58ff8a8,0x00000000e5900000)
  to   space 11264K, 0% used [0x00000000e6c00000,0x00000000e6c00000,0x00000000e7700000)
 ParOldGen       total 58368K, used 9686K [0x0000000080000000, 0x0000000083900000, 0x00000000d5580000)
  object space 58368K, 16% used [0x0000000080000000,0x0000000080975830,0x0000000083900000)
 Metaspace       used 30646K, capacity 31550K, committed 31872K, reserved 1077248K
  class space    used 3634K, capacity 3888K, committed 3968K, reserved 1048576K
GC Heap History (10 events):
Event: 4.157 GC heap before
{Heap before GC invocations=6 (full 0):
 PSYoungGen      total 71680K, used 71663K [0x00000000d5580000, 0x00000000de780000, 0x0000000100000000)
  eden space 66560K, 100% used [0x00000000d5580000,0x00000000d9680000,0x00000000d9680000)
  from space 5120K, 99% used [0x00000000d9680000,0x00000000d9b7bf38,0x00000000d9b80000)
  to   space 8192K, 0% used [0x00000000ddf80000,0x00000000ddf80000,0x00000000de780000)
 ParOldGen       total 87552K, used 3634K [0x0000000080000000, 0x0000000085580000, 0x00000000d5580000)
  object space 87552K, 4% used [0x0000000080000000,0x000000008038c978,0x0000000085580000)
 Metaspace       used 19967K, capacity 20248K, committed 20608K, reserved 1067008K
  class space    used 2209K, capacity 2321K, committed 2432K, reserved 1048576K
Event: 4.172 GC heap after
Heap after GC invocations=6 (full 0):
 PSYoungGen      total 139776K, used 8189K [0x00000000d5580000, 0x00000000dea80000, 0x0000000100000000)
  eden space 131584K, 0% used [0x00000000d5580000,0x00000000d5580000,0x00000000dd600000)
  from space 8192K, 99% used [0x00000000ddf80000,0x00000000de77f4a8,0x00000000de780000)
  to   space 9728K, 0% used [0x00000000dd600000,0x00000000dd600000,0x00000000ddf80000)
 ParOldGen       total 87552K, used 3864K [0x0000000080000000, 0x0000000085580000, 0x00000000d5580000)
  object space 87552K, 4% used [0x0000000080000000,0x00000000803c6340,0x0000000085580000)
 Metaspace       used 19967K, capacity 20248K, committed 20608K, reserved 1067008K
  class space    used 2209K, capacity 2321K, committed 2432K, reserved 1048576K
}
Event: 4.455 GC heap before
{Heap before GC invocations=7 (full 0):
 PSYoungGen      total 139776K, used 18878K [0x00000000d5580000, 0x00000000dea80000, 0x0000000100000000)
  eden space 131584K, 8% used [0x00000000d5580000,0x00000000d5ff0518,0x00000000dd600000)
  from space 8192K, 99% used [0x00000000ddf80000,0x00000000de77f4a8,0x00000000de780000)
  to   space 9728K, 0% used [0x00000000dd600000,0x00000000dd600000,0x00000000ddf80000)
 ParOldGen       total 87552K, used 3864K [0x0000000080000000, 0x0000000085580000, 0x00000000d5580000)
  object space 87552K, 4% used [0x0000000080000000,0x00000000803c6340,0x0000000085580000)
 Metaspace       used 20811K, capacity 21072K, committed 21296K, reserved 1069056K
  class space    used 2313K, capacity 2424K, committed 2432K, reserved 1048576K
Event: 4.468 GC heap after
Heap after GC invocations=7 (full 0):
 PSYoungGen      total 141312K, used 4389K [0x00000000d5580000, 0x00000000e6880000, 0x0000000100000000)
  eden space 131584K, 0% used [0x00000000d5580000,0x00000000d5580000,0x00000000dd600000)
  from space 9728K, 45% used [0x00000000dd600000,0x00000000dda49710,0x00000000ddf80000)
  to   space 9216K, 0% used [0x00000000e5f80000,0x00000000e5f80000,0x00000000e6880000)
 ParOldGen       total 87552K, used 6907K [0x0000000080000000, 0x0000000085580000, 0x00000000d5580000)
  object space 87552K, 7% used [0x0000000080000000,0x00000000806befd8,0x0000000085580000)
 Metaspace       used 20811K, capacity 21072K, committed 21296K, reserved 1069056K
  class space    used 2313K, capacity 2424K, committed 2432K, reserved 1048576K
}
Event: 4.468 GC heap before
{Heap before GC invocations=8 (full 1):
 PSYoungGen      total 141312K, used 4389K [0x00000000d5580000, 0x00000000e6880000, 0x0000000100000000)
  eden space 131584K, 0% used [0x00000000d5580000,0x00000000d5580000,0x00000000dd600000)
  from space 9728K, 45% used [0x00000000dd600000,0x00000000dda49710,0x00000000ddf80000)
  to   space 9216K, 0% used [0x00000000e5f80000,0x00000000e5f80000,0x00000000e6880000)
 ParOldGen       total 87552K, used 6907K [0x0000000080000000, 0x0000000085580000, 0x00000000d5580000)
  object space 87552K, 7% used [0x0000000080000000,0x00000000806befd8,0x0000000085580000)
 Metaspace       used 20811K, capacity 21072K, committed 21296K, reserved 1069056K
  class space    used 2313K, capacity 2424K, committed 2432K, reserved 1048576K
Event: 4.531 GC heap after
Heap after GC invocations=8 (full 1):
 PSYoungGen      total 141312K, used 0K [0x00000000d5580000, 0x00000000e6880000, 0x0000000100000000)
  eden space 131584K, 0% used [0x00000000d5580000,0x00000000d5580000,0x00000000dd600000)
  from space 9728K, 0% used [0x00000000dd600000,0x00000000dd600000,0x00000000ddf80000)
  to   space 9216K, 0% used [0x00000000e5f80000,0x00000000e5f80000,0x00000000e6880000)
 ParOldGen       total 58368K, used 8855K [0x0000000080000000, 0x0000000083900000, 0x00000000d5580000)
  object space 58368K, 15% used [0x0000000080000000,0x00000000808a5ea8,0x0000000083900000)
 Metaspace       used 20811K, capacity 21072K, committed 21296K, reserved 1069056K
  class space    used 2313K, capacity 2424K, committed 2432K, reserved 1048576K
}
Event: 5.618 GC heap before
{Heap before GC invocations=9 (full 1):
 PSYoungGen      total 141312K, used 131584K [0x00000000d5580000, 0x00000000e6880000, 0x0000000100000000)
  eden space 131584K, 100% used [0x00000000d5580000,0x00000000dd600000,0x00000000dd600000)
  from space 9728K, 0% used [0x00000000dd600000,0x00000000dd600000,0x00000000ddf80000)
  to   space 9216K, 0% used [0x00000000e5f80000,0x00000000e5f80000,0x00000000e6880000)
 ParOldGen       total 58368K, used 8855K [0x0000000080000000, 0x0000000083900000, 0x00000000d5580000)
  object space 58368K, 15% used [0x0000000080000000,0x00000000808a5ea8,0x0000000083900000)
 Metaspace       used 22096K, capacity 22456K, committed 22704K, reserved 1069056K
  class space    used 2419K, capacity 2541K, committed 2560K, reserved 1048576K
Event: 5.626 GC heap after
Heap after GC invocations=9 (full 1):
 PSYoungGen      total 209408K, used 2789K [0x00000000d5580000, 0x00000000e6280000, 0x0000000100000000)
  eden space 206336K, 0% used [0x00000000d5580000,0x00000000d5580000,0x00000000e1f00000)
  from space 3072K, 90% used [0x00000000e5f80000,0x00000000e62397d8,0x00000000e6280000)
  to   space 9728K, 0% used [0x00000000e4f80000,0x00000000e4f80000,0x00000000e5900000)
 ParOldGen       total 58368K, used 8863K [0x0000000080000000, 0x0000000083900000, 0x00000000d5580000)
  object space 58368K, 15% used [0x0000000080000000,0x00000000808a7ea8,0x0000000083900000)
 Metaspace       used 22096K, capacity 22456K, committed 22704K, reserved 1069056K
  class space    used 2419K, capacity 2541K, committed 2560K, reserved 1048576K
}
Event: 7.513 GC heap before
{Heap before GC invocations=10 (full 1):
 PSYoungGen      total 209408K, used 209125K [0x00000000d5580000, 0x00000000e6280000, 0x0000000100000000)
  eden space 206336K, 100% used [0x00000000d5580000,0x00000000e1f00000,0x00000000e1f00000)
  from space 3072K, 90% used [0x00000000e5f80000,0x00000000e62397d8,0x00000000e6280000)
  to   space 9728K, 0% used [0x00000000e4f80000,0x00000000e4f80000,0x00000000e5900000)
 ParOldGen       total 58368K, used 8863K [0x0000000080000000, 0x0000000083900000, 0x00000000d5580000)
  object space 58368K, 15% used [0x0000000080000000,0x00000000808a7ea8,0x0000000083900000)
 Metaspace       used 25305K, capacity 25638K, committed 25856K, reserved 1073152K
  class space    used 2889K, capacity 3026K, committed 3072K, reserved 1048576K
Event: 7.535 GC heap after
Heap after GC invocations=10 (full 1):
 PSYoungGen      total 265728K, used 9726K [0x00000000d5580000, 0x00000000e7700000, 0x0000000100000000)
  eden space 256000K, 0% used [0x00000000d5580000,0x00000000d5580000,0x00000000e4f80000)
  from space 9728K, 99% used [0x00000000e4f80000,0x00000000e58ff8a8,0x00000000e5900000)
  to   space 11264K, 0% used [0x00000000e6c00000,0x00000000e6c00000,0x00000000e7700000)
 ParOldGen       total 58368K, used 9686K [0x0000000080000000, 0x0000000083900000, 0x00000000d5580000)
  object space 58368K, 16% used [0x0000000080000000,0x0000000080975830,0x0000000083900000)
 Metaspace       used 25305K, capacity 25638K, committed 25856K, reserved 1073152K
  class space    used 2889K, capacity 3026K, committed 3072K, reserved 1048576K
}

