# JRE version: OpenJDK Runtime Environment (Zulu 8.52.0.23-CA-win64) (8.0_282-b08) (build 1.8.0_282-b08)
# Java VM: OpenJDK 64-Bit Server VM (25.282-b08 mixed mode windows-amd64 compressed oops)
Heap:
 PSYoungGen      total 270336K, used 108549K [0x00000000d5580000, 0x00000000eaf80000, 0x0000000100000000)
  eden space 260608K, 37% used [0x00000000d5580000,0x00000000db607aa8,0x00000000e5400000)
  from space 9728K, 99% used [0x00000000e5400000,0x00000000e5d79d38,0x00000000e5d80000)
  to   space 11264K, 0% used [0x00000000ea480000,0x00000000ea480000,0x00000000eaf80000)
 ParOldGen       total 52736K, used 8441K [0x0000000080000000, 0x0000000083380000, 0x00000000d5580000)
  object space 52736K, 16% used [0x0000000080000000,0x000000008083e460,0x0000000083380000)
 Metaspace       used 30902K, capacity 31798K, committed 31872K, reserved 1077248K
  class space    used 3662K, capacity 3924K, committed 3968K, reserved 1048576K
GC Heap History (10 events):
Event: 3.697 GC heap before
{Heap before GC invocations=6 (full 0):
 PSYoungGen      total 71680K, used 71677K [0x00000000d5580000, 0x00000000de780000, 0x0000000100000000)
  eden space 66560K, 100% used [0x00000000d5580000,0x00000000d9680000,0x00000000d9680000)
  from space 5120K, 99% used [0x00000000d9680000,0x00000000d9b7f7b8,0x00000000d9b80000)
  to   space 8192K, 0% used [0x00000000ddf80000,0x00000000ddf80000,0x00000000de780000)
 ParOldGen       total 87552K, used 3439K [0x0000000080000000, 0x0000000085580000, 0x00000000d5580000)
  object space 87552K, 3% used [0x0000000080000000,0x000000008035bd30,0x0000000085580000)
 Metaspace       used 20444K, capacity 20778K, committed 21120K, reserved 1069056K
  class space    used 2261K, capacity 2389K, committed 2432K, reserved 1048576K
Event: 3.711 GC heap after
Heap after GC invocations=6 (full 0):
 PSYoungGen      total 139776K, used 8179K [0x00000000d5580000, 0x00000000dea80000, 0x0000000100000000)
  eden space 131584K, 0% used [0x00000000d5580000,0x00000000d5580000,0x00000000dd600000)
  from space 8192K, 99% used [0x00000000ddf80000,0x00000000de77cf48,0x00000000de780000)
  to   space 9728K, 0% used [0x00000000dd600000,0x00000000dd600000,0x00000000ddf80000)
 ParOldGen       total 87552K, used 4115K [0x0000000080000000, 0x0000000085580000, 0x00000000d5580000)
  object space 87552K, 4% used [0x0000000080000000,0x0000000080404fb8,0x0000000085580000)
 Metaspace       used 20444K, capacity 20778K, committed 21120K, reserved 1069056K
  class space    used 2261K, capacity 2389K, committed 2432K, reserved 1048576K
}
Event: 3.774 GC heap before
{Heap before GC invocations=7 (full 0):
 PSYoungGen      total 139776K, used 13413K [0x00000000d5580000, 0x00000000dea80000, 0x0000000100000000)
  eden space 131584K, 3% used [0x00000000d5580000,0x00000000d5a9c4d8,0x00000000dd600000)
  from space 8192K, 99% used [0x00000000ddf80000,0x00000000de77cf48,0x00000000de780000)
  to   space 9728K, 0% used [0x00000000dd600000,0x00000000dd600000,0x00000000ddf80000)
 ParOldGen       total 87552K, used 4115K [0x0000000080000000, 0x0000000085580000, 0x00000000d5580000)
  object space 87552K, 4% used [0x0000000080000000,0x0000000080404fb8,0x0000000085580000)
 Metaspace       used 20825K, capacity 21072K, committed 21296K, reserved 1069056K
  class space    used 2312K, capacity 2424K, committed 2432K, reserved 1048576K
Event: 3.787 GC heap after
Heap after GC invocations=7 (full 0):
 PSYoungGen      total 141312K, used 3844K [0x00000000d5580000, 0x00000000e6980000, 0x0000000100000000)
  eden space 131584K, 0% used [0x00000000d5580000,0x00000000d5580000,0x00000000dd600000)
  from space 9728K, 39% used [0x00000000dd600000,0x00000000dd9c1350,0x00000000ddf80000)
  to   space 9728K, 0% used [0x00000000e6000000,0x00000000e6000000,0x00000000e6980000)
 ParOldGen       total 87552K, used 7405K [0x0000000080000000, 0x0000000085580000, 0x00000000d5580000)
  object space 87552K, 8% used [0x0000000080000000,0x000000008073b500,0x0000000085580000)
 Metaspace       used 20825K, capacity 21072K, committed 21296K, reserved 1069056K
  class space    used 2312K, capacity 2424K, committed 2432K, reserved 1048576K
}
Event: 3.787 GC heap before
{Heap before GC invocations=8 (full 1):
 PSYoungGen      total 141312K, used 3844K [0x00000000d5580000, 0x00000000e6980000, 0x0000000100000000)
  eden space 131584K, 0% used [0x00000000d5580000,0x00000000d5580000,0x00000000dd600000)
  from space 9728K, 39% used [0x00000000dd600000,0x00000000dd9c1350,0x00000000ddf80000)
  to   space 9728K, 0% used [0x00000000e6000000,0x00000000e6000000,0x00000000e6980000)
 ParOldGen       total 87552K, used 7405K [0x0000000080000000, 0x0000000085580000, 0x00000000d5580000)
  object space 87552K, 8% used [0x0000000080000000,0x000000008073b500,0x0000000085580000)
 Metaspace       used 20825K, capacity 21072K, committed 21296K, reserved 1069056K
  class space    used 2312K, capacity 2424K, committed 2432K, reserved 1048576K
Event: 3.847 GC heap after
Heap after GC invocations=8 (full 1):
 PSYoungGen      total 141312K, used 0K [0x00000000d5580000, 0x00000000e6980000, 0x0000000100000000)
  eden space 131584K, 0% used [0x00000000d5580000,0x00000000d5580000,0x00000000dd600000)
  from space 9728K, 0% used [0x00000000dd600000,0x00000000dd600000,0x00000000ddf80000)
  to   space 9728K, 0% used [0x00000000e6000000,0x00000000e6000000,0x00000000e6980000)
 ParOldGen       total 52736K, used 8371K [0x0000000080000000, 0x0000000083380000, 0x00000000d5580000)
  object space 52736K, 15% used [0x0000000080000000,0x000000008082cdd8,0x0000000083380000)
 Metaspace       used 20825K, capacity 21072K, committed 21296K, reserved 1069056K
  class space    used 2312K, capacity 2424K, committed 2432K, reserved 1048576K
}
Event: 4.827 GC heap before
{Heap before GC invocations=9 (full 1):
 PSYoungGen      total 141312K, used 131584K [0x00000000d5580000, 0x00000000e6980000, 0x0000000100000000)
  eden space 131584K, 100% used [0x00000000d5580000,0x00000000dd600000,0x00000000dd600000)
  from space 9728K, 0% used [0x00000000dd600000,0x00000000dd600000,0x00000000ddf80000)
  to   space 9728K, 0% used [0x00000000e6000000,0x00000000e6000000,0x00000000e6980000)
 ParOldGen       total 52736K, used 8371K [0x0000000080000000, 0x0000000083380000, 0x00000000d5580000)
  object space 52736K, 15% used [0x0000000080000000,0x000000008082cdd8,0x0000000083380000)
 Metaspace       used 22490K, capacity 22840K, committed 23088K, reserved 1069056K
  class space    used 2473K, capacity 2581K, committed 2688K, reserved 1048576K
Event: 4.855 GC heap after
Heap after GC invocations=9 (full 1):
 PSYoungGen      total 238592K, used 7014K [0x00000000d5580000, 0x00000000e6700000, 0x0000000100000000)
  eden space 231424K, 0% used [0x00000000d5580000,0x00000000d5580000,0x00000000e3780000)
  from space 7168K, 97% used [0x00000000e6000000,0x00000000e66d9980,0x00000000e6700000)
  to   space 9728K, 0% used [0x00000000e5400000,0x00000000e5400000,0x00000000e5d80000)
 ParOldGen       total 52736K, used 8371K [0x0000000080000000, 0x0000000083380000, 0x00000000d5580000)
  object space 52736K, 15% used [0x0000000080000000,0x000000008082cdd8,0x0000000083380000)
 Metaspace       used 22490K, capacity 22840K, committed 23088K, reserved 1069056K
  class space    used 2473K, capacity 2581K, committed 2688K, reserved 1048576K
}
Event: 6.531 GC heap before
{Heap before GC invocations=10 (full 1):
 PSYoungGen      total 238592K, used 238438K [0x00000000d5580000, 0x00000000e6700000, 0x0000000100000000)
  eden space 231424K, 100% used [0x00000000d5580000,0x00000000e3780000,0x00000000e3780000)
  from space 7168K, 97% used [0x00000000e6000000,0x00000000e66d9980,0x00000000e6700000)
  to   space 9728K, 0% used [0x00000000e5400000,0x00000000e5400000,0x00000000e5d80000)
 ParOldGen       total 52736K, used 8371K [0x0000000080000000, 0x0000000083380000, 0x00000000d5580000)
  object space 52736K, 15% used [0x0000000080000000,0x000000008082cdd8,0x0000000083380000)
 Metaspace       used 24734K, capacity 25114K, committed 25216K, reserved 1071104K
  class space    used 2805K, capacity 2934K, committed 2944K, reserved 1048576K
Event: 6.551 GC heap after
Heap after GC invocations=10 (full 1):
 PSYoungGen      total 270336K, used 9703K [0x00000000d5580000, 0x00000000eaf80000, 0x0000000100000000)
  eden space 260608K, 0% used [0x00000000d5580000,0x00000000d5580000,0x00000000e5400000)
  from space 9728K, 99% used [0x00000000e5400000,0x00000000e5d79d38,0x00000000e5d80000)
  to   space 11264K, 0% used [0x00000000ea480000,0x00000000ea480000,0x00000000eaf80000)
 ParOldGen       total 52736K, used 8441K [0x0000000080000000, 0x0000000083380000, 0x00000000d5580000)
  object space 52736K, 16% used [0x0000000080000000,0x000000008083e460,0x0000000083380000)
 Metaspace       used 24734K, capacity 25114K, committed 25216K, reserved 1071104K
  class space    used 2805K, capacity 2934K, committed 2944K, reserved 1048576K
}

