# JRE version: OpenJDK Runtime Environment (Zulu 8.52.0.23-CA-win64) (8.0_282-b08) (build 1.8.0_282-b08)
# Java VM: OpenJDK 64-Bit Server VM (25.282-b08 mixed mode windows-amd64 compressed oops)
Heap:
 PSYoungGen      total 266240K, used 138040K [0x00000000d5580000, 0x00000000ed680000, 0x0000000100000000)
  eden space 256512K, 50% used [0x00000000d5580000,0x00000000dd504ba8,0x00000000e5000000)
  from space 9728K, 76% used [0x00000000e5000000,0x00000000e5749648,0x00000000e5980000)
  to   space 10240K, 0% used [0x00000000ecc80000,0x00000000ecc80000,0x00000000ed680000)
 ParOldGen       total 48640K, used 8379K [0x0000000080000000, 0x0000000082f80000, 0x00000000d5580000)
  object space 48640K, 17% used [0x0000000080000000,0x000000008082eca0,0x0000000082f80000)
 Metaspace       used 30088K, capacity 30952K, committed 31232K, reserved 1077248K
  class space    used 3564K, capacity 3801K, committed 3840K, reserved 1048576K
GC Heap History (10 events):
Event: 8.621 GC heap before
{Heap before GC invocations=6 (full 0):
 PSYoungGen      total 71680K, used 71650K [0x00000000d5580000, 0x00000000de780000, 0x0000000100000000)
  eden space 66560K, 100% used [0x00000000d5580000,0x00000000d9680000,0x00000000d9680000)
  from space 5120K, 99% used [0x00000000d9680000,0x00000000d9b78858,0x00000000d9b80000)
  to   space 8192K, 0% used [0x00000000ddf80000,0x00000000ddf80000,0x00000000de780000)
 ParOldGen       total 87552K, used 3528K [0x0000000080000000, 0x0000000085580000, 0x00000000d5580000)
  object space 87552K, 4% used [0x0000000080000000,0x0000000080372248,0x0000000085580000)
 Metaspace       used 20450K, capacity 20778K, committed 21120K, reserved 1069056K
  class space    used 2266K, capacity 2389K, committed 2432K, reserved 1048576K
Event: 8.637 GC heap after
Heap after GC invocations=6 (full 0):
 PSYoungGen      total 139776K, used 8188K [0x00000000d5580000, 0x00000000dea80000, 0x0000000100000000)
  eden space 131584K, 0% used [0x00000000d5580000,0x00000000d5580000,0x00000000dd600000)
  from space 8192K, 99% used [0x00000000ddf80000,0x00000000de77f090,0x00000000de780000)
  to   space 9728K, 0% used [0x00000000dd600000,0x00000000dd600000,0x00000000ddf80000)
 ParOldGen       total 87552K, used 4136K [0x0000000080000000, 0x0000000085580000, 0x00000000d5580000)
  object space 87552K, 4% used [0x0000000080000000,0x000000008040a2b8,0x0000000085580000)
 Metaspace       used 20450K, capacity 20778K, committed 21120K, reserved 1069056K
  class space    used 2266K, capacity 2389K, committed 2432K, reserved 1048576K
}
Event: 8.715 GC heap before
{Heap before GC invocations=7 (full 0):
 PSYoungGen      total 139776K, used 13433K [0x00000000d5580000, 0x00000000dea80000, 0x0000000100000000)
  eden space 131584K, 3% used [0x00000000d5580000,0x00000000d5a9f750,0x00000000dd600000)
  from space 8192K, 99% used [0x00000000ddf80000,0x00000000de77f090,0x00000000de780000)
  to   space 9728K, 0% used [0x00000000dd600000,0x00000000dd600000,0x00000000ddf80000)
 ParOldGen       total 87552K, used 4136K [0x0000000080000000, 0x0000000085580000, 0x00000000d5580000)
  object space 87552K, 4% used [0x0000000080000000,0x000000008040a2b8,0x0000000085580000)
 Metaspace       used 20826K, capacity 21072K, committed 21296K, reserved 1069056K
  class space    used 2315K, capacity 2424K, committed 2432K, reserved 1048576K
Event: 8.737 GC heap after
Heap after GC invocations=7 (full 0):
 PSYoungGen      total 141312K, used 3865K [0x00000000d5580000, 0x00000000e6980000, 0x0000000100000000)
  eden space 131584K, 0% used [0x00000000d5580000,0x00000000d5580000,0x00000000dd600000)
  from space 9728K, 39% used [0x00000000dd600000,0x00000000dd9c6400,0x00000000ddf80000)
  to   space 9728K, 0% used [0x00000000e6000000,0x00000000e6000000,0x00000000e6980000)
 ParOldGen       total 87552K, used 7335K [0x0000000080000000, 0x0000000085580000, 0x00000000d5580000)
  object space 87552K, 8% used [0x0000000080000000,0x0000000080729d98,0x0000000085580000)
 Metaspace       used 20826K, capacity 21072K, committed 21296K, reserved 1069056K
  class space    used 2315K, capacity 2424K, committed 2432K, reserved 1048576K
}
Event: 8.737 GC heap before
{Heap before GC invocations=8 (full 1):
 PSYoungGen      total 141312K, used 3865K [0x00000000d5580000, 0x00000000e6980000, 0x0000000100000000)
  eden space 131584K, 0% used [0x00000000d5580000,0x00000000d5580000,0x00000000dd600000)
  from space 9728K, 39% used [0x00000000dd600000,0x00000000dd9c6400,0x00000000ddf80000)
  to   space 9728K, 0% used [0x00000000e6000000,0x00000000e6000000,0x00000000e6980000)
 ParOldGen       total 87552K, used 7335K [0x0000000080000000, 0x0000000085580000, 0x00000000d5580000)
  object space 87552K, 8% used [0x0000000080000000,0x0000000080729d98,0x0000000085580000)
 Metaspace       used 20826K, capacity 21072K, committed 21296K, reserved 1069056K
  class space    used 2315K, capacity 2424K, committed 2432K, reserved 1048576K
Event: 8.800 GC heap after
Heap after GC invocations=8 (full 1):
 PSYoungGen      total 141312K, used 0K [0x00000000d5580000, 0x00000000e6980000, 0x0000000100000000)
  eden space 131584K, 0% used [0x00000000d5580000,0x00000000d5580000,0x00000000dd600000)
  from space 9728K, 0% used [0x00000000dd600000,0x00000000dd600000,0x00000000ddf80000)
  to   space 9728K, 0% used [0x00000000e6000000,0x00000000e6000000,0x00000000e6980000)
 ParOldGen       total 48640K, used 8371K [0x0000000080000000, 0x0000000082f80000, 0x00000000d5580000)
  object space 48640K, 17% used [0x0000000080000000,0x000000008082cca0,0x0000000082f80000)
 Metaspace       used 20826K, capacity 21072K, committed 21296K, reserved 1069056K
  class space    used 2315K, capacity 2424K, committed 2432K, reserved 1048576K
}
Event: 9.712 GC heap before
{Heap before GC invocations=9 (full 1):
 PSYoungGen      total 141312K, used 131584K [0x00000000d5580000, 0x00000000e6980000, 0x0000000100000000)
  eden space 131584K, 100% used [0x00000000d5580000,0x00000000dd600000,0x00000000dd600000)
  from space 9728K, 0% used [0x00000000dd600000,0x00000000dd600000,0x00000000ddf80000)
  to   space 9728K, 0% used [0x00000000e6000000,0x00000000e6000000,0x00000000e6980000)
 ParOldGen       total 48640K, used 8371K [0x0000000080000000, 0x0000000082f80000, 0x00000000d5580000)
  object space 48640K, 17% used [0x0000000080000000,0x000000008082cca0,0x0000000082f80000)
 Metaspace       used 22073K, capacity 22392K, committed 22704K, reserved 1069056K
  class space    used 2418K, capacity 2541K, committed 2560K, reserved 1048576K
Event: 9.719 GC heap after
Heap after GC invocations=9 (full 1):
 PSYoungGen      total 250368K, used 2725K [0x00000000d5580000, 0x00000000e6300000, 0x0000000100000000)
  eden space 247296K, 0% used [0x00000000d5580000,0x00000000d5580000,0x00000000e4700000)
  from space 3072K, 88% used [0x00000000e6000000,0x00000000e62a97d8,0x00000000e6300000)
  to   space 9728K, 0% used [0x00000000e5000000,0x00000000e5000000,0x00000000e5980000)
 ParOldGen       total 48640K, used 8371K [0x0000000080000000, 0x0000000082f80000, 0x00000000d5580000)
  object space 48640K, 17% used [0x0000000080000000,0x000000008082cca0,0x0000000082f80000)
 Metaspace       used 22073K, capacity 22392K, committed 22704K, reserved 1069056K
  class space    used 2418K, capacity 2541K, committed 2560K, reserved 1048576K
}
Event: 11.393 GC heap before
{Heap before GC invocations=10 (full 1):
 PSYoungGen      total 250368K, used 250021K [0x00000000d5580000, 0x00000000e6300000, 0x0000000100000000)
  eden space 247296K, 100% used [0x00000000d5580000,0x00000000e4700000,0x00000000e4700000)
  from space 3072K, 88% used [0x00000000e6000000,0x00000000e62a97d8,0x00000000e6300000)
  to   space 9728K, 0% used [0x00000000e5000000,0x00000000e5000000,0x00000000e5980000)
 ParOldGen       total 48640K, used 8371K [0x0000000080000000, 0x0000000082f80000, 0x00000000d5580000)
  object space 48640K, 17% used [0x0000000080000000,0x000000008082cca0,0x0000000082f80000)
 Metaspace       used 22837K, capacity 23142K, committed 23424K, reserved 1071104K
  class space    used 2507K, capacity 2619K, committed 2688K, reserved 1048576K
Event: 11.409 GC heap after
Heap after GC invocations=10 (full 1):
 PSYoungGen      total 266240K, used 7461K [0x00000000d5580000, 0x00000000ed680000, 0x0000000100000000)
  eden space 256512K, 0% used [0x00000000d5580000,0x00000000d5580000,0x00000000e5000000)
  from space 9728K, 76% used [0x00000000e5000000,0x00000000e5749648,0x00000000e5980000)
  to   space 10240K, 0% used [0x00000000ecc80000,0x00000000ecc80000,0x00000000ed680000)
 ParOldGen       total 48640K, used 8379K [0x0000000080000000, 0x0000000082f80000, 0x00000000d5580000)
  object space 48640K, 17% used [0x0000000080000000,0x000000008082eca0,0x0000000082f80000)
 Metaspace       used 22837K, capacity 23142K, committed 23424K, reserved 1071104K
  class space    used 2507K, capacity 2619K, committed 2688K, reserved 1048576K
}

