# JRE version: OpenJDK Runtime Environment (Zulu 8.52.0.23-CA-win64) (8.0_282-b08) (build 1.8.0_282-b08)
# Java VM: OpenJDK 64-Bit Server VM (25.282-b08 mixed mode windows-amd64 compressed oops)
Heap:
 PSYoungGen      total 266752K, used 104575K [0x00000000d5580000, 0x00000000e6980000, 0x0000000100000000)
  eden space 257024K, 36% used [0x00000000d5580000,0x00000000db233d98,0x00000000e5080000)
  from space 9728K, 99% used [0x00000000e5080000,0x00000000e59ec118,0x00000000e5a00000)
  to   space 10752K, 0% used [0x00000000e5f00000,0x00000000e5f00000,0x00000000e6980000)
 ParOldGen       total 59904K, used 9033K [0x0000000080000000, 0x0000000083a80000, 0x00000000d5580000)
  object space 59904K, 15% used [0x0000000080000000,0x00000000808d2588,0x0000000083a80000)
 Metaspace       used 30739K, capacity 31760K, committed 31872K, reserved 1077248K
  class space    used 3639K, capacity 3918K, committed 3968K, reserved 1048576K
GC Heap History (10 events):
Event: 4.132 GC heap before
{Heap before GC invocations=6 (full 0):
 PSYoungGen      total 71680K, used 71679K [0x00000000d5580000, 0x00000000de780000, 0x0000000100000000)
  eden space 66560K, 100% used [0x00000000d5580000,0x00000000d9680000,0x00000000d9680000)
  from space 5120K, 99% used [0x00000000d9680000,0x00000000d9b7ffc8,0x00000000d9b80000)
  to   space 8192K, 0% used [0x00000000ddf80000,0x00000000ddf80000,0x00000000de780000)
 ParOldGen       total 87552K, used 3552K [0x0000000080000000, 0x0000000085580000, 0x00000000d5580000)
  object space 87552K, 4% used [0x0000000080000000,0x00000000803780e8,0x0000000085580000)
 Metaspace       used 20084K, capacity 20312K, committed 20608K, reserved 1067008K
  class space    used 2208K, capacity 2321K, committed 2432K, reserved 1048576K
Event: 4.145 GC heap after
Heap after GC invocations=6 (full 0):
 PSYoungGen      total 140288K, used 8183K [0x00000000d5580000, 0x00000000de980000, 0x0000000100000000)
  eden space 132096K, 0% used [0x00000000d5580000,0x00000000d5580000,0x00000000dd680000)
  from space 8192K, 99% used [0x00000000ddf80000,0x00000000de77dd00,0x00000000de780000)
  to   space 9216K, 0% used [0x00000000dd680000,0x00000000dd680000,0x00000000ddf80000)
 ParOldGen       total 87552K, used 3795K [0x0000000080000000, 0x0000000085580000, 0x00000000d5580000)
  object space 87552K, 4% used [0x0000000080000000,0x00000000803b4f88,0x0000000085580000)
 Metaspace       used 20084K, capacity 20312K, committed 20608K, reserved 1067008K
  class space    used 2208K, capacity 2321K, committed 2432K, reserved 1048576K
}
Event: 4.431 GC heap before
{Heap before GC invocations=7 (full 0):
 PSYoungGen      total 140288K, used 18876K [0x00000000d5580000, 0x00000000de980000, 0x0000000100000000)
  eden space 132096K, 8% used [0x00000000d5580000,0x00000000d5ff14e0,0x00000000dd680000)
  from space 8192K, 99% used [0x00000000ddf80000,0x00000000de77dd00,0x00000000de780000)
  to   space 9216K, 0% used [0x00000000dd680000,0x00000000dd680000,0x00000000ddf80000)
 ParOldGen       total 87552K, used 3795K [0x0000000080000000, 0x0000000085580000, 0x00000000d5580000)
  object space 87552K, 4% used [0x0000000080000000,0x00000000803b4f88,0x0000000085580000)
 Metaspace       used 20847K, capacity 21100K, committed 21296K, reserved 1069056K
  class space    used 2299K, capacity 2390K, committed 2432K, reserved 1048576K
Event: 4.445 GC heap after
Heap after GC invocations=7 (full 0):
 PSYoungGen      total 141312K, used 4354K [0x00000000d5580000, 0x00000000e6980000, 0x0000000100000000)
  eden space 132096K, 0% used [0x00000000d5580000,0x00000000d5580000,0x00000000dd680000)
  from space 9216K, 47% used [0x00000000dd680000,0x00000000ddac0bc0,0x00000000ddf80000)
  to   space 9216K, 0% used [0x00000000e6080000,0x00000000e6080000,0x00000000e6980000)
 ParOldGen       total 87552K, used 6924K [0x0000000080000000, 0x0000000085580000, 0x00000000d5580000)
  object space 87552K, 7% used [0x0000000080000000,0x00000000806c31d8,0x0000000085580000)
 Metaspace       used 20847K, capacity 21100K, committed 21296K, reserved 1069056K
  class space    used 2299K, capacity 2390K, committed 2432K, reserved 1048576K
}
Event: 4.445 GC heap before
{Heap before GC invocations=8 (full 1):
 PSYoungGen      total 141312K, used 4354K [0x00000000d5580000, 0x00000000e6980000, 0x0000000100000000)
  eden space 132096K, 0% used [0x00000000d5580000,0x00000000d5580000,0x00000000dd680000)
  from space 9216K, 47% used [0x00000000dd680000,0x00000000ddac0bc0,0x00000000ddf80000)
  to   space 9216K, 0% used [0x00000000e6080000,0x00000000e6080000,0x00000000e6980000)
 ParOldGen       total 87552K, used 6924K [0x0000000080000000, 0x0000000085580000, 0x00000000d5580000)
  object space 87552K, 7% used [0x0000000080000000,0x00000000806c31d8,0x0000000085580000)
 Metaspace       used 20847K, capacity 21100K, committed 21296K, reserved 1069056K
  class space    used 2299K, capacity 2390K, committed 2432K, reserved 1048576K
Event: 4.522 GC heap after
Heap after GC invocations=8 (full 1):
 PSYoungGen      total 141312K, used 0K [0x00000000d5580000, 0x00000000e6980000, 0x0000000100000000)
  eden space 132096K, 0% used [0x00000000d5580000,0x00000000d5580000,0x00000000dd680000)
  from space 9216K, 0% used [0x00000000dd680000,0x00000000dd680000,0x00000000ddf80000)
  to   space 9216K, 0% used [0x00000000e6080000,0x00000000e6080000,0x00000000e6980000)
 ParOldGen       total 59904K, used 9017K [0x0000000080000000, 0x0000000083a80000, 0x00000000d5580000)
  object space 59904K, 15% used [0x0000000080000000,0x00000000808ce588,0x0000000083a80000)
 Metaspace       used 20847K, capacity 21100K, committed 21296K, reserved 1069056K
  class space    used 2299K, capacity 2390K, committed 2432K, reserved 1048576K
}
Event: 5.594 GC heap before
{Heap before GC invocations=9 (full 1):
 PSYoungGen      total 141312K, used 132096K [0x00000000d5580000, 0x00000000e6980000, 0x0000000100000000)
  eden space 132096K, 100% used [0x00000000d5580000,0x00000000dd680000,0x00000000dd680000)
  from space 9216K, 0% used [0x00000000dd680000,0x00000000dd680000,0x00000000ddf80000)
  to   space 9216K, 0% used [0x00000000e6080000,0x00000000e6080000,0x00000000e6980000)
 ParOldGen       total 59904K, used 9017K [0x0000000080000000, 0x0000000083a80000, 0x00000000d5580000)
  object space 59904K, 15% used [0x0000000080000000,0x00000000808ce588,0x0000000083a80000)
 Metaspace       used 22137K, capacity 22456K, committed 22704K, reserved 1069056K
  class space    used 2419K, capacity 2541K, committed 2560K, reserved 1048576K
Event: 5.599 GC heap after
Heap after GC invocations=9 (full 1):
 PSYoungGen      total 203776K, used 2712K [0x00000000d5580000, 0x00000000e6380000, 0x0000000100000000)
  eden space 200704K, 0% used [0x00000000d5580000,0x00000000d5580000,0x00000000e1980000)
  from space 3072K, 88% used [0x00000000e6080000,0x00000000e6326350,0x00000000e6380000)
  to   space 9728K, 0% used [0x00000000e5080000,0x00000000e5080000,0x00000000e5a00000)
 ParOldGen       total 59904K, used 9025K [0x0000000080000000, 0x0000000083a80000, 0x00000000d5580000)
  object space 59904K, 15% used [0x0000000080000000,0x00000000808d0588,0x0000000083a80000)
 Metaspace       used 22137K, capacity 22456K, committed 22704K, reserved 1069056K
  class space    used 2419K, capacity 2541K, committed 2560K, reserved 1048576K
}
Event: 7.304 GC heap before
{Heap before GC invocations=10 (full 1):
 PSYoungGen      total 203776K, used 203416K [0x00000000d5580000, 0x00000000e6380000, 0x0000000100000000)
  eden space 200704K, 100% used [0x00000000d5580000,0x00000000e1980000,0x00000000e1980000)
  from space 3072K, 88% used [0x00000000e6080000,0x00000000e6326350,0x00000000e6380000)
  to   space 9728K, 0% used [0x00000000e5080000,0x00000000e5080000,0x00000000e5a00000)
 ParOldGen       total 59904K, used 9025K [0x0000000080000000, 0x0000000083a80000, 0x00000000d5580000)
  object space 59904K, 15% used [0x0000000080000000,0x00000000808d0588,0x0000000083a80000)
 Metaspace       used 24407K, capacity 24766K, committed 24960K, reserved 1071104K
  class space    used 2746K, capacity 2866K, committed 2944K, reserved 1048576K
Event: 7.325 GC heap after
Heap after GC invocations=10 (full 1):
 PSYoungGen      total 266752K, used 9648K [0x00000000d5580000, 0x00000000e6980000, 0x0000000100000000)
  eden space 257024K, 0% used [0x00000000d5580000,0x00000000d5580000,0x00000000e5080000)
  from space 9728K, 99% used [0x00000000e5080000,0x00000000e59ec118,0x00000000e5a00000)
  to   space 10752K, 0% used [0x00000000e5f00000,0x00000000e5f00000,0x00000000e6980000)
 ParOldGen       total 59904K, used 9033K [0x0000000080000000, 0x0000000083a80000, 0x00000000d5580000)
  object space 59904K, 15% used [0x0000000080000000,0x00000000808d2588,0x0000000083a80000)
 Metaspace       used 24407K, capacity 24766K, committed 24960K, reserved 1071104K
  class space    used 2746K, capacity 2866K, committed 2944K, reserved 1048576K
}

