# JRE version: OpenJDK Runtime Environment (Zulu 8.52.0.23-CA-win64) (8.0_282-b08) (build 1.8.0_282-b08)
# Java VM: OpenJDK 64-Bit Server VM (25.282-b08 mixed mode windows-amd64 compressed oops)
Heap:
 PSYoungGen      total 318464K, used 49270K [0x00000000d5580000, 0x00000000ecc80000, 0x0000000100000000)
  eden space 306176K, 16% used [0x00000000d5580000,0x00000000d859d880,0x00000000e8080000)
  from space 12288K, 0% used [0x00000000e8f80000,0x00000000e8f80000,0x00000000e9b80000)
  to   space 15360K, 0% used [0x00000000e8080000,0x00000000e8080000,0x00000000e8f80000)
 ParOldGen       total 89088K, used 24827K [0x0000000080000000, 0x0000000085700000, 0x00000000d5580000)
  object space 89088K, 27% used [0x0000000080000000,0x000000008183ec58,0x0000000085700000)
 Metaspace       used 36604K, capacity 37496K, committed 37672K, reserved 1083392K
  class space    used 4309K, capacity 4567K, committed 4648K, reserved 1048576K
GC Heap History (10 events):
Event: 4.347 GC heap before
{Heap before GC invocations=8 (full 1):
 PSYoungGen      total 141312K, used 4141K [0x00000000d5580000, 0x00000000e6980000, 0x0000000100000000)
  eden space 132096K, 0% used [0x00000000d5580000,0x00000000d5580000,0x00000000dd680000)
  from space 9216K, 44% used [0x00000000dd680000,0x00000000dda8b7d0,0x00000000ddf80000)
  to   space 9216K, 0% used [0x00000000e6080000,0x00000000e6080000,0x00000000e6980000)
 ParOldGen       total 87552K, used 7111K [0x0000000080000000, 0x0000000085580000, 0x00000000d5580000)
  object space 87552K, 8% used [0x0000000080000000,0x00000000806f1f98,0x0000000085580000)
 Metaspace       used 20824K, capacity 21072K, committed 21296K, reserved 1069056K
  class space    used 2313K, capacity 2424K, committed 2432K, reserved 1048576K
Event: 4.410 GC heap after
Heap after GC invocations=8 (full 1):
 PSYoungGen      total 141312K, used 0K [0x00000000d5580000, 0x00000000e6980000, 0x0000000100000000)
  eden space 132096K, 0% used [0x00000000d5580000,0x00000000d5580000,0x00000000dd680000)
  from space 9216K, 0% used [0x00000000dd680000,0x00000000dd680000,0x00000000ddf80000)
  to   space 9216K, 0% used [0x00000000e6080000,0x00000000e6080000,0x00000000e6980000)
 ParOldGen       total 54784K, used 8853K [0x0000000080000000, 0x0000000083580000, 0x00000000d5580000)
  object space 54784K, 16% used [0x0000000080000000,0x00000000808a5508,0x0000000083580000)
 Metaspace       used 20824K, capacity 21072K, committed 21296K, reserved 1069056K
  class space    used 2313K, capacity 2424K, committed 2432K, reserved 1048576K
}
Event: 5.556 GC heap before
{Heap before GC invocations=9 (full 1):
 PSYoungGen      total 141312K, used 132096K [0x00000000d5580000, 0x00000000e6980000, 0x0000000100000000)
  eden space 132096K, 100% used [0x00000000d5580000,0x00000000dd680000,0x00000000dd680000)
  from space 9216K, 0% used [0x00000000dd680000,0x00000000dd680000,0x00000000ddf80000)
  to   space 9216K, 0% used [0x00000000e6080000,0x00000000e6080000,0x00000000e6980000)
 ParOldGen       total 54784K, used 8853K [0x0000000080000000, 0x0000000083580000, 0x00000000d5580000)
  object space 54784K, 16% used [0x0000000080000000,0x00000000808a5508,0x0000000083580000)
 Metaspace       used 22104K, capacity 22456K, committed 22704K, reserved 1069056K
  class space    used 2419K, capacity 2541K, committed 2560K, reserved 1048576K
Event: 5.565 GC heap after
Heap after GC invocations=9 (full 1):
 PSYoungGen      total 224768K, used 2736K [0x00000000d5580000, 0x00000000e6380000, 0x0000000100000000)
  eden space 221696K, 0% used [0x00000000d5580000,0x00000000d5580000,0x00000000e2e00000)
  from space 3072K, 89% used [0x00000000e6080000,0x00000000e632c3c8,0x00000000e6380000)
  to   space 9728K, 0% used [0x00000000e5080000,0x00000000e5080000,0x00000000e5a00000)
 ParOldGen       total 54784K, used 8853K [0x0000000080000000, 0x0000000083580000, 0x00000000d5580000)
  object space 54784K, 16% used [0x0000000080000000,0x00000000808a5508,0x0000000083580000)
 Metaspace       used 22104K, capacity 22456K, committed 22704K, reserved 1069056K
  class space    used 2419K, capacity 2541K, committed 2560K, reserved 1048576K
}
Event: 8.889 GC heap before
{Heap before GC invocations=10 (full 1):
 PSYoungGen      total 224768K, used 224432K [0x00000000d5580000, 0x00000000e6380000, 0x0000000100000000)
  eden space 221696K, 100% used [0x00000000d5580000,0x00000000e2e00000,0x00000000e2e00000)
  from space 3072K, 89% used [0x00000000e6080000,0x00000000e632c3c8,0x00000000e6380000)
  to   space 9728K, 0% used [0x00000000e5080000,0x00000000e5080000,0x00000000e5a00000)
 ParOldGen       total 54784K, used 8853K [0x0000000080000000, 0x0000000083580000, 0x00000000d5580000)
  object space 54784K, 16% used [0x0000000080000000,0x00000000808a5508,0x0000000083580000)
 Metaspace       used 29735K, capacity 30142K, committed 30336K, reserved 1077248K
  class space    used 3295K, capacity 3454K, committed 3456K, reserved 1048576K
Event: 8.956 GC heap after
Heap after GC invocations=10 (full 1):
 PSYoungGen      total 266752K, used 9726K [0x00000000d5580000, 0x00000000e9b80000, 0x0000000100000000)
  eden space 257024K, 0% used [0x00000000d5580000,0x00000000d5580000,0x00000000e5080000)
  from space 9728K, 99% used [0x00000000e5080000,0x00000000e59ff8e0,0x00000000e5a00000)
  to   space 12288K, 0% used [0x00000000e8f80000,0x00000000e8f80000,0x00000000e9b80000)
 ParOldGen       total 54784K, used 12423K [0x0000000080000000, 0x0000000083580000, 0x00000000d5580000)
  object space 54784K, 22% used [0x0000000080000000,0x0000000080c21de8,0x0000000083580000)
 Metaspace       used 29735K, capacity 30142K, committed 30336K, reserved 1077248K
  class space    used 3295K, capacity 3454K, committed 3456K, reserved 1048576K
}
Event: 11.683 GC heap before
{Heap before GC invocations=11 (full 1):
 PSYoungGen      total 266752K, used 236909K [0x00000000d5580000, 0x00000000e9b80000, 0x0000000100000000)
  eden space 257024K, 88% used [0x00000000d5580000,0x00000000e335bd38,0x00000000e5080000)
  from space 9728K, 99% used [0x00000000e5080000,0x00000000e59ff8e0,0x00000000e5a00000)
  to   space 12288K, 0% used [0x00000000e8f80000,0x00000000e8f80000,0x00000000e9b80000)
 ParOldGen       total 54784K, used 12423K [0x0000000080000000, 0x0000000083580000, 0x00000000d5580000)
  object space 54784K, 22% used [0x0000000080000000,0x0000000080c21de8,0x0000000083580000)
 Metaspace       used 34687K, capacity 35464K, committed 35496K, reserved 1081344K
  class space    used 4038K, capacity 4256K, committed 4264K, reserved 1048576K
Event: 11.714 GC heap after
Heap after GC invocations=11 (full 1):
 PSYoungGen      total 318464K, used 12279K [0x00000000d5580000, 0x00000000ecc80000, 0x0000000100000000)
  eden space 306176K, 0% used [0x00000000d5580000,0x00000000d5580000,0x00000000e8080000)
  from space 12288K, 99% used [0x00000000e8f80000,0x00000000e9b7ddd0,0x00000000e9b80000)
  to   space 15360K, 0% used [0x00000000e8080000,0x00000000e8080000,0x00000000e8f80000)
 ParOldGen       total 54784K, used 15903K [0x0000000080000000, 0x0000000083580000, 0x00000000d5580000)
  object space 54784K, 29% used [0x0000000080000000,0x0000000080f87c88,0x0000000083580000)
 Metaspace       used 34687K, capacity 35464K, committed 35496K, reserved 1081344K
  class space    used 4038K, capacity 4256K, committed 4264K, reserved 1048576K
}
Event: 11.714 GC heap before
{Heap before GC invocations=12 (full 2):
 PSYoungGen      total 318464K, used 12279K [0x00000000d5580000, 0x00000000ecc80000, 0x0000000100000000)
  eden space 306176K, 0% used [0x00000000d5580000,0x00000000d5580000,0x00000000e8080000)
  from space 12288K, 99% used [0x00000000e8f80000,0x00000000e9b7ddd0,0x00000000e9b80000)
  to   space 15360K, 0% used [0x00000000e8080000,0x00000000e8080000,0x00000000e8f80000)
 ParOldGen       total 54784K, used 15903K [0x0000000080000000, 0x0000000083580000, 0x00000000d5580000)
  object space 54784K, 29% used [0x0000000080000000,0x0000000080f87c88,0x0000000083580000)
 Metaspace       used 34687K, capacity 35464K, committed 35496K, reserved 1081344K
  class space    used 4038K, capacity 4256K, committed 4264K, reserved 1048576K
Event: 11.829 GC heap after
Heap after GC invocations=12 (full 2):
 PSYoungGen      total 318464K, used 0K [0x00000000d5580000, 0x00000000ecc80000, 0x0000000100000000)
  eden space 306176K, 0% used [0x00000000d5580000,0x00000000d5580000,0x00000000e8080000)
  from space 12288K, 0% used [0x00000000e8f80000,0x00000000e8f80000,0x00000000e9b80000)
  to   space 15360K, 0% used [0x00000000e8080000,0x00000000e8080000,0x00000000e8f80000)
 ParOldGen       total 89088K, used 24827K [0x0000000080000000, 0x0000000085700000, 0x00000000d5580000)
  object space 89088K, 27% used [0x0000000080000000,0x000000008183ec58,0x0000000085700000)
 Metaspace       used 34687K, capacity 35464K, committed 35496K, reserved 1081344K
  class space    used 4038K, capacity 4256K, committed 4264K, reserved 1048576K
}

