# JRE version: OpenJDK Runtime Environment (Zulu 8.52.0.23-CA-win64) (8.0_282-b08) (build 1.8.0_282-b08)
# Java VM: OpenJDK 64-Bit Server VM (25.282-b08 mixed mode windows-amd64 compressed oops)
Heap:
 PSYoungGen      total 183808K, used 83198K [0x00000000d5580000, 0x00000000e1380000, 0x0000000100000000)
  eden space 175616K, 42% used [0x00000000d5580000,0x00000000d9f0b938,0x00000000e0100000)
  from space 8192K, 96% used [0x00000000e0980000,0x00000000e1134010,0x00000000e1180000)
  to   space 8704K, 0% used [0x00000000e0100000,0x00000000e0100000,0x00000000e0980000)
 ParOldGen       total 57344K, used 8855K [0x0000000080000000, 0x0000000083800000, 0x00000000d5580000)
  object space 57344K, 15% used [0x0000000080000000,0x00000000808a5e28,0x0000000083800000)
 Metaspace       used 29752K, capacity 30548K, committed 30720K, reserved 1077248K
  class space    used 3527K, capacity 3753K, committed 3840K, reserved 1048576K
GC Heap History (10 events):
Event: 4.570 GC heap before
{Heap before GC invocations=7 (full 0):
 PSYoungGen      total 72192K, used 72185K [0x00000000d5580000, 0x00000000da580000, 0x0000000100000000)
  eden space 65536K, 100% used [0x00000000d5580000,0x00000000d9580000,0x00000000d9580000)
  from space 6656K, 99% used [0x00000000d9d00000,0x00000000da37e7b8,0x00000000da380000)
  to   space 7680K, 0% used [0x00000000d9580000,0x00000000d9580000,0x00000000d9d00000)
 ParOldGen       total 87552K, used 2038K [0x0000000080000000, 0x0000000085580000, 0x00000000d5580000)
  object space 87552K, 2% used [0x0000000080000000,0x00000000801fdaf8,0x0000000085580000)
 Metaspace       used 20107K, capacity 20376K, committed 20608K, reserved 1067008K
  class space    used 2207K, capacity 2321K, committed 2432K, reserved 1048576K
Event: 4.586 GC heap after
Heap after GC invocations=7 (full 0):
 PSYoungGen      total 73216K, used 5922K [0x00000000d5580000, 0x00000000de480000, 0x0000000100000000)
  eden space 65536K, 0% used [0x00000000d5580000,0x00000000d5580000,0x00000000d9580000)
  from space 7680K, 77% used [0x00000000d9580000,0x00000000d9b48890,0x00000000d9d00000)
  to   space 7680K, 0% used [0x00000000ddd00000,0x00000000ddd00000,0x00000000de480000)
 ParOldGen       total 87552K, used 5360K [0x0000000080000000, 0x0000000085580000, 0x00000000d5580000)
  object space 87552K, 6% used [0x0000000080000000,0x000000008053c0b0,0x0000000085580000)
 Metaspace       used 20107K, capacity 20376K, committed 20608K, reserved 1067008K
  class space    used 2207K, capacity 2321K, committed 2432K, reserved 1048576K
}
Event: 4.850 GC heap before
{Heap before GC invocations=8 (full 0):
 PSYoungGen      total 73216K, used 16429K [0x00000000d5580000, 0x00000000de480000, 0x0000000100000000)
  eden space 65536K, 16% used [0x00000000d5580000,0x00000000d5fc2bb8,0x00000000d9580000)
  from space 7680K, 77% used [0x00000000d9580000,0x00000000d9b48890,0x00000000d9d00000)
  to   space 7680K, 0% used [0x00000000ddd00000,0x00000000ddd00000,0x00000000de480000)
 ParOldGen       total 87552K, used 5360K [0x0000000080000000, 0x0000000085580000, 0x00000000d5580000)
  object space 87552K, 6% used [0x0000000080000000,0x000000008053c0b0,0x0000000085580000)
 Metaspace       used 20857K, capacity 21100K, committed 21296K, reserved 1069056K
  class space    used 2297K, capacity 2390K, committed 2432K, reserved 1048576K
Event: 4.864 GC heap after
Heap after GC invocations=8 (full 0):
 PSYoungGen      total 138752K, used 4218K [0x00000000d5580000, 0x00000000de480000, 0x0000000100000000)
  eden space 131072K, 0% used [0x00000000d5580000,0x00000000d5580000,0x00000000dd580000)
  from space 7680K, 54% used [0x00000000ddd00000,0x00000000de11ea38,0x00000000de480000)
  to   space 7680K, 0% used [0x00000000dd580000,0x00000000dd580000,0x00000000ddd00000)
 ParOldGen       total 87552K, used 6028K [0x0000000080000000, 0x0000000085580000, 0x00000000d5580000)
  object space 87552K, 6% used [0x0000000080000000,0x00000000805e31b0,0x0000000085580000)
 Metaspace       used 20857K, capacity 21100K, committed 21296K, reserved 1069056K
  class space    used 2297K, capacity 2390K, committed 2432K, reserved 1048576K
}
Event: 4.864 GC heap before
{Heap before GC invocations=9 (full 1):
 PSYoungGen      total 138752K, used 4218K [0x00000000d5580000, 0x00000000de480000, 0x0000000100000000)
  eden space 131072K, 0% used [0x00000000d5580000,0x00000000d5580000,0x00000000dd580000)
  from space 7680K, 54% used [0x00000000ddd00000,0x00000000de11ea38,0x00000000de480000)
  to   space 7680K, 0% used [0x00000000dd580000,0x00000000dd580000,0x00000000ddd00000)
 ParOldGen       total 87552K, used 6028K [0x0000000080000000, 0x0000000085580000, 0x00000000d5580000)
  object space 87552K, 6% used [0x0000000080000000,0x00000000805e31b0,0x0000000085580000)
 Metaspace       used 20857K, capacity 21100K, committed 21296K, reserved 1069056K
  class space    used 2297K, capacity 2390K, committed 2432K, reserved 1048576K
Event: 4.939 GC heap after
Heap after GC invocations=9 (full 1):
 PSYoungGen      total 138752K, used 0K [0x00000000d5580000, 0x00000000de480000, 0x0000000100000000)
  eden space 131072K, 0% used [0x00000000d5580000,0x00000000d5580000,0x00000000dd580000)
  from space 7680K, 0% used [0x00000000ddd00000,0x00000000ddd00000,0x00000000de480000)
  to   space 7680K, 0% used [0x00000000dd580000,0x00000000dd580000,0x00000000ddd00000)
 ParOldGen       total 57344K, used 8847K [0x0000000080000000, 0x0000000083800000, 0x00000000d5580000)
  object space 57344K, 15% used [0x0000000080000000,0x00000000808a3e28,0x0000000083800000)
 Metaspace       used 20857K, capacity 21100K, committed 21296K, reserved 1069056K
  class space    used 2297K, capacity 2390K, committed 2432K, reserved 1048576K
}
Event: 5.924 GC heap before
{Heap before GC invocations=10 (full 1):
 PSYoungGen      total 138752K, used 131072K [0x00000000d5580000, 0x00000000de480000, 0x0000000100000000)
  eden space 131072K, 100% used [0x00000000d5580000,0x00000000dd580000,0x00000000dd580000)
  from space 7680K, 0% used [0x00000000ddd00000,0x00000000ddd00000,0x00000000de480000)
  to   space 7680K, 0% used [0x00000000dd580000,0x00000000dd580000,0x00000000ddd00000)
 ParOldGen       total 57344K, used 8847K [0x0000000080000000, 0x0000000083800000, 0x00000000d5580000)
  object space 57344K, 15% used [0x0000000080000000,0x00000000808a3e28,0x0000000083800000)
 Metaspace       used 22085K, capacity 22392K, committed 22704K, reserved 1069056K
  class space    used 2416K, capacity 2541K, committed 2560K, reserved 1048576K
Event: 5.929 GC heap after
Heap after GC invocations=10 (full 1):
 PSYoungGen      total 138752K, used 2592K [0x00000000d5580000, 0x00000000e1180000, 0x0000000100000000)
  eden space 131072K, 0% used [0x00000000d5580000,0x00000000d5580000,0x00000000dd580000)
  from space 7680K, 33% used [0x00000000dd580000,0x00000000dd8083b8,0x00000000ddd00000)
  to   space 8192K, 0% used [0x00000000e0980000,0x00000000e0980000,0x00000000e1180000)
 ParOldGen       total 57344K, used 8855K [0x0000000080000000, 0x0000000083800000, 0x00000000d5580000)
  object space 57344K, 15% used [0x0000000080000000,0x00000000808a5e28,0x0000000083800000)
 Metaspace       used 22085K, capacity 22392K, committed 22704K, reserved 1069056K
  class space    used 2416K, capacity 2541K, committed 2560K, reserved 1048576K
}
Event: 6.973 GC heap before
{Heap before GC invocations=11 (full 1):
 PSYoungGen      total 138752K, used 133664K [0x00000000d5580000, 0x00000000e1180000, 0x0000000100000000)
  eden space 131072K, 100% used [0x00000000d5580000,0x00000000dd580000,0x00000000dd580000)
  from space 7680K, 33% used [0x00000000dd580000,0x00000000dd8083b8,0x00000000ddd00000)
  to   space 8192K, 0% used [0x00000000e0980000,0x00000000e0980000,0x00000000e1180000)
 ParOldGen       total 57344K, used 8855K [0x0000000080000000, 0x0000000083800000, 0x00000000d5580000)
  object space 57344K, 15% used [0x0000000080000000,0x00000000808a5e28,0x0000000083800000)
 Metaspace       used 23946K, capacity 24342K, committed 24704K, reserved 1071104K
  class space    used 2716K, capacity 2850K, committed 2944K, reserved 1048576K
Event: 6.999 GC heap after
Heap after GC invocations=11 (full 1):
 PSYoungGen      total 183808K, used 7888K [0x00000000d5580000, 0x00000000e1380000, 0x0000000100000000)
  eden space 175616K, 0% used [0x00000000d5580000,0x00000000d5580000,0x00000000e0100000)
  from space 8192K, 96% used [0x00000000e0980000,0x00000000e1134010,0x00000000e1180000)
  to   space 8704K, 0% used [0x00000000e0100000,0x00000000e0100000,0x00000000e0980000)
 ParOldGen       total 57344K, used 8855K [0x0000000080000000, 0x0000000083800000, 0x00000000d5580000)
  object space 57344K, 15% used [0x0000000080000000,0x00000000808a5e28,0x0000000083800000)
 Metaspace       used 23946K, capacity 24342K, committed 24704K, reserved 1071104K
  class space    used 2716K, capacity 2850K, committed 2944K, reserved 1048576K
}

