# JRE version: OpenJDK Runtime Environment (Zulu 8.52.0.23-CA-win64) (8.0_282-b08) (build 1.8.0_282-b08)
# Java VM: OpenJDK 64-Bit Server VM (25.282-b08 mixed mode windows-amd64 compressed oops)
Heap:
 PSYoungGen      total 138752K, used 16383K [0x00000000d5580000, 0x00000000e0880000, 0x0000000100000000)
  eden space 131072K, 10% used [0x00000000d5580000,0x00000000d624e090,0x00000000dd580000)
  from space 7680K, 42% used [0x00000000dd580000,0x00000000dd8b1d10,0x00000000ddd00000)
  to   space 8192K, 0% used [0x00000000e0080000,0x00000000e0080000,0x00000000e0880000)
 ParOldGen       total 60928K, used 8770K [0x0000000080000000, 0x0000000083b80000, 0x00000000d5580000)
  object space 60928K, 14% used [0x0000000080000000,0x0000000080890a90,0x0000000083b80000)
 Metaspace       used 22409K, capacity 22714K, committed 23088K, reserved 1069056K
  class space    used 2448K, capacity 2581K, committed 2688K, reserved 1048576K
GC Heap History (10 events):
Event: 8.744 GC heap before
{Heap before GC invocations=6 (full 0):
 PSYoungGen      total 38400K, used 38391K [0x00000000d5580000, 0x00000000da380000, 0x0000000100000000)
  eden space 33280K, 100% used [0x00000000d5580000,0x00000000d7600000,0x00000000d7600000)
  from space 5120K, 99% used [0x00000000d7600000,0x00000000d7afdf40,0x00000000d7b00000)
  to   space 6656K, 0% used [0x00000000d9d00000,0x00000000d9d00000,0x00000000da380000)
 ParOldGen       total 87552K, used 1295K [0x0000000080000000, 0x0000000085580000, 0x00000000d5580000)
  object space 87552K, 1% used [0x0000000080000000,0x0000000080143f10,0x0000000085580000)
 Metaspace       used 15080K, capacity 15270K, committed 15488K, reserved 1062912K
  class space    used 1549K, capacity 1639K, committed 1664K, reserved 1048576K
Event: 8.757 GC heap after
Heap after GC invocations=6 (full 0):
 PSYoungGen      total 72192K, used 6637K [0x00000000d5580000, 0x00000000da580000, 0x0000000100000000)
  eden space 65536K, 0% used [0x00000000d5580000,0x00000000d5580000,0x00000000d9580000)
  from space 6656K, 99% used [0x00000000d9d00000,0x00000000da37b758,0x00000000da380000)
  to   space 7680K, 0% used [0x00000000d9580000,0x00000000d9580000,0x00000000d9d00000)
 ParOldGen       total 87552K, used 1805K [0x0000000080000000, 0x0000000085580000, 0x00000000d5580000)
  object space 87552K, 2% used [0x0000000080000000,0x00000000801c3578,0x0000000085580000)
 Metaspace       used 15080K, capacity 15270K, committed 15488K, reserved 1062912K
  class space    used 1549K, capacity 1639K, committed 1664K, reserved 1048576K
}
Event: 11.449 GC heap before
{Heap before GC invocations=7 (full 0):
 PSYoungGen      total 72192K, used 72173K [0x00000000d5580000, 0x00000000da580000, 0x0000000100000000)
  eden space 65536K, 100% used [0x00000000d5580000,0x00000000d9580000,0x00000000d9580000)
  from space 6656K, 99% used [0x00000000d9d00000,0x00000000da37b758,0x00000000da380000)
  to   space 7680K, 0% used [0x00000000d9580000,0x00000000d9580000,0x00000000d9d00000)
 ParOldGen       total 87552K, used 1805K [0x0000000080000000, 0x0000000085580000, 0x00000000d5580000)
  object space 87552K, 2% used [0x0000000080000000,0x00000000801c3578,0x0000000085580000)
 Metaspace       used 19804K, capacity 20068K, committed 20224K, reserved 1067008K
  class space    used 2180K, capacity 2304K, committed 2304K, reserved 1048576K
Event: 11.473 GC heap after
Heap after GC invocations=7 (full 0):
 PSYoungGen      total 73216K, used 6499K [0x00000000d5580000, 0x00000000de580000, 0x0000000100000000)
  eden space 65536K, 0% used [0x00000000d5580000,0x00000000d5580000,0x00000000d9580000)
  from space 7680K, 84% used [0x00000000d9580000,0x00000000d9bd8dc0,0x00000000d9d00000)
  to   space 8192K, 0% used [0x00000000ddd80000,0x00000000ddd80000,0x00000000de580000)
 ParOldGen       total 87552K, used 5098K [0x0000000080000000, 0x0000000085580000, 0x00000000d5580000)
  object space 87552K, 5% used [0x0000000080000000,0x00000000804fab20,0x0000000085580000)
 Metaspace       used 19804K, capacity 20068K, committed 20224K, reserved 1067008K
  class space    used 2180K, capacity 2304K, committed 2304K, reserved 1048576K
}
Event: 12.324 GC heap before
{Heap before GC invocations=8 (full 0):
 PSYoungGen      total 73216K, used 29923K [0x00000000d5580000, 0x00000000de580000, 0x0000000100000000)
  eden space 65536K, 35% used [0x00000000d5580000,0x00000000d6c5fec8,0x00000000d9580000)
  from space 7680K, 84% used [0x00000000d9580000,0x00000000d9bd8dc0,0x00000000d9d00000)
  to   space 8192K, 0% used [0x00000000ddd80000,0x00000000ddd80000,0x00000000de580000)
 ParOldGen       total 87552K, used 5098K [0x0000000080000000, 0x0000000085580000, 0x00000000d5580000)
  object space 87552K, 5% used [0x0000000080000000,0x00000000804fab20,0x0000000085580000)
 Metaspace       used 20859K, capacity 21136K, committed 21296K, reserved 1069056K
  class space    used 2297K, capacity 2425K, committed 2432K, reserved 1048576K
Event: 12.333 GC heap after
Heap after GC invocations=8 (full 0):
 PSYoungGen      total 138240K, used 4777K [0x00000000d5580000, 0x00000000de480000, 0x0000000100000000)
  eden space 131072K, 0% used [0x00000000d5580000,0x00000000d5580000,0x00000000dd580000)
  from space 7168K, 66% used [0x00000000ddd80000,0x00000000de22a438,0x00000000de480000)
  to   space 7680K, 0% used [0x00000000dd580000,0x00000000dd580000,0x00000000ddd00000)
 ParOldGen       total 87552K, used 5743K [0x0000000080000000, 0x0000000085580000, 0x00000000d5580000)
  object space 87552K, 6% used [0x0000000080000000,0x000000008059bde0,0x0000000085580000)
 Metaspace       used 20859K, capacity 21136K, committed 21296K, reserved 1069056K
  class space    used 2297K, capacity 2425K, committed 2432K, reserved 1048576K
}
Event: 12.333 GC heap before
{Heap before GC invocations=9 (full 1):
 PSYoungGen      total 138240K, used 4777K [0x00000000d5580000, 0x00000000de480000, 0x0000000100000000)
  eden space 131072K, 0% used [0x00000000d5580000,0x00000000d5580000,0x00000000dd580000)
  from space 7168K, 66% used [0x00000000ddd80000,0x00000000de22a438,0x00000000de480000)
  to   space 7680K, 0% used [0x00000000dd580000,0x00000000dd580000,0x00000000ddd00000)
 ParOldGen       total 87552K, used 5743K [0x0000000080000000, 0x0000000085580000, 0x00000000d5580000)
  object space 87552K, 6% used [0x0000000080000000,0x000000008059bde0,0x0000000085580000)
 Metaspace       used 20859K, capacity 21136K, committed 21296K, reserved 1069056K
  class space    used 2297K, capacity 2425K, committed 2432K, reserved 1048576K
Event: 12.578 GC heap after
Heap after GC invocations=9 (full 1):
 PSYoungGen      total 138240K, used 0K [0x00000000d5580000, 0x00000000de480000, 0x0000000100000000)
  eden space 131072K, 0% used [0x00000000d5580000,0x00000000d5580000,0x00000000dd580000)
  from space 7168K, 0% used [0x00000000ddd80000,0x00000000ddd80000,0x00000000de480000)
  to   space 7680K, 0% used [0x00000000dd580000,0x00000000dd580000,0x00000000ddd00000)
 ParOldGen       total 60928K, used 8762K [0x0000000080000000, 0x0000000083b80000, 0x00000000d5580000)
  object space 60928K, 14% used [0x0000000080000000,0x000000008088ea90,0x0000000083b80000)
 Metaspace       used 20859K, capacity 21136K, committed 21296K, reserved 1069056K
  class space    used 2297K, capacity 2425K, committed 2432K, reserved 1048576K
}
Event: 15.977 GC heap before
{Heap before GC invocations=10 (full 1):
 PSYoungGen      total 138240K, used 131072K [0x00000000d5580000, 0x00000000de480000, 0x0000000100000000)
  eden space 131072K, 100% used [0x00000000d5580000,0x00000000dd580000,0x00000000dd580000)
  from space 7168K, 0% used [0x00000000ddd80000,0x00000000ddd80000,0x00000000de480000)
  to   space 7680K, 0% used [0x00000000dd580000,0x00000000dd580000,0x00000000ddd00000)
 ParOldGen       total 60928K, used 8762K [0x0000000080000000, 0x0000000083b80000, 0x00000000d5580000)
  object space 60928K, 14% used [0x0000000080000000,0x000000008088ea90,0x0000000083b80000)
 Metaspace       used 22377K, capacity 22714K, committed 23088K, reserved 1069056K
  class space    used 2448K, capacity 2581K, committed 2688K, reserved 1048576K
Event: 15.984 GC heap after
Heap after GC invocations=10 (full 1):
 PSYoungGen      total 138752K, used 3271K [0x00000000d5580000, 0x00000000e0880000, 0x0000000100000000)
  eden space 131072K, 0% used [0x00000000d5580000,0x00000000d5580000,0x00000000dd580000)
  from space 7680K, 42% used [0x00000000dd580000,0x00000000dd8b1d10,0x00000000ddd00000)
  to   space 8192K, 0% used [0x00000000e0080000,0x00000000e0080000,0x00000000e0880000)
 ParOldGen       total 60928K, used 8770K [0x0000000080000000, 0x0000000083b80000, 0x00000000d5580000)
  object space 60928K, 14% used [0x0000000080000000,0x0000000080890a90,0x0000000083b80000)
 Metaspace       used 22377K, capacity 22714K, committed 23088K, reserved 1069056K
  class space    used 2448K, capacity 2581K, committed 2688K, reserved 1048576K
}

