# JRE version: OpenJDK Runtime Environment (Zulu 8.52.0.23-CA-win64) (8.0_282-b08) (build 1.8.0_282-b08)
# Java VM: OpenJDK 64-Bit Server VM (25.282-b08 mixed mode windows-amd64 compressed oops)
Heap:
 PSYoungGen      total 269312K, used 84417K [0x00000000d5580000, 0x00000000e9700000, 0x0000000100000000)
  eden space 258048K, 29% used [0x00000000d5580000,0x00000000da083008,0x00000000e5180000)
  from space 11264K, 67% used [0x00000000e5180000,0x00000000e58ed638,0x00000000e5c80000)
  to   space 11264K, 0% used [0x00000000e8c00000,0x00000000e8c00000,0x00000000e9700000)
 ParOldGen       total 64512K, used 12763K [0x0000000080000000, 0x0000000083f00000, 0x00000000d5580000)
  object space 64512K, 19% used [0x0000000080000000,0x0000000080c76db0,0x0000000083f00000)
 Metaspace       used 24966K, capacity 25332K, committed 25600K, reserved 1073152K
  class space    used 2846K, capacity 3006K, committed 3072K, reserved 1048576K
GC Heap History (10 events):
Event: 17.338 GC heap before
{Heap before GC invocations=4 (full 0):
 PSYoungGen      total 71680K, used 71651K [0x00000000d5580000, 0x00000000de180000, 0x0000000100000000)
  eden space 66560K, 100% used [0x00000000d5580000,0x00000000d9680000,0x00000000d9680000)
  from space 5120K, 99% used [0x00000000d9680000,0x00000000d9b78f58,0x00000000d9b80000)
  to   space 5120K, 0% used [0x00000000ddc80000,0x00000000ddc80000,0x00000000de180000)
 ParOldGen       total 87552K, used 381K [0x0000000080000000, 0x0000000085580000, 0x00000000d5580000)
  object space 87552K, 0% used [0x0000000080000000,0x000000008005f738,0x0000000085580000)
 Metaspace       used 14947K, capacity 15110K, committed 15232K, reserved 1062912K
  class space    used 1549K, capacity 1607K, committed 1664K, reserved 1048576K
Event: 17.459 GC heap after
Heap after GC invocations=4 (full 0):
 PSYoungGen      total 138240K, used 5108K [0x00000000d5580000, 0x00000000de180000, 0x0000000100000000)
  eden space 133120K, 0% used [0x00000000d5580000,0x00000000d5580000,0x00000000dd780000)
  from space 5120K, 99% used [0x00000000ddc80000,0x00000000de17d228,0x00000000de180000)
  to   space 5120K, 0% used [0x00000000dd780000,0x00000000dd780000,0x00000000ddc80000)
 ParOldGen       total 87552K, used 3500K [0x0000000080000000, 0x0000000085580000, 0x00000000d5580000)
  object space 87552K, 3% used [0x0000000080000000,0x000000008036b028,0x0000000085580000)
 Metaspace       used 14947K, capacity 15110K, committed 15232K, reserved 1062912K
  class space    used 1549K, capacity 1607K, committed 1664K, reserved 1048576K
}
Event: 22.407 GC heap before
{Heap before GC invocations=5 (full 0):
 PSYoungGen      total 138240K, used 111272K [0x00000000d5580000, 0x00000000de180000, 0x0000000100000000)
  eden space 133120K, 79% used [0x00000000d5580000,0x00000000dbd2d068,0x00000000dd780000)
  from space 5120K, 99% used [0x00000000ddc80000,0x00000000de17d228,0x00000000de180000)
  to   space 5120K, 0% used [0x00000000dd780000,0x00000000dd780000,0x00000000ddc80000)
 ParOldGen       total 87552K, used 3500K [0x0000000080000000, 0x0000000085580000, 0x00000000d5580000)
  object space 87552K, 3% used [0x0000000080000000,0x000000008036b028,0x0000000085580000)
 Metaspace       used 20880K, capacity 21136K, committed 21296K, reserved 1069056K
  class space    used 2312K, capacity 2425K, committed 2432K, reserved 1048576K
Event: 22.425 GC heap after
Heap after GC invocations=5 (full 0):
 PSYoungGen      total 138240K, used 5104K [0x00000000d5580000, 0x00000000e6e80000, 0x0000000100000000)
  eden space 133120K, 0% used [0x00000000d5580000,0x00000000d5580000,0x00000000dd780000)
  from space 5120K, 99% used [0x00000000dd780000,0x00000000ddc7c1a8,0x00000000ddc80000)
  to   space 10752K, 0% used [0x00000000e6400000,0x00000000e6400000,0x00000000e6e80000)
 ParOldGen       total 87552K, used 8296K [0x0000000080000000, 0x0000000085580000, 0x00000000d5580000)
  object space 87552K, 9% used [0x0000000080000000,0x000000008081a3d0,0x0000000085580000)
 Metaspace       used 20880K, capacity 21136K, committed 21296K, reserved 1069056K
  class space    used 2312K, capacity 2425K, committed 2432K, reserved 1048576K
}
Event: 22.425 GC heap before
{Heap before GC invocations=6 (full 1):
 PSYoungGen      total 138240K, used 5104K [0x00000000d5580000, 0x00000000e6e80000, 0x0000000100000000)
  eden space 133120K, 0% used [0x00000000d5580000,0x00000000d5580000,0x00000000dd780000)
  from space 5120K, 99% used [0x00000000dd780000,0x00000000ddc7c1a8,0x00000000ddc80000)
  to   space 10752K, 0% used [0x00000000e6400000,0x00000000e6400000,0x00000000e6e80000)
 ParOldGen       total 87552K, used 8296K [0x0000000080000000, 0x0000000085580000, 0x00000000d5580000)
  object space 87552K, 9% used [0x0000000080000000,0x000000008081a3d0,0x0000000085580000)
 Metaspace       used 20880K, capacity 21136K, committed 21296K, reserved 1069056K
  class space    used 2312K, capacity 2425K, committed 2432K, reserved 1048576K
Event: 22.667 GC heap after
Heap after GC invocations=6 (full 1):
 PSYoungGen      total 138240K, used 0K [0x00000000d5580000, 0x00000000e6e80000, 0x0000000100000000)
  eden space 133120K, 0% used [0x00000000d5580000,0x00000000d5580000,0x00000000dd780000)
  from space 5120K, 0% used [0x00000000dd780000,0x00000000dd780000,0x00000000ddc80000)
  to   space 10752K, 0% used [0x00000000e6400000,0x00000000e6400000,0x00000000e6e80000)
 ParOldGen       total 64512K, used 12747K [0x0000000080000000, 0x0000000083f00000, 0x00000000d5580000)
  object space 64512K, 19% used [0x0000000080000000,0x0000000080c72db0,0x0000000083f00000)
 Metaspace       used 20880K, capacity 21136K, committed 21296K, reserved 1069056K
  class space    used 2312K, capacity 2425K, committed 2432K, reserved 1048576K
}
Event: 28.459 GC heap before
{Heap before GC invocations=7 (full 1):
 PSYoungGen      total 138240K, used 133120K [0x00000000d5580000, 0x00000000e6e80000, 0x0000000100000000)
  eden space 133120K, 100% used [0x00000000d5580000,0x00000000dd780000,0x00000000dd780000)
  from space 5120K, 0% used [0x00000000dd780000,0x00000000dd780000,0x00000000ddc80000)
  to   space 10752K, 0% used [0x00000000e6400000,0x00000000e6400000,0x00000000e6e80000)
 ParOldGen       total 64512K, used 12747K [0x0000000080000000, 0x0000000083f00000, 0x00000000d5580000)
  object space 64512K, 19% used [0x0000000080000000,0x0000000080c72db0,0x0000000083f00000)
 Metaspace       used 22363K, capacity 22714K, committed 23088K, reserved 1069056K
  class space    used 2450K, capacity 2581K, committed 2688K, reserved 1048576K
Event: 28.468 GC heap after
Heap after GC invocations=7 (full 1):
 PSYoungGen      total 209408K, used 3232K [0x00000000d5580000, 0x00000000e6780000, 0x0000000100000000)
  eden space 205824K, 0% used [0x00000000d5580000,0x00000000d5580000,0x00000000e1e80000)
  from space 3584K, 90% used [0x00000000e6400000,0x00000000e6728048,0x00000000e6780000)
  to   space 11264K, 0% used [0x00000000e5180000,0x00000000e5180000,0x00000000e5c80000)
 ParOldGen       total 64512K, used 12755K [0x0000000080000000, 0x0000000083f00000, 0x00000000d5580000)
  object space 64512K, 19% used [0x0000000080000000,0x0000000080c74db0,0x0000000083f00000)
 Metaspace       used 22363K, capacity 22714K, committed 23088K, reserved 1069056K
  class space    used 2450K, capacity 2581K, committed 2688K, reserved 1048576K
}
Event: 33.974 GC heap before
{Heap before GC invocations=8 (full 1):
 PSYoungGen      total 209408K, used 209056K [0x00000000d5580000, 0x00000000e6780000, 0x0000000100000000)
  eden space 205824K, 100% used [0x00000000d5580000,0x00000000e1e80000,0x00000000e1e80000)
  from space 3584K, 90% used [0x00000000e6400000,0x00000000e6728048,0x00000000e6780000)
  to   space 11264K, 0% used [0x00000000e5180000,0x00000000e5180000,0x00000000e5c80000)
 ParOldGen       total 64512K, used 12755K [0x0000000080000000, 0x0000000083f00000, 0x00000000d5580000)
  object space 64512K, 19% used [0x0000000080000000,0x0000000080c74db0,0x0000000083f00000)
 Metaspace       used 23092K, capacity 23464K, committed 23680K, reserved 1071104K
  class space    used 2536K, capacity 2659K, committed 2688K, reserved 1048576K
Event: 33.987 GC heap after
Heap after GC invocations=8 (full 1):
 PSYoungGen      total 269312K, used 7605K [0x00000000d5580000, 0x00000000e9700000, 0x0000000100000000)
  eden space 258048K, 0% used [0x00000000d5580000,0x00000000d5580000,0x00000000e5180000)
  from space 11264K, 67% used [0x00000000e5180000,0x00000000e58ed638,0x00000000e5c80000)
  to   space 11264K, 0% used [0x00000000e8c00000,0x00000000e8c00000,0x00000000e9700000)
 ParOldGen       total 64512K, used 12763K [0x0000000080000000, 0x0000000083f00000, 0x00000000d5580000)
  object space 64512K, 19% used [0x0000000080000000,0x0000000080c76db0,0x0000000083f00000)
 Metaspace       used 23092K, capacity 23464K, committed 23680K, reserved 1071104K
  class space    used 2536K, capacity 2659K, committed 2688K, reserved 1048576K
}

