# JRE version: OpenJDK Runtime Environment (Zulu 8.52.0.23-CA-win64) (8.0_282-b08) (build 1.8.0_282-b08)
# Java VM: OpenJDK 64-Bit Server VM (25.282-b08 mixed mode windows-amd64 compressed oops)
Heap:
 PSYoungGen      total 268800K, used 45282K [0x00000000d5580000, 0x00000000e8100000, 0x0000000100000000)
  eden space 257536K, 13% used [0x00000000d5580000,0x00000000d78b3490,0x00000000e5100000)
  from space 11264K, 82% used [0x00000000e5100000,0x00000000e5a05638,0x00000000e5c00000)
  to   space 12288K, 0% used [0x00000000e7500000,0x00000000e7500000,0x00000000e8100000)
 ParOldGen       total 67584K, used 10609K [0x0000000080000000, 0x0000000084200000, 0x00000000d5580000)
  object space 67584K, 15% used [0x0000000080000000,0x0000000080a5c5a8,0x0000000084200000)
 Metaspace       used 26561K, capacity 26966K, committed 27392K, reserved 1075200K
  class space    used 3042K, capacity 3204K, committed 3328K, reserved 1048576K
GC Heap History (10 events):
Event: 3.280 GC heap before
{Heap before GC invocations=4 (full 0):
 PSYoungGen      total 71680K, used 71675K [0x00000000d5580000, 0x00000000de180000, 0x0000000100000000)
  eden space 66560K, 100% used [0x00000000d5580000,0x00000000d9680000,0x00000000d9680000)
  from space 5120K, 99% used [0x00000000d9680000,0x00000000d9b7ec30,0x00000000d9b80000)
  to   space 5120K, 0% used [0x00000000ddc80000,0x00000000ddc80000,0x00000000de180000)
 ParOldGen       total 87552K, used 884K [0x0000000080000000, 0x0000000085580000, 0x00000000d5580000)
  object space 87552K, 1% used [0x0000000080000000,0x00000000800dd3d8,0x0000000085580000)
 Metaspace       used 16609K, capacity 16864K, committed 17280K, reserved 1064960K
  class space    used 1765K, capacity 1876K, committed 1920K, reserved 1048576K
Event: 3.292 GC heap after
Heap after GC invocations=4 (full 0):
 PSYoungGen      total 138240K, used 5119K [0x00000000d5580000, 0x00000000de180000, 0x0000000100000000)
  eden space 133120K, 0% used [0x00000000d5580000,0x00000000d5580000,0x00000000dd780000)
  from space 5120K, 99% used [0x00000000ddc80000,0x00000000de17ff28,0x00000000de180000)
  to   space 5120K, 0% used [0x00000000dd780000,0x00000000dd780000,0x00000000ddc80000)
 ParOldGen       total 87552K, used 4315K [0x0000000080000000, 0x0000000085580000, 0x00000000d5580000)
  object space 87552K, 4% used [0x0000000080000000,0x0000000080436cc8,0x0000000085580000)
 Metaspace       used 16609K, capacity 16864K, committed 17280K, reserved 1064960K
  class space    used 1765K, capacity 1876K, committed 1920K, reserved 1048576K
}
Event: 4.295 GC heap before
{Heap before GC invocations=5 (full 0):
 PSYoungGen      total 138240K, used 84184K [0x00000000d5580000, 0x00000000de180000, 0x0000000100000000)
  eden space 133120K, 59% used [0x00000000d5580000,0x00000000da2b62a8,0x00000000dd780000)
  from space 5120K, 99% used [0x00000000ddc80000,0x00000000de17ff28,0x00000000de180000)
  to   space 5120K, 0% used [0x00000000dd780000,0x00000000dd780000,0x00000000ddc80000)
 ParOldGen       total 87552K, used 4315K [0x0000000080000000, 0x0000000085580000, 0x00000000d5580000)
  object space 87552K, 4% used [0x0000000080000000,0x0000000080436cc8,0x0000000085580000)
 Metaspace       used 20819K, capacity 21072K, committed 21296K, reserved 1069056K
  class space    used 2313K, capacity 2424K, committed 2432K, reserved 1048576K
Event: 4.310 GC heap after
Heap after GC invocations=5 (full 0):
 PSYoungGen      total 138240K, used 5093K [0x00000000d5580000, 0x00000000e6e80000, 0x0000000100000000)
  eden space 133120K, 0% used [0x00000000d5580000,0x00000000d5580000,0x00000000dd780000)
  from space 5120K, 99% used [0x00000000dd780000,0x00000000ddc79498,0x00000000ddc80000)
  to   space 10752K, 0% used [0x00000000e6400000,0x00000000e6400000,0x00000000e6e80000)
 ParOldGen       total 87552K, used 8507K [0x0000000080000000, 0x0000000085580000, 0x00000000d5580000)
  object space 87552K, 9% used [0x0000000080000000,0x000000008084ed08,0x0000000085580000)
 Metaspace       used 20819K, capacity 21072K, committed 21296K, reserved 1069056K
  class space    used 2313K, capacity 2424K, committed 2432K, reserved 1048576K
}
Event: 4.310 GC heap before
{Heap before GC invocations=6 (full 1):
 PSYoungGen      total 138240K, used 5093K [0x00000000d5580000, 0x00000000e6e80000, 0x0000000100000000)
  eden space 133120K, 0% used [0x00000000d5580000,0x00000000d5580000,0x00000000dd780000)
  from space 5120K, 99% used [0x00000000dd780000,0x00000000ddc79498,0x00000000ddc80000)
  to   space 10752K, 0% used [0x00000000e6400000,0x00000000e6400000,0x00000000e6e80000)
 ParOldGen       total 87552K, used 8507K [0x0000000080000000, 0x0000000085580000, 0x00000000d5580000)
  object space 87552K, 9% used [0x0000000080000000,0x000000008084ed08,0x0000000085580000)
 Metaspace       used 20819K, capacity 21072K, committed 21296K, reserved 1069056K
  class space    used 2313K, capacity 2424K, committed 2432K, reserved 1048576K
Event: 4.372 GC heap after
Heap after GC invocations=6 (full 1):
 PSYoungGen      total 138240K, used 0K [0x00000000d5580000, 0x00000000e6e80000, 0x0000000100000000)
  eden space 133120K, 0% used [0x00000000d5580000,0x00000000d5580000,0x00000000dd780000)
  from space 5120K, 0% used [0x00000000dd780000,0x00000000dd780000,0x00000000ddc80000)
  to   space 10752K, 0% used [0x00000000e6400000,0x00000000e6400000,0x00000000e6e80000)
 ParOldGen       total 67584K, used 10609K [0x0000000080000000, 0x0000000084200000, 0x00000000d5580000)
  object space 67584K, 15% used [0x0000000080000000,0x0000000080a5c5a8,0x0000000084200000)
 Metaspace       used 20819K, capacity 21072K, committed 21296K, reserved 1069056K
  class space    used 2313K, capacity 2424K, committed 2432K, reserved 1048576K
}
Event: 5.290 GC heap before
{Heap before GC invocations=7 (full 1):
 PSYoungGen      total 138240K, used 133120K [0x00000000d5580000, 0x00000000e6e80000, 0x0000000100000000)
  eden space 133120K, 100% used [0x00000000d5580000,0x00000000dd780000,0x00000000dd780000)
  from space 5120K, 0% used [0x00000000dd780000,0x00000000dd780000,0x00000000ddc80000)
  to   space 10752K, 0% used [0x00000000e6400000,0x00000000e6400000,0x00000000e6e80000)
 ParOldGen       total 67584K, used 10609K [0x0000000080000000, 0x0000000084200000, 0x00000000d5580000)
  object space 67584K, 15% used [0x0000000080000000,0x0000000080a5c5a8,0x0000000084200000)
 Metaspace       used 22101K, capacity 22392K, committed 22704K, reserved 1069056K
  class space    used 2420K, capacity 2541K, committed 2560K, reserved 1048576K
Event: 5.296 GC heap after
Heap after GC invocations=7 (full 1):
 PSYoungGen      total 193024K, used 2686K [0x00000000d5580000, 0x00000000e6700000, 0x0000000100000000)
  eden space 189952K, 0% used [0x00000000d5580000,0x00000000d5580000,0x00000000e0f00000)
  from space 3072K, 87% used [0x00000000e6400000,0x00000000e669f850,0x00000000e6700000)
  to   space 11264K, 0% used [0x00000000e5100000,0x00000000e5100000,0x00000000e5c00000)
 ParOldGen       total 67584K, used 10609K [0x0000000080000000, 0x0000000084200000, 0x00000000d5580000)
  object space 67584K, 15% used [0x0000000080000000,0x0000000080a5c5a8,0x0000000084200000)
 Metaspace       used 22101K, capacity 22392K, committed 22704K, reserved 1069056K
  class space    used 2420K, capacity 2541K, committed 2560K, reserved 1048576K
}
Event: 6.799 GC heap before
{Heap before GC invocations=8 (full 1):
 PSYoungGen      total 193024K, used 192638K [0x00000000d5580000, 0x00000000e6700000, 0x0000000100000000)
  eden space 189952K, 100% used [0x00000000d5580000,0x00000000e0f00000,0x00000000e0f00000)
  from space 3072K, 87% used [0x00000000e6400000,0x00000000e669f850,0x00000000e6700000)
  to   space 11264K, 0% used [0x00000000e5100000,0x00000000e5100000,0x00000000e5c00000)
 ParOldGen       total 67584K, used 10609K [0x0000000080000000, 0x0000000084200000, 0x00000000d5580000)
  object space 67584K, 15% used [0x0000000080000000,0x0000000080a5c5a8,0x0000000084200000)
 Metaspace       used 24271K, capacity 24580K, committed 24960K, reserved 1071104K
  class space    used 2743K, capacity 2864K, committed 2944K, reserved 1048576K
Event: 6.832 GC heap after
Heap after GC invocations=8 (full 1):
 PSYoungGen      total 268800K, used 9237K [0x00000000d5580000, 0x00000000e8100000, 0x0000000100000000)
  eden space 257536K, 0% used [0x00000000d5580000,0x00000000d5580000,0x00000000e5100000)
  from space 11264K, 82% used [0x00000000e5100000,0x00000000e5a05638,0x00000000e5c00000)
  to   space 12288K, 0% used [0x00000000e7500000,0x00000000e7500000,0x00000000e8100000)
 ParOldGen       total 67584K, used 10609K [0x0000000080000000, 0x0000000084200000, 0x00000000d5580000)
  object space 67584K, 15% used [0x0000000080000000,0x0000000080a5c5a8,0x0000000084200000)
 Metaspace       used 24271K, capacity 24580K, committed 24960K, reserved 1071104K
  class space    used 2743K, capacity 2864K, committed 2944K, reserved 1048576K
}

