# JRE version: OpenJDK Runtime Environment (Zulu 8.52.0.23-CA-win64) (8.0_282-b08) (build 1.8.0_282-b08)
# Java VM: OpenJDK 64-Bit Server VM (25.282-b08 mixed mode windows-amd64 compressed oops)
Heap:
 PSYoungGen      total 301568K, used 23997K [0x00000000d5580000, 0x00000000eee80000, 0x0000000100000000)
  eden space 288256K, 8% used [0x00000000d5580000,0x00000000d6cef470,0x00000000e6f00000)
  from space 13312K, 0% used [0x00000000e7f80000,0x00000000e7f80000,0x00000000e8c80000)
  to   space 16896K, 0% used [0x00000000e6f00000,0x00000000e6f00000,0x00000000e7f80000)
 ParOldGen       total 108544K, used 25029K [0x0000000080000000, 0x0000000086a00000, 0x00000000d5580000)
  object space 108544K, 23% used [0x0000000080000000,0x0000000081871438,0x0000000086a00000)
 Metaspace       used 36335K, capacity 37258K, committed 37376K, reserved 1081344K
  class space    used 4283K, capacity 4553K, committed 4608K, reserved 1048576K
GC Heap History (10 events):
Event: 4.259 GC heap before
{Heap before GC invocations=6 (full 1):
 PSYoungGen      total 138240K, used 5109K [0x00000000d5580000, 0x00000000e6e80000, 0x0000000100000000)
  eden space 133120K, 0% used [0x00000000d5580000,0x00000000d5580000,0x00000000dd780000)
  from space 5120K, 99% used [0x00000000dd780000,0x00000000ddc7d4a8,0x00000000ddc80000)
  to   space 10752K, 0% used [0x00000000e6400000,0x00000000e6400000,0x00000000e6e80000)
 ParOldGen       total 87552K, used 8506K [0x0000000080000000, 0x0000000085580000, 0x00000000d5580000)
  object space 87552K, 9% used [0x0000000080000000,0x000000008084ea20,0x0000000085580000)
 Metaspace       used 20808K, capacity 21072K, committed 21296K, reserved 1069056K
  class space    used 2312K, capacity 2424K, committed 2432K, reserved 1048576K
Event: 4.326 GC heap after
Heap after GC invocations=6 (full 1):
 PSYoungGen      total 138240K, used 0K [0x00000000d5580000, 0x00000000e6e80000, 0x0000000100000000)
  eden space 133120K, 0% used [0x00000000d5580000,0x00000000d5580000,0x00000000dd780000)
  from space 5120K, 0% used [0x00000000dd780000,0x00000000dd780000,0x00000000ddc80000)
  to   space 10752K, 0% used [0x00000000e6400000,0x00000000e6400000,0x00000000e6e80000)
 ParOldGen       total 65536K, used 10617K [0x0000000080000000, 0x0000000084000000, 0x00000000d5580000)
  object space 65536K, 16% used [0x0000000080000000,0x0000000080a5e4b0,0x0000000084000000)
 Metaspace       used 20808K, capacity 21072K, committed 21296K, reserved 1069056K
  class space    used 2312K, capacity 2424K, committed 2432K, reserved 1048576K
}
Event: 5.591 GC heap before
{Heap before GC invocations=7 (full 1):
 PSYoungGen      total 138240K, used 133120K [0x00000000d5580000, 0x00000000e6e80000, 0x0000000100000000)
  eden space 133120K, 100% used [0x00000000d5580000,0x00000000dd780000,0x00000000dd780000)
  from space 5120K, 0% used [0x00000000dd780000,0x00000000dd780000,0x00000000ddc80000)
  to   space 10752K, 0% used [0x00000000e6400000,0x00000000e6400000,0x00000000e6e80000)
 ParOldGen       total 65536K, used 10617K [0x0000000080000000, 0x0000000084000000, 0x00000000d5580000)
  object space 65536K, 16% used [0x0000000080000000,0x0000000080a5e4b0,0x0000000084000000)
 Metaspace       used 22093K, capacity 22456K, committed 22704K, reserved 1069056K
  class space    used 2419K, capacity 2541K, committed 2560K, reserved 1048576K
Event: 5.598 GC heap after
Heap after GC invocations=7 (full 1):
 PSYoungGen      total 199680K, used 2773K [0x00000000d5580000, 0x00000000e6700000, 0x0000000100000000)
  eden space 196608K, 0% used [0x00000000d5580000,0x00000000d5580000,0x00000000e1580000)
  from space 3072K, 90% used [0x00000000e6400000,0x00000000e66b57c8,0x00000000e6700000)
  to   space 11264K, 0% used [0x00000000e5100000,0x00000000e5100000,0x00000000e5c00000)
 ParOldGen       total 65536K, used 10625K [0x0000000080000000, 0x0000000084000000, 0x00000000d5580000)
  object space 65536K, 16% used [0x0000000080000000,0x0000000080a604b0,0x0000000084000000)
 Metaspace       used 22093K, capacity 22456K, committed 22704K, reserved 1069056K
  class space    used 2419K, capacity 2541K, committed 2560K, reserved 1048576K
}
Event: 8.110 GC heap before
{Heap before GC invocations=8 (full 1):
 PSYoungGen      total 199680K, used 199381K [0x00000000d5580000, 0x00000000e6700000, 0x0000000100000000)
  eden space 196608K, 100% used [0x00000000d5580000,0x00000000e1580000,0x00000000e1580000)
  from space 3072K, 90% used [0x00000000e6400000,0x00000000e66b57c8,0x00000000e6700000)
  to   space 11264K, 0% used [0x00000000e5100000,0x00000000e5100000,0x00000000e5c00000)
 ParOldGen       total 65536K, used 10625K [0x0000000080000000, 0x0000000084000000, 0x00000000d5580000)
  object space 65536K, 16% used [0x0000000080000000,0x0000000080a604b0,0x0000000084000000)
 Metaspace       used 29094K, capacity 29478K, committed 29824K, reserved 1075200K
  class space    used 3240K, capacity 3403K, committed 3456K, reserved 1048576K
Event: 8.151 GC heap after
Heap after GC invocations=8 (full 1):
 PSYoungGen      total 268800K, used 11254K [0x00000000d5580000, 0x00000000e8c80000, 0x0000000100000000)
  eden space 257536K, 0% used [0x00000000d5580000,0x00000000d5580000,0x00000000e5100000)
  from space 11264K, 99% used [0x00000000e5100000,0x00000000e5bfda10,0x00000000e5c00000)
  to   space 13312K, 0% used [0x00000000e7f80000,0x00000000e7f80000,0x00000000e8c80000)
 ParOldGen       total 65536K, used 11252K [0x0000000080000000, 0x0000000084000000, 0x00000000d5580000)
  object space 65536K, 17% used [0x0000000080000000,0x0000000080afd300,0x0000000084000000)
 Metaspace       used 29094K, capacity 29478K, committed 29824K, reserved 1075200K
  class space    used 3240K, capacity 3403K, committed 3456K, reserved 1048576K
}
Event: 11.344 GC heap before
{Heap before GC invocations=9 (full 1):
 PSYoungGen      total 268800K, used 261025K [0x00000000d5580000, 0x00000000e8c80000, 0x0000000100000000)
  eden space 257536K, 96% used [0x00000000d5580000,0x00000000e496aa50,0x00000000e5100000)
  from space 11264K, 99% used [0x00000000e5100000,0x00000000e5bfda10,0x00000000e5c00000)
  to   space 13312K, 0% used [0x00000000e7f80000,0x00000000e7f80000,0x00000000e8c80000)
 ParOldGen       total 65536K, used 11252K [0x0000000080000000, 0x0000000084000000, 0x00000000d5580000)
  object space 65536K, 17% used [0x0000000080000000,0x0000000080afd300,0x0000000084000000)
 Metaspace       used 34652K, capacity 35400K, committed 35496K, reserved 1081344K
  class space    used 4036K, capacity 4256K, committed 4352K, reserved 1048576K
Event: 11.398 GC heap after
Heap after GC invocations=9 (full 1):
 PSYoungGen      total 301568K, used 13304K [0x00000000d5580000, 0x00000000eee80000, 0x0000000100000000)
  eden space 288256K, 0% used [0x00000000d5580000,0x00000000d5580000,0x00000000e6f00000)
  from space 13312K, 99% used [0x00000000e7f80000,0x00000000e8c7e1c0,0x00000000e8c80000)
  to   space 16896K, 0% used [0x00000000e6f00000,0x00000000e6f00000,0x00000000e7f80000)
 ParOldGen       total 65536K, used 14960K [0x0000000080000000, 0x0000000084000000, 0x00000000d5580000)
  object space 65536K, 22% used [0x0000000080000000,0x0000000080e9c038,0x0000000084000000)
 Metaspace       used 34652K, capacity 35400K, committed 35496K, reserved 1081344K
  class space    used 4036K, capacity 4256K, committed 4352K, reserved 1048576K
}
Event: 11.398 GC heap before
{Heap before GC invocations=10 (full 2):
 PSYoungGen      total 301568K, used 13304K [0x00000000d5580000, 0x00000000eee80000, 0x0000000100000000)
  eden space 288256K, 0% used [0x00000000d5580000,0x00000000d5580000,0x00000000e6f00000)
  from space 13312K, 99% used [0x00000000e7f80000,0x00000000e8c7e1c0,0x00000000e8c80000)
  to   space 16896K, 0% used [0x00000000e6f00000,0x00000000e6f00000,0x00000000e7f80000)
 ParOldGen       total 65536K, used 14960K [0x0000000080000000, 0x0000000084000000, 0x00000000d5580000)
  object space 65536K, 22% used [0x0000000080000000,0x0000000080e9c038,0x0000000084000000)
 Metaspace       used 34652K, capacity 35400K, committed 35496K, reserved 1081344K
  class space    used 4036K, capacity 4256K, committed 4352K, reserved 1048576K
Event: 11.560 GC heap after
Heap after GC invocations=10 (full 2):
 PSYoungGen      total 301568K, used 0K [0x00000000d5580000, 0x00000000eee80000, 0x0000000100000000)
  eden space 288256K, 0% used [0x00000000d5580000,0x00000000d5580000,0x00000000e6f00000)
  from space 13312K, 0% used [0x00000000e7f80000,0x00000000e7f80000,0x00000000e8c80000)
  to   space 16896K, 0% used [0x00000000e6f00000,0x00000000e6f00000,0x00000000e7f80000)
 ParOldGen       total 108544K, used 25029K [0x0000000080000000, 0x0000000086a00000, 0x00000000d5580000)
  object space 108544K, 23% used [0x0000000080000000,0x0000000081871438,0x0000000086a00000)
 Metaspace       used 34652K, capacity 35400K, committed 35496K, reserved 1081344K
  class space    used 4036K, capacity 4256K, committed 4352K, reserved 1048576K
}

