# JRE version: OpenJDK Runtime Environment (Zulu 8.52.0.23-CA-win64) (8.0_282-b08) (build 1.8.0_282-b08)
# Java VM: OpenJDK 64-Bit Server VM (25.282-b08 mixed mode windows-amd64 compressed oops)
Heap:
 PSYoungGen      total 226816K, used 132031K [0x00000000d5580000, 0x00000000e6000000, 0x0000000100000000)
  eden space 217600K, 56% used [0x00000000d5580000,0x00000000dcd76988,0x00000000e2a00000)
  from space 9216K, 99% used [0x00000000e5100000,0x00000000e59f9648,0x00000000e5a00000)
  to   space 6144K, 0% used [0x00000000e5a00000,0x00000000e5a00000,0x00000000e6000000)
 ParOldGen       total 65024K, used 8763K [0x0000000080000000, 0x0000000083f80000, 0x00000000d5580000)
  object space 65024K, 13% used [0x0000000080000000,0x000000008088edf0,0x0000000083f80000)
 Metaspace       used 31063K, capacity 32036K, committed 32128K, reserved 1077248K
  class space    used 3665K, capacity 3933K, committed 3968K, reserved 1048576K
GC Heap History (10 events):
Event: 5.335 GC heap before
{Heap before GC invocations=6 (full 0):
 PSYoungGen      total 71680K, used 71676K [0x00000000d5580000, 0x00000000de780000, 0x0000000100000000)
  eden space 66560K, 100% used [0x00000000d5580000,0x00000000d9680000,0x00000000d9680000)
  from space 5120K, 99% used [0x00000000d9680000,0x00000000d9b7f2b0,0x00000000d9b80000)
  to   space 8192K, 0% used [0x00000000ddf80000,0x00000000ddf80000,0x00000000de780000)
 ParOldGen       total 87552K, used 3331K [0x0000000080000000, 0x0000000085580000, 0x00000000d5580000)
  object space 87552K, 3% used [0x0000000080000000,0x0000000080340e28,0x0000000085580000)
 Metaspace       used 19841K, capacity 20138K, committed 20608K, reserved 1067008K
  class space    used 2187K, capacity 2306K, committed 2432K, reserved 1048576K
Event: 5.350 GC heap after
Heap after GC invocations=6 (full 0):
 PSYoungGen      total 139776K, used 8179K [0x00000000d5580000, 0x00000000dea80000, 0x0000000100000000)
  eden space 131584K, 0% used [0x00000000d5580000,0x00000000d5580000,0x00000000dd600000)
  from space 8192K, 99% used [0x00000000ddf80000,0x00000000de77ceb0,0x00000000de780000)
  to   space 9728K, 0% used [0x00000000dd600000,0x00000000dd600000,0x00000000ddf80000)
 ParOldGen       total 87552K, used 3824K [0x0000000080000000, 0x0000000085580000, 0x00000000d5580000)
  object space 87552K, 4% used [0x0000000080000000,0x00000000803bc3c8,0x0000000085580000)
 Metaspace       used 19841K, capacity 20138K, committed 20608K, reserved 1067008K
  class space    used 2187K, capacity 2306K, committed 2432K, reserved 1048576K
}
Event: 6.512 GC heap before
{Heap before GC invocations=7 (full 0):
 PSYoungGen      total 139776K, used 28982K [0x00000000d5580000, 0x00000000dea80000, 0x0000000100000000)
  eden space 131584K, 15% used [0x00000000d5580000,0x00000000d69d09a0,0x00000000dd600000)
  from space 8192K, 99% used [0x00000000ddf80000,0x00000000de77ceb0,0x00000000de780000)
  to   space 9728K, 0% used [0x00000000dd600000,0x00000000dd600000,0x00000000ddf80000)
 ParOldGen       total 87552K, used 3824K [0x0000000080000000, 0x0000000085580000, 0x00000000d5580000)
  object space 87552K, 4% used [0x0000000080000000,0x00000000803bc3c8,0x0000000085580000)
 Metaspace       used 20856K, capacity 21136K, committed 21296K, reserved 1069056K
  class space    used 2295K, capacity 2425K, committed 2432K, reserved 1048576K
Event: 6.523 GC heap after
Heap after GC invocations=7 (full 0):
 PSYoungGen      total 141312K, used 4429K [0x00000000d5580000, 0x00000000e6880000, 0x0000000100000000)
  eden space 131584K, 0% used [0x00000000d5580000,0x00000000d5580000,0x00000000dd600000)
  from space 9728K, 45% used [0x00000000dd600000,0x00000000dda53458,0x00000000ddf80000)
  to   space 9216K, 0% used [0x00000000e5f80000,0x00000000e5f80000,0x00000000e6880000)
 ParOldGen       total 87552K, used 6952K [0x0000000080000000, 0x0000000085580000, 0x00000000d5580000)
  object space 87552K, 7% used [0x0000000080000000,0x00000000806ca3f8,0x0000000085580000)
 Metaspace       used 20856K, capacity 21136K, committed 21296K, reserved 1069056K
  class space    used 2295K, capacity 2425K, committed 2432K, reserved 1048576K
}
Event: 6.523 GC heap before
{Heap before GC invocations=8 (full 1):
 PSYoungGen      total 141312K, used 4429K [0x00000000d5580000, 0x00000000e6880000, 0x0000000100000000)
  eden space 131584K, 0% used [0x00000000d5580000,0x00000000d5580000,0x00000000dd600000)
  from space 9728K, 45% used [0x00000000dd600000,0x00000000dda53458,0x00000000ddf80000)
  to   space 9216K, 0% used [0x00000000e5f80000,0x00000000e5f80000,0x00000000e6880000)
 ParOldGen       total 87552K, used 6952K [0x0000000080000000, 0x0000000085580000, 0x00000000d5580000)
  object space 87552K, 7% used [0x0000000080000000,0x00000000806ca3f8,0x0000000085580000)
 Metaspace       used 20856K, capacity 21136K, committed 21296K, reserved 1069056K
  class space    used 2295K, capacity 2425K, committed 2432K, reserved 1048576K
Event: 6.645 GC heap after
Heap after GC invocations=8 (full 1):
 PSYoungGen      total 141312K, used 0K [0x00000000d5580000, 0x00000000e6880000, 0x0000000100000000)
  eden space 131584K, 0% used [0x00000000d5580000,0x00000000d5580000,0x00000000dd600000)
  from space 9728K, 0% used [0x00000000dd600000,0x00000000dd600000,0x00000000ddf80000)
  to   space 9216K, 0% used [0x00000000e5f80000,0x00000000e5f80000,0x00000000e6880000)
 ParOldGen       total 65024K, used 8755K [0x0000000080000000, 0x0000000083f80000, 0x00000000d5580000)
  object space 65024K, 13% used [0x0000000080000000,0x000000008088cdf0,0x0000000083f80000)
 Metaspace       used 20856K, capacity 21136K, committed 21296K, reserved 1069056K
  class space    used 2295K, capacity 2425K, committed 2432K, reserved 1048576K
}
Event: 8.758 GC heap before
{Heap before GC invocations=9 (full 1):
 PSYoungGen      total 141312K, used 131584K [0x00000000d5580000, 0x00000000e6880000, 0x0000000100000000)
  eden space 131584K, 100% used [0x00000000d5580000,0x00000000dd600000,0x00000000dd600000)
  from space 9728K, 0% used [0x00000000dd600000,0x00000000dd600000,0x00000000ddf80000)
  to   space 9216K, 0% used [0x00000000e5f80000,0x00000000e5f80000,0x00000000e6880000)
 ParOldGen       total 65024K, used 8755K [0x0000000080000000, 0x0000000083f80000, 0x00000000d5580000)
  object space 65024K, 13% used [0x0000000080000000,0x000000008088cdf0,0x0000000083f80000)
 Metaspace       used 22386K, capacity 22714K, committed 23088K, reserved 1069056K
  class space    used 2448K, capacity 2581K, committed 2688K, reserved 1048576K
Event: 8.766 GC heap after
Heap after GC invocations=9 (full 1):
 PSYoungGen      total 184832K, used 3301K [0x00000000d5580000, 0x00000000e6300000, 0x0000000100000000)
  eden space 181248K, 0% used [0x00000000d5580000,0x00000000d5580000,0x00000000e0680000)
  from space 3584K, 92% used [0x00000000e5f80000,0x00000000e62b97a0,0x00000000e6300000)
  to   space 9216K, 0% used [0x00000000e5100000,0x00000000e5100000,0x00000000e5a00000)
 ParOldGen       total 65024K, used 8755K [0x0000000080000000, 0x0000000083f80000, 0x00000000d5580000)
  object space 65024K, 13% used [0x0000000080000000,0x000000008088cdf0,0x0000000083f80000)
 Metaspace       used 22386K, capacity 22714K, committed 23088K, reserved 1069056K
  class space    used 2448K, capacity 2581K, committed 2688K, reserved 1048576K
}
Event: 13.055 GC heap before
{Heap before GC invocations=10 (full 1):
 PSYoungGen      total 184832K, used 184549K [0x00000000d5580000, 0x00000000e6300000, 0x0000000100000000)
  eden space 181248K, 100% used [0x00000000d5580000,0x00000000e0680000,0x00000000e0680000)
  from space 3584K, 92% used [0x00000000e5f80000,0x00000000e62b97a0,0x00000000e6300000)
  to   space 9216K, 0% used [0x00000000e5100000,0x00000000e5100000,0x00000000e5a00000)
 ParOldGen       total 65024K, used 8755K [0x0000000080000000, 0x0000000083f80000, 0x00000000d5580000)
  object space 65024K, 13% used [0x0000000080000000,0x000000008088cdf0,0x0000000083f80000)
 Metaspace       used 24501K, capacity 24896K, committed 24960K, reserved 1071104K
  class space    used 2764K, capacity 2902K, committed 2944K, reserved 1048576K
Event: 13.070 GC heap after
Heap after GC invocations=10 (full 1):
 PSYoungGen      total 226816K, used 9189K [0x00000000d5580000, 0x00000000e6000000, 0x0000000100000000)
  eden space 217600K, 0% used [0x00000000d5580000,0x00000000d5580000,0x00000000e2a00000)
  from space 9216K, 99% used [0x00000000e5100000,0x00000000e59f9648,0x00000000e5a00000)
  to   space 6144K, 0% used [0x00000000e5a00000,0x00000000e5a00000,0x00000000e6000000)
 ParOldGen       total 65024K, used 8763K [0x0000000080000000, 0x0000000083f80000, 0x00000000d5580000)
  object space 65024K, 13% used [0x0000000080000000,0x000000008088edf0,0x0000000083f80000)
 Metaspace       used 24501K, capacity 24896K, committed 24960K, reserved 1071104K
  class space    used 2764K, capacity 2902K, committed 2944K, reserved 1048576K
}

