# JRE version: OpenJDK Runtime Environment (Zulu 8.52.0.23-CA-win64) (8.0_282-b08) (build 1.8.0_282-b08)
# Java VM: OpenJDK 64-Bit Server VM (25.282-b08 mixed mode windows-amd64 compressed oops)
Heap:
 PSYoungGen      total 269312K, used 38335K [0x00000000d5580000, 0x00000000ea400000, 0x0000000100000000)
  eden space 258560K, 11% used [0x00000000d5580000,0x00000000d73a68a0,0x00000000e5200000)
  from space 10752K, 69% used [0x00000000e5200000,0x00000000e5949648,0x00000000e5c80000)
  to   space 11264K, 0% used [0x00000000e9900000,0x00000000e9900000,0x00000000ea400000)
 ParOldGen       total 62464K, used 10271K [0x0000000080000000, 0x0000000083d00000, 0x00000000d5580000)
  object space 62464K, 16% used [0x0000000080000000,0x0000000080a07e00,0x0000000083d00000)
 Metaspace       used 22882K, capacity 23224K, committed 23424K, reserved 1071104K
  class space    used 2502K, capacity 2625K, committed 2688K, reserved 1048576K
GC Heap History (10 events):
Event: 4.305 GC heap before
{Heap before GC invocations=4 (full 0):
 PSYoungGen      total 71680K, used 71665K [0x00000000d5580000, 0x00000000de180000, 0x0000000100000000)
  eden space 66560K, 100% used [0x00000000d5580000,0x00000000d9680000,0x00000000d9680000)
  from space 5120K, 99% used [0x00000000d9680000,0x00000000d9b7c6a8,0x00000000d9b80000)
  to   space 5120K, 0% used [0x00000000ddc80000,0x00000000ddc80000,0x00000000de180000)
 ParOldGen       total 87552K, used 923K [0x0000000080000000, 0x0000000085580000, 0x00000000d5580000)
  object space 87552K, 1% used [0x0000000080000000,0x00000000800e6c00,0x0000000085580000)
 Metaspace       used 16848K, capacity 17088K, committed 17280K, reserved 1064960K
  class space    used 1797K, capacity 1908K, committed 1920K, reserved 1048576K
Event: 4.320 GC heap after
Heap after GC invocations=4 (full 0):
 PSYoungGen      total 138240K, used 5090K [0x00000000d5580000, 0x00000000de180000, 0x0000000100000000)
  eden space 133120K, 0% used [0x00000000d5580000,0x00000000d5580000,0x00000000dd780000)
  from space 5120K, 99% used [0x00000000ddc80000,0x00000000de178858,0x00000000de180000)
  to   space 5120K, 0% used [0x00000000dd780000,0x00000000dd780000,0x00000000ddc80000)
 ParOldGen       total 87552K, used 4250K [0x0000000080000000, 0x0000000085580000, 0x00000000d5580000)
  object space 87552K, 4% used [0x0000000080000000,0x0000000080426bb8,0x0000000085580000)
 Metaspace       used 16848K, capacity 17088K, committed 17280K, reserved 1064960K
  class space    used 1797K, capacity 1908K, committed 1920K, reserved 1048576K
}
Event: 5.298 GC heap before
{Heap before GC invocations=5 (full 0):
 PSYoungGen      total 138240K, used 76631K [0x00000000d5580000, 0x00000000de180000, 0x0000000100000000)
  eden space 133120K, 53% used [0x00000000d5580000,0x00000000d9b5d628,0x00000000dd780000)
  from space 5120K, 99% used [0x00000000ddc80000,0x00000000de178858,0x00000000de180000)
  to   space 5120K, 0% used [0x00000000dd780000,0x00000000dd780000,0x00000000ddc80000)
 ParOldGen       total 87552K, used 4250K [0x0000000080000000, 0x0000000085580000, 0x00000000d5580000)
  object space 87552K, 4% used [0x0000000080000000,0x0000000080426bb8,0x0000000085580000)
 Metaspace       used 20820K, capacity 21072K, committed 21296K, reserved 1069056K
  class space    used 2309K, capacity 2424K, committed 2432K, reserved 1048576K
Event: 5.325 GC heap after
Heap after GC invocations=5 (full 0):
 PSYoungGen      total 138240K, used 5090K [0x00000000d5580000, 0x00000000e6e80000, 0x0000000100000000)
  eden space 133120K, 0% used [0x00000000d5580000,0x00000000d5580000,0x00000000dd780000)
  from space 5120K, 99% used [0x00000000dd780000,0x00000000ddc78b08,0x00000000ddc80000)
  to   space 10752K, 0% used [0x00000000e6400000,0x00000000e6400000,0x00000000e6e80000)
 ParOldGen       total 87552K, used 8181K [0x0000000080000000, 0x0000000085580000, 0x00000000d5580000)
  object space 87552K, 9% used [0x0000000080000000,0x00000000807fd478,0x0000000085580000)
 Metaspace       used 20820K, capacity 21072K, committed 21296K, reserved 1069056K
  class space    used 2309K, capacity 2424K, committed 2432K, reserved 1048576K
}
Event: 5.325 GC heap before
{Heap before GC invocations=6 (full 1):
 PSYoungGen      total 138240K, used 5090K [0x00000000d5580000, 0x00000000e6e80000, 0x0000000100000000)
  eden space 133120K, 0% used [0x00000000d5580000,0x00000000d5580000,0x00000000dd780000)
  from space 5120K, 99% used [0x00000000dd780000,0x00000000ddc78b08,0x00000000ddc80000)
  to   space 10752K, 0% used [0x00000000e6400000,0x00000000e6400000,0x00000000e6e80000)
 ParOldGen       total 87552K, used 8181K [0x0000000080000000, 0x0000000085580000, 0x00000000d5580000)
  object space 87552K, 9% used [0x0000000080000000,0x00000000807fd478,0x0000000085580000)
 Metaspace       used 20820K, capacity 21072K, committed 21296K, reserved 1069056K
  class space    used 2309K, capacity 2424K, committed 2432K, reserved 1048576K
Event: 5.390 GC heap after
Heap after GC invocations=6 (full 1):
 PSYoungGen      total 138240K, used 0K [0x00000000d5580000, 0x00000000e6e80000, 0x0000000100000000)
  eden space 133120K, 0% used [0x00000000d5580000,0x00000000d5580000,0x00000000dd780000)
  from space 5120K, 0% used [0x00000000dd780000,0x00000000dd780000,0x00000000ddc80000)
  to   space 10752K, 0% used [0x00000000e6400000,0x00000000e6400000,0x00000000e6e80000)
 ParOldGen       total 62464K, used 10263K [0x0000000080000000, 0x0000000083d00000, 0x00000000d5580000)
  object space 62464K, 16% used [0x0000000080000000,0x0000000080a05e00,0x0000000083d00000)
 Metaspace       used 20820K, capacity 21072K, committed 21296K, reserved 1069056K
  class space    used 2309K, capacity 2424K, committed 2432K, reserved 1048576K
}
Event: 6.259 GC heap before
{Heap before GC invocations=7 (full 1):
 PSYoungGen      total 138240K, used 133120K [0x00000000d5580000, 0x00000000e6e80000, 0x0000000100000000)
  eden space 133120K, 100% used [0x00000000d5580000,0x00000000dd780000,0x00000000dd780000)
  from space 5120K, 0% used [0x00000000dd780000,0x00000000dd780000,0x00000000ddc80000)
  to   space 10752K, 0% used [0x00000000e6400000,0x00000000e6400000,0x00000000e6e80000)
 ParOldGen       total 62464K, used 10263K [0x0000000080000000, 0x0000000083d00000, 0x00000000d5580000)
  object space 62464K, 16% used [0x0000000080000000,0x0000000080a05e00,0x0000000083d00000)
 Metaspace       used 22073K, capacity 22392K, committed 22704K, reserved 1069056K
  class space    used 2412K, capacity 2541K, committed 2560K, reserved 1048576K
Event: 6.266 GC heap after
Heap after GC invocations=7 (full 1):
 PSYoungGen      total 210432K, used 2622K [0x00000000d5580000, 0x00000000e6700000, 0x0000000100000000)
  eden space 207360K, 0% used [0x00000000d5580000,0x00000000d5580000,0x00000000e2000000)
  from space 3072K, 85% used [0x00000000e6400000,0x00000000e668f850,0x00000000e6700000)
  to   space 10752K, 0% used [0x00000000e5200000,0x00000000e5200000,0x00000000e5c80000)
 ParOldGen       total 62464K, used 10271K [0x0000000080000000, 0x0000000083d00000, 0x00000000d5580000)
  object space 62464K, 16% used [0x0000000080000000,0x0000000080a07e00,0x0000000083d00000)
 Metaspace       used 22073K, capacity 22392K, committed 22704K, reserved 1069056K
  class space    used 2412K, capacity 2541K, committed 2560K, reserved 1048576K
}
Event: 7.843 GC heap before
{Heap before GC invocations=8 (full 1):
 PSYoungGen      total 210432K, used 209982K [0x00000000d5580000, 0x00000000e6700000, 0x0000000100000000)
  eden space 207360K, 100% used [0x00000000d5580000,0x00000000e2000000,0x00000000e2000000)
  from space 3072K, 85% used [0x00000000e6400000,0x00000000e668f850,0x00000000e6700000)
  to   space 10752K, 0% used [0x00000000e5200000,0x00000000e5200000,0x00000000e5c80000)
 ParOldGen       total 62464K, used 10271K [0x0000000080000000, 0x0000000083d00000, 0x00000000d5580000)
  object space 62464K, 16% used [0x0000000080000000,0x0000000080a07e00,0x0000000083d00000)
 Metaspace       used 22843K, capacity 23142K, committed 23424K, reserved 1071104K
  class space    used 2499K, capacity 2619K, committed 2688K, reserved 1048576K
Event: 7.862 GC heap after
Heap after GC invocations=8 (full 1):
 PSYoungGen      total 269312K, used 7461K [0x00000000d5580000, 0x00000000ea400000, 0x0000000100000000)
  eden space 258560K, 0% used [0x00000000d5580000,0x00000000d5580000,0x00000000e5200000)
  from space 10752K, 69% used [0x00000000e5200000,0x00000000e5949648,0x00000000e5c80000)
  to   space 11264K, 0% used [0x00000000e9900000,0x00000000e9900000,0x00000000ea400000)
 ParOldGen       total 62464K, used 10271K [0x0000000080000000, 0x0000000083d00000, 0x00000000d5580000)
  object space 62464K, 16% used [0x0000000080000000,0x0000000080a07e00,0x0000000083d00000)
 Metaspace       used 22843K, capacity 23142K, committed 23424K, reserved 1071104K
  class space    used 2499K, capacity 2619K, committed 2688K, reserved 1048576K
}

