# JRE version: OpenJDK Runtime Environment (Zulu 8.52.0.23-CA-win64) (8.0_282-b08) (build 1.8.0_282-b08)
# Java VM: OpenJDK 64-Bit Server VM (25.282-b08 mixed mode windows-amd64 compressed oops)
Heap:
 PSYoungGen      total 270336K, used 217363K [0x00000000d5580000, 0x00000000eb980000, 0x0000000100000000)
  eden space 260608K, 79% used [0x00000000d5580000,0x00000000e2046580,0x00000000e5400000)
  from space 9728K, 99% used [0x00000000e5400000,0x00000000e5d7e860,0x00000000e5d80000)
  to   space 11264K, 0% used [0x00000000eae80000,0x00000000eae80000,0x00000000eb980000)
 ParOldGen       total 51712K, used 8888K [0x0000000080000000, 0x0000000083280000, 0x00000000d5580000)
  object space 51712K, 17% used [0x0000000080000000,0x00000000808ae0d0,0x0000000083280000)
 Metaspace       used 31438K, capacity 32374K, committed 32512K, reserved 1077248K
  class space    used 3695K, capacity 3990K, committed 4096K, reserved 1048576K
GC Heap History (10 events):
Event: 4.134 GC heap before
{Heap before GC invocations=6 (full 0):
 PSYoungGen      total 71680K, used 71677K [0x00000000d5580000, 0x00000000de780000, 0x0000000100000000)
  eden space 66560K, 100% used [0x00000000d5580000,0x00000000d9680000,0x00000000d9680000)
  from space 5120K, 99% used [0x00000000d9680000,0x00000000d9b7f7b8,0x00000000d9b80000)
  to   space 8192K, 0% used [0x00000000ddf80000,0x00000000ddf80000,0x00000000de780000)
 ParOldGen       total 87552K, used 3412K [0x0000000080000000, 0x0000000085580000, 0x00000000d5580000)
  object space 87552K, 3% used [0x0000000080000000,0x00000000803553c0,0x0000000085580000)
 Metaspace       used 20478K, capacity 20714K, committed 21120K, reserved 1069056K
  class space    used 2264K, capacity 2389K, committed 2432K, reserved 1048576K
Event: 4.150 GC heap after
Heap after GC invocations=6 (full 0):
 PSYoungGen      total 139776K, used 8190K [0x00000000d5580000, 0x00000000dea80000, 0x0000000100000000)
  eden space 131584K, 0% used [0x00000000d5580000,0x00000000d5580000,0x00000000dd600000)
  from space 8192K, 99% used [0x00000000ddf80000,0x00000000de77fab0,0x00000000de780000)
  to   space 9728K, 0% used [0x00000000dd600000,0x00000000dd600000,0x00000000ddf80000)
 ParOldGen       total 87552K, used 4046K [0x0000000080000000, 0x0000000085580000, 0x00000000d5580000)
  object space 87552K, 4% used [0x0000000080000000,0x00000000803f3a48,0x0000000085580000)
 Metaspace       used 20478K, capacity 20714K, committed 21120K, reserved 1069056K
  class space    used 2264K, capacity 2389K, committed 2432K, reserved 1048576K
}
Event: 4.226 GC heap before
{Heap before GC invocations=7 (full 0):
 PSYoungGen      total 139776K, used 13420K [0x00000000d5580000, 0x00000000dea80000, 0x0000000100000000)
  eden space 131584K, 3% used [0x00000000d5580000,0x00000000d5a9b678,0x00000000dd600000)
  from space 8192K, 99% used [0x00000000ddf80000,0x00000000de77fab0,0x00000000de780000)
  to   space 9728K, 0% used [0x00000000dd600000,0x00000000dd600000,0x00000000ddf80000)
 ParOldGen       total 87552K, used 4046K [0x0000000080000000, 0x0000000085580000, 0x00000000d5580000)
  object space 87552K, 4% used [0x0000000080000000,0x00000000803f3a48,0x0000000085580000)
 Metaspace       used 20821K, capacity 21072K, committed 21296K, reserved 1069056K
  class space    used 2309K, capacity 2424K, committed 2432K, reserved 1048576K
Event: 4.243 GC heap after
Heap after GC invocations=7 (full 0):
 PSYoungGen      total 141312K, used 3780K [0x00000000d5580000, 0x00000000e6980000, 0x0000000100000000)
  eden space 131584K, 0% used [0x00000000d5580000,0x00000000d5580000,0x00000000dd600000)
  from space 9728K, 38% used [0x00000000dd600000,0x00000000dd9b1350,0x00000000ddf80000)
  to   space 9728K, 0% used [0x00000000e6000000,0x00000000e6000000,0x00000000e6980000)
 ParOldGen       total 87552K, used 7353K [0x0000000080000000, 0x0000000085580000, 0x00000000d5580000)
  object space 87552K, 8% used [0x0000000080000000,0x000000008072e518,0x0000000085580000)
 Metaspace       used 20821K, capacity 21072K, committed 21296K, reserved 1069056K
  class space    used 2309K, capacity 2424K, committed 2432K, reserved 1048576K
}
Event: 4.243 GC heap before
{Heap before GC invocations=8 (full 1):
 PSYoungGen      total 141312K, used 3780K [0x00000000d5580000, 0x00000000e6980000, 0x0000000100000000)
  eden space 131584K, 0% used [0x00000000d5580000,0x00000000d5580000,0x00000000dd600000)
  from space 9728K, 38% used [0x00000000dd600000,0x00000000dd9b1350,0x00000000ddf80000)
  to   space 9728K, 0% used [0x00000000e6000000,0x00000000e6000000,0x00000000e6980000)
 ParOldGen       total 87552K, used 7353K [0x0000000080000000, 0x0000000085580000, 0x00000000d5580000)
  object space 87552K, 8% used [0x0000000080000000,0x000000008072e518,0x0000000085580000)
 Metaspace       used 20821K, capacity 21072K, committed 21296K, reserved 1069056K
  class space    used 2309K, capacity 2424K, committed 2432K, reserved 1048576K
Event: 4.301 GC heap after
Heap after GC invocations=8 (full 1):
 PSYoungGen      total 141312K, used 0K [0x00000000d5580000, 0x00000000e6980000, 0x0000000100000000)
  eden space 131584K, 0% used [0x00000000d5580000,0x00000000d5580000,0x00000000dd600000)
  from space 9728K, 0% used [0x00000000dd600000,0x00000000dd600000,0x00000000ddf80000)
  to   space 9728K, 0% used [0x00000000e6000000,0x00000000e6000000,0x00000000e6980000)
 ParOldGen       total 51712K, used 8489K [0x0000000080000000, 0x0000000083280000, 0x00000000d5580000)
  object space 51712K, 16% used [0x0000000080000000,0x000000008084a7f8,0x0000000083280000)
 Metaspace       used 20821K, capacity 21072K, committed 21296K, reserved 1069056K
  class space    used 2309K, capacity 2424K, committed 2432K, reserved 1048576K
}
Event: 5.343 GC heap before
{Heap before GC invocations=9 (full 1):
 PSYoungGen      total 141312K, used 131584K [0x00000000d5580000, 0x00000000e6980000, 0x0000000100000000)
  eden space 131584K, 100% used [0x00000000d5580000,0x00000000dd600000,0x00000000dd600000)
  from space 9728K, 0% used [0x00000000dd600000,0x00000000dd600000,0x00000000ddf80000)
  to   space 9728K, 0% used [0x00000000e6000000,0x00000000e6000000,0x00000000e6980000)
 ParOldGen       total 51712K, used 8489K [0x0000000080000000, 0x0000000083280000, 0x00000000d5580000)
  object space 51712K, 16% used [0x0000000080000000,0x000000008084a7f8,0x0000000083280000)
 Metaspace       used 22478K, capacity 22840K, committed 23088K, reserved 1069056K
  class space    used 2467K, capacity 2581K, committed 2688K, reserved 1048576K
Event: 5.370 GC heap after
Heap after GC invocations=9 (full 1):
 PSYoungGen      total 242688K, used 7014K [0x00000000d5580000, 0x00000000e6700000, 0x0000000100000000)
  eden space 235520K, 0% used [0x00000000d5580000,0x00000000d5580000,0x00000000e3b80000)
  from space 7168K, 97% used [0x00000000e6000000,0x00000000e66d9980,0x00000000e6700000)
  to   space 9728K, 0% used [0x00000000e5400000,0x00000000e5400000,0x00000000e5d80000)
 ParOldGen       total 51712K, used 8489K [0x0000000080000000, 0x0000000083280000, 0x00000000d5580000)
  object space 51712K, 16% used [0x0000000080000000,0x000000008084a7f8,0x0000000083280000)
 Metaspace       used 22478K, capacity 22840K, committed 23088K, reserved 1069056K
  class space    used 2467K, capacity 2581K, committed 2688K, reserved 1048576K
}
Event: 7.136 GC heap before
{Heap before GC invocations=10 (full 1):
 PSYoungGen      total 242688K, used 242534K [0x00000000d5580000, 0x00000000e6700000, 0x0000000100000000)
  eden space 235520K, 100% used [0x00000000d5580000,0x00000000e3b80000,0x00000000e3b80000)
  from space 7168K, 97% used [0x00000000e6000000,0x00000000e66d9980,0x00000000e6700000)
  to   space 9728K, 0% used [0x00000000e5400000,0x00000000e5400000,0x00000000e5d80000)
 ParOldGen       total 51712K, used 8489K [0x0000000080000000, 0x0000000083280000, 0x00000000d5580000)
  object space 51712K, 16% used [0x0000000080000000,0x000000008084a7f8,0x0000000083280000)
 Metaspace       used 25101K, capacity 25498K, committed 25856K, reserved 1073152K
  class space    used 2856K, capacity 2998K, committed 3072K, reserved 1048576K
Event: 7.158 GC heap after
Heap after GC invocations=10 (full 1):
 PSYoungGen      total 270336K, used 9722K [0x00000000d5580000, 0x00000000eb980000, 0x0000000100000000)
  eden space 260608K, 0% used [0x00000000d5580000,0x00000000d5580000,0x00000000e5400000)
  from space 9728K, 99% used [0x00000000e5400000,0x00000000e5d7e860,0x00000000e5d80000)
  to   space 11264K, 0% used [0x00000000eae80000,0x00000000eae80000,0x00000000eb980000)
 ParOldGen       total 51712K, used 8888K [0x0000000080000000, 0x0000000083280000, 0x00000000d5580000)
  object space 51712K, 17% used [0x0000000080000000,0x00000000808ae0d0,0x0000000083280000)
 Metaspace       used 25101K, capacity 25498K, committed 25856K, reserved 1073152K
  class space    used 2856K, capacity 2998K, committed 3072K, reserved 1048576K
}

