# JRE version: OpenJDK Runtime Environment (Zulu 8.52.0.23-CA-win64) (8.0_282-b08) (build 1.8.0_282-b08)
# Java VM: OpenJDK 64-Bit Server VM (25.282-b08 mixed mode windows-amd64 compressed oops)
Heap:
 PSYoungGen      total 266240K, used 155695K [0x00000000d5580000, 0x00000000eb780000, 0x0000000100000000)
  eden space 256512K, 57% used [0x00000000d5580000,0x00000000de648248,0x00000000e5000000)
  from space 9728K, 76% used [0x00000000e5000000,0x00000000e5743d90,0x00000000e5980000)
  to   space 10240K, 0% used [0x00000000ead80000,0x00000000ead80000,0x00000000eb780000)
 ParOldGen       total 51200K, used 8524K [0x0000000080000000, 0x0000000083200000, 0x00000000d5580000)
  object space 51200K, 16% used [0x0000000080000000,0x0000000080853370,0x0000000083200000)
 Metaspace       used 30152K, capacity 30996K, committed 31232K, reserved 1077248K
  class space    used 3573K, capacity 3835K, committed 3840K, reserved 1048576K
GC Heap History (10 events):
Event: 3.915 GC heap before
{Heap before GC invocations=6 (full 0):
 PSYoungGen      total 71680K, used 71661K [0x00000000d5580000, 0x00000000de780000, 0x0000000100000000)
  eden space 66560K, 100% used [0x00000000d5580000,0x00000000d9680000,0x00000000d9680000)
  from space 5120K, 99% used [0x00000000d9680000,0x00000000d9b7b7a8,0x00000000d9b80000)
  to   space 8192K, 0% used [0x00000000ddf80000,0x00000000ddf80000,0x00000000de780000)
 ParOldGen       total 87552K, used 3464K [0x0000000080000000, 0x0000000085580000, 0x00000000d5580000)
  object space 87552K, 3% used [0x0000000080000000,0x0000000080362388,0x0000000085580000)
 Metaspace       used 20412K, capacity 20682K, committed 21120K, reserved 1069056K
  class space    used 2258K, capacity 2357K, committed 2432K, reserved 1048576K
Event: 3.930 GC heap after
Heap after GC invocations=6 (full 0):
 PSYoungGen      total 139776K, used 8191K [0x00000000d5580000, 0x00000000dea80000, 0x0000000100000000)
  eden space 131584K, 0% used [0x00000000d5580000,0x00000000d5580000,0x00000000dd600000)
  from space 8192K, 99% used [0x00000000ddf80000,0x00000000de77fe68,0x00000000de780000)
  to   space 9728K, 0% used [0x00000000dd600000,0x00000000dd600000,0x00000000ddf80000)
 ParOldGen       total 87552K, used 4120K [0x0000000080000000, 0x0000000085580000, 0x00000000d5580000)
  object space 87552K, 4% used [0x0000000080000000,0x00000000804063b0,0x0000000085580000)
 Metaspace       used 20412K, capacity 20682K, committed 21120K, reserved 1069056K
  class space    used 2258K, capacity 2357K, committed 2432K, reserved 1048576K
}
Event: 4.006 GC heap before
{Heap before GC invocations=7 (full 0):
 PSYoungGen      total 139776K, used 13415K [0x00000000d5580000, 0x00000000dea80000, 0x0000000100000000)
  eden space 131584K, 3% used [0x00000000d5580000,0x00000000d5a99f10,0x00000000dd600000)
  from space 8192K, 99% used [0x00000000ddf80000,0x00000000de77fe68,0x00000000de780000)
  to   space 9728K, 0% used [0x00000000dd600000,0x00000000dd600000,0x00000000ddf80000)
 ParOldGen       total 87552K, used 4120K [0x0000000080000000, 0x0000000085580000, 0x00000000d5580000)
  object space 87552K, 4% used [0x0000000080000000,0x00000000804063b0,0x0000000085580000)
 Metaspace       used 20809K, capacity 21072K, committed 21296K, reserved 1069056K
  class space    used 2311K, capacity 2424K, committed 2432K, reserved 1048576K
Event: 4.028 GC heap after
Heap after GC invocations=7 (full 0):
 PSYoungGen      total 141312K, used 3924K [0x00000000d5580000, 0x00000000e6980000, 0x0000000100000000)
  eden space 131584K, 0% used [0x00000000d5580000,0x00000000d5580000,0x00000000dd600000)
  from space 9728K, 40% used [0x00000000dd600000,0x00000000dd9d5360,0x00000000ddf80000)
  to   space 9728K, 0% used [0x00000000e6000000,0x00000000e6000000,0x00000000e6980000)
 ParOldGen       total 87552K, used 7286K [0x0000000080000000, 0x0000000085580000, 0x00000000d5580000)
  object space 87552K, 8% used [0x0000000080000000,0x000000008071d908,0x0000000085580000)
 Metaspace       used 20809K, capacity 21072K, committed 21296K, reserved 1069056K
  class space    used 2311K, capacity 2424K, committed 2432K, reserved 1048576K
}
Event: 4.028 GC heap before
{Heap before GC invocations=8 (full 1):
 PSYoungGen      total 141312K, used 3924K [0x00000000d5580000, 0x00000000e6980000, 0x0000000100000000)
  eden space 131584K, 0% used [0x00000000d5580000,0x00000000d5580000,0x00000000dd600000)
  from space 9728K, 40% used [0x00000000dd600000,0x00000000dd9d5360,0x00000000ddf80000)
  to   space 9728K, 0% used [0x00000000e6000000,0x00000000e6000000,0x00000000e6980000)
 ParOldGen       total 87552K, used 7286K [0x0000000080000000, 0x0000000085580000, 0x00000000d5580000)
  object space 87552K, 8% used [0x0000000080000000,0x000000008071d908,0x0000000085580000)
 Metaspace       used 20809K, capacity 21072K, committed 21296K, reserved 1069056K
  class space    used 2311K, capacity 2424K, committed 2432K, reserved 1048576K
Event: 4.088 GC heap after
Heap after GC invocations=8 (full 1):
 PSYoungGen      total 141312K, used 0K [0x00000000d5580000, 0x00000000e6980000, 0x0000000100000000)
  eden space 131584K, 0% used [0x00000000d5580000,0x00000000d5580000,0x00000000dd600000)
  from space 9728K, 0% used [0x00000000dd600000,0x00000000dd600000,0x00000000ddf80000)
  to   space 9728K, 0% used [0x00000000e6000000,0x00000000e6000000,0x00000000e6980000)
 ParOldGen       total 51200K, used 8516K [0x0000000080000000, 0x0000000083200000, 0x00000000d5580000)
  object space 51200K, 16% used [0x0000000080000000,0x0000000080851370,0x0000000083200000)
 Metaspace       used 20809K, capacity 21072K, committed 21296K, reserved 1069056K
  class space    used 2311K, capacity 2424K, committed 2432K, reserved 1048576K
}
Event: 4.949 GC heap before
{Heap before GC invocations=9 (full 1):
 PSYoungGen      total 141312K, used 131584K [0x00000000d5580000, 0x00000000e6980000, 0x0000000100000000)
  eden space 131584K, 100% used [0x00000000d5580000,0x00000000dd600000,0x00000000dd600000)
  from space 9728K, 0% used [0x00000000dd600000,0x00000000dd600000,0x00000000ddf80000)
  to   space 9728K, 0% used [0x00000000e6000000,0x00000000e6000000,0x00000000e6980000)
 ParOldGen       total 51200K, used 8516K [0x0000000080000000, 0x0000000083200000, 0x00000000d5580000)
  object space 51200K, 16% used [0x0000000080000000,0x0000000080851370,0x0000000083200000)
 Metaspace       used 22047K, capacity 22392K, committed 22704K, reserved 1069056K
  class space    used 2413K, capacity 2541K, committed 2560K, reserved 1048576K
Event: 4.955 GC heap after
Heap after GC invocations=9 (full 1):
 PSYoungGen      total 238080K, used 2688K [0x00000000d5580000, 0x00000000e6300000, 0x0000000100000000)
  eden space 235008K, 0% used [0x00000000d5580000,0x00000000d5580000,0x00000000e3b00000)
  from space 3072K, 87% used [0x00000000e6000000,0x00000000e62a03b8,0x00000000e6300000)
  to   space 9728K, 0% used [0x00000000e5000000,0x00000000e5000000,0x00000000e5980000)
 ParOldGen       total 51200K, used 8524K [0x0000000080000000, 0x0000000083200000, 0x00000000d5580000)
  object space 51200K, 16% used [0x0000000080000000,0x0000000080853370,0x0000000083200000)
 Metaspace       used 22047K, capacity 22392K, committed 22704K, reserved 1069056K
  class space    used 2413K, capacity 2541K, committed 2560K, reserved 1048576K
}
Event: 6.567 GC heap before
{Heap before GC invocations=10 (full 1):
 PSYoungGen      total 238080K, used 237696K [0x00000000d5580000, 0x00000000e6300000, 0x0000000100000000)
  eden space 235008K, 100% used [0x00000000d5580000,0x00000000e3b00000,0x00000000e3b00000)
  from space 3072K, 87% used [0x00000000e6000000,0x00000000e62a03b8,0x00000000e6300000)
  to   space 9728K, 0% used [0x00000000e5000000,0x00000000e5000000,0x00000000e5980000)
 ParOldGen       total 51200K, used 8524K [0x0000000080000000, 0x0000000083200000, 0x00000000d5580000)
  object space 51200K, 16% used [0x0000000080000000,0x0000000080853370,0x0000000083200000)
 Metaspace       used 22815K, capacity 23142K, committed 23424K, reserved 1071104K
  class space    used 2502K, capacity 2619K, committed 2688K, reserved 1048576K
Event: 6.603 GC heap after
Heap after GC invocations=10 (full 1):
 PSYoungGen      total 266240K, used 7439K [0x00000000d5580000, 0x00000000eb780000, 0x0000000100000000)
  eden space 256512K, 0% used [0x00000000d5580000,0x00000000d5580000,0x00000000e5000000)
  from space 9728K, 76% used [0x00000000e5000000,0x00000000e5743d90,0x00000000e5980000)
  to   space 10240K, 0% used [0x00000000ead80000,0x00000000ead80000,0x00000000eb780000)
 ParOldGen       total 51200K, used 8524K [0x0000000080000000, 0x0000000083200000, 0x00000000d5580000)
  object space 51200K, 16% used [0x0000000080000000,0x0000000080853370,0x0000000083200000)
 Metaspace       used 22815K, capacity 23142K, committed 23424K, reserved 1071104K
  class space    used 2502K, capacity 2619K, committed 2688K, reserved 1048576K
}

