# JRE version: OpenJDK Runtime Environment (Zulu 8.52.0.23-CA-win64) (8.0_282-b08) (build 1.8.0_282-b08)
# Java VM: OpenJDK 64-Bit Server VM (25.282-b08 mixed mode windows-amd64 compressed oops)
Heap:
 PSYoungGen      total 266752K, used 84115K [0x00000000d5580000, 0x00000000e9000000, 0x0000000100000000)
  eden space 257024K, 28% used [0x00000000d5580000,0x00000000d9e26cd8,0x00000000e5080000)
  from space 9728K, 99% used [0x00000000e5080000,0x00000000e59fe148,0x00000000e5a00000)
  to   space 11776K, 0% used [0x00000000e8480000,0x00000000e8480000,0x00000000e9000000)
 ParOldGen       total 55808K, used 11221K [0x0000000080000000, 0x0000000083680000, 0x00000000d5580000)
  object space 55808K, 20% used [0x0000000080000000,0x0000000080af5588,0x0000000083680000)
 Metaspace       used 30732K, capacity 31664K, committed 31872K, reserved 1077248K
  class space    used 3629K, capacity 3886K, committed 3968K, reserved 1048576K
GC Heap History (10 events):
Event: 4.399 GC heap before
{Heap before GC invocations=6 (full 0):
 PSYoungGen      total 71680K, used 71664K [0x00000000d5580000, 0x00000000de780000, 0x0000000100000000)
  eden space 66560K, 100% used [0x00000000d5580000,0x00000000d9680000,0x00000000d9680000)
  from space 5120K, 99% used [0x00000000d9680000,0x00000000d9b7c340,0x00000000d9b80000)
  to   space 8192K, 0% used [0x00000000ddf80000,0x00000000ddf80000,0x00000000de780000)
 ParOldGen       total 87552K, used 3572K [0x0000000080000000, 0x0000000085580000, 0x00000000d5580000)
  object space 87552K, 4% used [0x0000000080000000,0x000000008037d3b8,0x0000000085580000)
 Metaspace       used 20021K, capacity 20312K, committed 20608K, reserved 1067008K
  class space    used 2206K, capacity 2321K, committed 2432K, reserved 1048576K
Event: 4.415 GC heap after
Heap after GC invocations=6 (full 0):
 PSYoungGen      total 140288K, used 8161K [0x00000000d5580000, 0x00000000de980000, 0x0000000100000000)
  eden space 132096K, 0% used [0x00000000d5580000,0x00000000d5580000,0x00000000dd680000)
  from space 8192K, 99% used [0x00000000ddf80000,0x00000000de7785d0,0x00000000de780000)
  to   space 9216K, 0% used [0x00000000dd680000,0x00000000dd680000,0x00000000ddf80000)
 ParOldGen       total 87552K, used 3812K [0x0000000080000000, 0x0000000085580000, 0x00000000d5580000)
  object space 87552K, 4% used [0x0000000080000000,0x00000000803b93b8,0x0000000085580000)
 Metaspace       used 20021K, capacity 20312K, committed 20608K, reserved 1067008K
  class space    used 2206K, capacity 2321K, committed 2432K, reserved 1048576K
}
Event: 4.673 GC heap before
{Heap before GC invocations=7 (full 0):
 PSYoungGen      total 140288K, used 18878K [0x00000000d5580000, 0x00000000de980000, 0x0000000100000000)
  eden space 132096K, 8% used [0x00000000d5580000,0x00000000d5ff72e8,0x00000000dd680000)
  from space 8192K, 99% used [0x00000000ddf80000,0x00000000de7785d0,0x00000000de780000)
  to   space 9216K, 0% used [0x00000000dd680000,0x00000000dd680000,0x00000000ddf80000)
 ParOldGen       total 87552K, used 3812K [0x0000000080000000, 0x0000000085580000, 0x00000000d5580000)
  object space 87552K, 4% used [0x0000000080000000,0x00000000803b93b8,0x0000000085580000)
 Metaspace       used 20851K, capacity 21136K, committed 21296K, reserved 1069056K
  class space    used 2307K, capacity 2424K, committed 2432K, reserved 1048576K
Event: 4.690 GC heap after
Heap after GC invocations=7 (full 0):
 PSYoungGen      total 141312K, used 4326K [0x00000000d5580000, 0x00000000e6980000, 0x0000000100000000)
  eden space 132096K, 0% used [0x00000000d5580000,0x00000000d5580000,0x00000000dd680000)
  from space 9216K, 46% used [0x00000000dd680000,0x00000000ddab98a8,0x00000000ddf80000)
  to   space 9216K, 0% used [0x00000000e6080000,0x00000000e6080000,0x00000000e6980000)
 ParOldGen       total 87552K, used 6940K [0x0000000080000000, 0x0000000085580000, 0x00000000d5580000)
  object space 87552K, 7% used [0x0000000080000000,0x00000000806c73e8,0x0000000085580000)
 Metaspace       used 20851K, capacity 21136K, committed 21296K, reserved 1069056K
  class space    used 2307K, capacity 2424K, committed 2432K, reserved 1048576K
}
Event: 4.690 GC heap before
{Heap before GC invocations=8 (full 1):
 PSYoungGen      total 141312K, used 4326K [0x00000000d5580000, 0x00000000e6980000, 0x0000000100000000)
  eden space 132096K, 0% used [0x00000000d5580000,0x00000000d5580000,0x00000000dd680000)
  from space 9216K, 46% used [0x00000000dd680000,0x00000000ddab98a8,0x00000000ddf80000)
  to   space 9216K, 0% used [0x00000000e6080000,0x00000000e6080000,0x00000000e6980000)
 ParOldGen       total 87552K, used 6940K [0x0000000080000000, 0x0000000085580000, 0x00000000d5580000)
  object space 87552K, 7% used [0x0000000080000000,0x00000000806c73e8,0x0000000085580000)
 Metaspace       used 20851K, capacity 21136K, committed 21296K, reserved 1069056K
  class space    used 2307K, capacity 2424K, committed 2432K, reserved 1048576K
Event: 4.748 GC heap after
Heap after GC invocations=8 (full 1):
 PSYoungGen      total 141312K, used 0K [0x00000000d5580000, 0x00000000e6980000, 0x0000000100000000)
  eden space 132096K, 0% used [0x00000000d5580000,0x00000000d5580000,0x00000000dd680000)
  from space 9216K, 0% used [0x00000000dd680000,0x00000000dd680000,0x00000000ddf80000)
  to   space 9216K, 0% used [0x00000000e6080000,0x00000000e6080000,0x00000000e6980000)
 ParOldGen       total 55808K, used 8926K [0x0000000080000000, 0x0000000083680000, 0x00000000d5580000)
  object space 55808K, 15% used [0x0000000080000000,0x00000000808b7850,0x0000000083680000)
 Metaspace       used 20851K, capacity 21136K, committed 21296K, reserved 1069056K
  class space    used 2307K, capacity 2424K, committed 2432K, reserved 1048576K
}
Event: 5.736 GC heap before
{Heap before GC invocations=9 (full 1):
 PSYoungGen      total 141312K, used 132096K [0x00000000d5580000, 0x00000000e6980000, 0x0000000100000000)
  eden space 132096K, 100% used [0x00000000d5580000,0x00000000dd680000,0x00000000dd680000)
  from space 9216K, 0% used [0x00000000dd680000,0x00000000dd680000,0x00000000ddf80000)
  to   space 9216K, 0% used [0x00000000e6080000,0x00000000e6080000,0x00000000e6980000)
 ParOldGen       total 55808K, used 8926K [0x0000000080000000, 0x0000000083680000, 0x00000000d5580000)
  object space 55808K, 15% used [0x0000000080000000,0x00000000808b7850,0x0000000083680000)
 Metaspace       used 22141K, capacity 22520K, committed 22704K, reserved 1069056K
  class space    used 2414K, capacity 2541K, committed 2560K, reserved 1048576K
Event: 5.741 GC heap after
Heap after GC invocations=9 (full 1):
 PSYoungGen      total 220672K, used 2750K [0x00000000d5580000, 0x00000000e6380000, 0x0000000100000000)
  eden space 217600K, 0% used [0x00000000d5580000,0x00000000d5580000,0x00000000e2a00000)
  from space 3072K, 89% used [0x00000000e6080000,0x00000000e632f850,0x00000000e6380000)
  to   space 9728K, 0% used [0x00000000e5080000,0x00000000e5080000,0x00000000e5a00000)
 ParOldGen       total 55808K, used 8926K [0x0000000080000000, 0x0000000083680000, 0x00000000d5580000)
  object space 55808K, 15% used [0x0000000080000000,0x00000000808b7850,0x0000000083680000)
 Metaspace       used 22141K, capacity 22520K, committed 22704K, reserved 1069056K
  class space    used 2414K, capacity 2541K, committed 2560K, reserved 1048576K
}
Event: 8.047 GC heap before
{Heap before GC invocations=10 (full 1):
 PSYoungGen      total 220672K, used 220350K [0x00000000d5580000, 0x00000000e6380000, 0x0000000100000000)
  eden space 217600K, 100% used [0x00000000d5580000,0x00000000e2a00000,0x00000000e2a00000)
  from space 3072K, 89% used [0x00000000e6080000,0x00000000e632f850,0x00000000e6380000)
  to   space 9728K, 0% used [0x00000000e5080000,0x00000000e5080000,0x00000000e5a00000)
 ParOldGen       total 55808K, used 8926K [0x0000000080000000, 0x0000000083680000, 0x00000000d5580000)
  object space 55808K, 15% used [0x0000000080000000,0x00000000808b7850,0x0000000083680000)
 Metaspace       used 25991K, capacity 26474K, committed 26752K, reserved 1073152K
  class space    used 2953K, capacity 3104K, committed 3200K, reserved 1048576K
Event: 8.074 GC heap after
Heap after GC invocations=10 (full 1):
 PSYoungGen      total 266752K, used 9720K [0x00000000d5580000, 0x00000000e9000000, 0x0000000100000000)
  eden space 257024K, 0% used [0x00000000d5580000,0x00000000d5580000,0x00000000e5080000)
  from space 9728K, 99% used [0x00000000e5080000,0x00000000e59fe148,0x00000000e5a00000)
  to   space 11776K, 0% used [0x00000000e8480000,0x00000000e8480000,0x00000000e9000000)
 ParOldGen       total 55808K, used 11221K [0x0000000080000000, 0x0000000083680000, 0x00000000d5580000)
  object space 55808K, 20% used [0x0000000080000000,0x0000000080af5588,0x0000000083680000)
 Metaspace       used 25991K, capacity 26474K, committed 26752K, reserved 1073152K
  class space    used 2953K, capacity 3104K, committed 3200K, reserved 1048576K
}

