# JRE version: OpenJDK Runtime Environment (Zulu 8.52.0.23-CA-win64) (8.0_282-b08) (build 1.8.0_282-b08)
# Java VM: OpenJDK 64-Bit Server VM (25.282-b08 mixed mode windows-amd64 compressed oops)
Heap:
 PSYoungGen      total 270336K, used 5312K [0x00000000d5580000, 0x00000000ebe80000, 0x0000000100000000)
  eden space 260608K, 2% used [0x00000000d5580000,0x00000000d5ab0328,0x00000000e5400000)
  from space 9728K, 0% used [0x00000000e5400000,0x00000000e5400000,0x00000000e5d80000)
  to   space 11264K, 0% used [0x00000000eb380000,0x00000000eb380000,0x00000000ebe80000)
 ParOldGen       total 51200K, used 12619K [0x0000000080000000, 0x0000000083200000, 0x00000000d5580000)
  object space 51200K, 24% used [0x0000000080000000,0x0000000080c52e68,0x0000000083200000)
 Metaspace       used 28171K, capacity 28770K, committed 29184K, reserved 1079296K
  class space    used 3267K, capacity 3449K, committed 3584K, reserved 1048576K
GC Heap History (10 events):
Event: 6.933 GC heap before
{Heap before GC invocations=10 (full 1):
 PSYoungGen      total 244736K, used 244611K [0x00000000d5580000, 0x00000000e6700000, 0x0000000100000000)
  eden space 237568K, 100% used [0x00000000d5580000,0x00000000e3d80000,0x00000000e3d80000)
  from space 7168K, 98% used [0x00000000e6000000,0x00000000e66e0e18,0x00000000e6700000)
  to   space 9728K, 0% used [0x00000000e5400000,0x00000000e5400000,0x00000000e5d80000)
 ParOldGen       total 51200K, used 8371K [0x0000000080000000, 0x0000000083200000, 0x00000000d5580000)
  object space 51200K, 16% used [0x0000000080000000,0x000000008082cd40,0x0000000083200000)
 Metaspace       used 25602K, capacity 26006K, committed 26112K, reserved 1073152K
  class space    used 2928K, capacity 3062K, committed 3072K, reserved 1048576K
Event: 6.957 GC heap after
Heap after GC invocations=10 (full 1):
 PSYoungGen      total 270336K, used 9722K [0x00000000d5580000, 0x00000000ebe80000, 0x0000000100000000)
  eden space 260608K, 0% used [0x00000000d5580000,0x00000000d5580000,0x00000000e5400000)
  from space 9728K, 99% used [0x00000000e5400000,0x00000000e5d7eb20,0x00000000e5d80000)
  to   space 11264K, 0% used [0x00000000eb380000,0x00000000eb380000,0x00000000ebe80000)
 ParOldGen       total 51200K, used 9195K [0x0000000080000000, 0x0000000083200000, 0x00000000d5580000)
  object space 51200K, 17% used [0x0000000080000000,0x00000000808fae18,0x0000000083200000)
 Metaspace       used 25602K, capacity 26006K, committed 26112K, reserved 1073152K
  class space    used 2928K, capacity 3062K, committed 3072K, reserved 1048576K
}
Event: 8.040 GC heap before
{Heap before GC invocations=11 (full 1):
 PSYoungGen      total 270336K, used 46201K [0x00000000d5580000, 0x00000000ebe80000, 0x0000000100000000)
  eden space 260608K, 13% used [0x00000000d5580000,0x00000000d791fa18,0x00000000e5400000)
  from space 9728K, 99% used [0x00000000e5400000,0x00000000e5d7eb20,0x00000000e5d80000)
  to   space 11264K, 0% used [0x00000000eb380000,0x00000000eb380000,0x00000000ebe80000)
 ParOldGen       total 51200K, used 9195K [0x0000000080000000, 0x0000000083200000, 0x00000000d5580000)
  object space 51200K, 17% used [0x0000000080000000,0x00000000808fae18,0x0000000083200000)
 Metaspace       used 28168K, capacity 28802K, committed 28928K, reserved 1079296K
  class space    used 3275K, capacity 3458K, committed 3584K, reserved 1048576K
Event: 8.059 GC heap after
Heap after GC invocations=11 (full 1):
 PSYoungGen      total 271872K, used 4556K [0x00000000d5580000, 0x00000000ebe80000, 0x0000000100000000)
  eden space 260608K, 0% used [0x00000000d5580000,0x00000000d5580000,0x00000000e5400000)
  from space 11264K, 40% used [0x00000000eb380000,0x00000000eb7f3200,0x00000000ebe80000)
  to   space 9728K, 0% used [0x00000000e5400000,0x00000000e5400000,0x00000000e5d80000)
 ParOldGen       total 51200K, used 15239K [0x0000000080000000, 0x0000000083200000, 0x00000000d5580000)
  object space 51200K, 29% used [0x0000000080000000,0x0000000080ee1f68,0x0000000083200000)
 Metaspace       used 28168K, capacity 28802K, committed 28928K, reserved 1079296K
  class space    used 3275K, capacity 3458K, committed 3584K, reserved 1048576K
}
Event: 8.059 GC heap before
{Heap before GC invocations=12 (full 2):
 PSYoungGen      total 271872K, used 4556K [0x00000000d5580000, 0x00000000ebe80000, 0x0000000100000000)
  eden space 260608K, 0% used [0x00000000d5580000,0x00000000d5580000,0x00000000e5400000)
  from space 11264K, 40% used [0x00000000eb380000,0x00000000eb7f3200,0x00000000ebe80000)
  to   space 9728K, 0% used [0x00000000e5400000,0x00000000e5400000,0x00000000e5d80000)
 ParOldGen       total 51200K, used 15239K [0x0000000080000000, 0x0000000083200000, 0x00000000d5580000)
  object space 51200K, 29% used [0x0000000080000000,0x0000000080ee1f68,0x0000000083200000)
 Metaspace       used 28168K, capacity 28802K, committed 28928K, reserved 1079296K
  class space    used 3275K, capacity 3458K, committed 3584K, reserved 1048576K
Event: 8.147 GC heap after
Heap after GC invocations=12 (full 2):
 PSYoungGen      total 271872K, used 0K [0x00000000d5580000, 0x00000000ebe80000, 0x0000000100000000)
  eden space 260608K, 0% used [0x00000000d5580000,0x00000000d5580000,0x00000000e5400000)
  from space 11264K, 0% used [0x00000000eb380000,0x00000000eb380000,0x00000000ebe80000)
  to   space 9728K, 0% used [0x00000000e5400000,0x00000000e5400000,0x00000000e5d80000)
 ParOldGen       total 51200K, used 18591K [0x0000000080000000, 0x0000000083200000, 0x00000000d5580000)
  object space 51200K, 36% used [0x0000000080000000,0x0000000081227e80,0x0000000083200000)
 Metaspace       used 28168K, capacity 28802K, committed 28928K, reserved 1077248K
  class space    used 3275K, capacity 3458K, committed 3584K, reserved 1048576K
}
Event: 8.147 GC heap before
{Heap before GC invocations=13 (full 2):
 PSYoungGen      total 271872K, used 0K [0x00000000d5580000, 0x00000000ebe80000, 0x0000000100000000)
  eden space 260608K, 0% used [0x00000000d5580000,0x00000000d5580000,0x00000000e5400000)
  from space 11264K, 0% used [0x00000000eb380000,0x00000000eb380000,0x00000000ebe80000)
  to   space 9728K, 0% used [0x00000000e5400000,0x00000000e5400000,0x00000000e5d80000)
 ParOldGen       total 51200K, used 18591K [0x0000000080000000, 0x0000000083200000, 0x00000000d5580000)
  object space 51200K, 36% used [0x0000000080000000,0x0000000081227e80,0x0000000083200000)
 Metaspace       used 28168K, capacity 28802K, committed 28928K, reserved 1081344K
  class space    used 3275K, capacity 3458K, committed 3584K, reserved 1048576K
Event: 8.148 GC heap after
Heap after GC invocations=13 (full 2):
 PSYoungGen      total 270336K, used 0K [0x00000000d5580000, 0x00000000ebe80000, 0x0000000100000000)
  eden space 260608K, 0% used [0x00000000d5580000,0x00000000d5580000,0x00000000e5400000)
  from space 9728K, 0% used [0x00000000e5400000,0x00000000e5400000,0x00000000e5d80000)
  to   space 11264K, 0% used [0x00000000eb380000,0x00000000eb380000,0x00000000ebe80000)
 ParOldGen       total 51200K, used 18591K [0x0000000080000000, 0x0000000083200000, 0x00000000d5580000)
  object space 51200K, 36% used [0x0000000080000000,0x0000000081227e80,0x0000000083200000)
 Metaspace       used 28168K, capacity 28802K, committed 28928K, reserved 1081344K
  class space    used 3275K, capacity 3458K, committed 3584K, reserved 1048576K
}
Event: 8.148 GC heap before
{Heap before GC invocations=14 (full 3):
 PSYoungGen      total 270336K, used 0K [0x00000000d5580000, 0x00000000ebe80000, 0x0000000100000000)
  eden space 260608K, 0% used [0x00000000d5580000,0x00000000d5580000,0x00000000e5400000)
  from space 9728K, 0% used [0x00000000e5400000,0x00000000e5400000,0x00000000e5d80000)
  to   space 11264K, 0% used [0x00000000eb380000,0x00000000eb380000,0x00000000ebe80000)
 ParOldGen       total 51200K, used 18591K [0x0000000080000000, 0x0000000083200000, 0x00000000d5580000)
  object space 51200K, 36% used [0x0000000080000000,0x0000000081227e80,0x0000000083200000)
 Metaspace       used 28168K, capacity 28802K, committed 28928K, reserved 1081344K
  class space    used 3275K, capacity 3458K, committed 3584K, reserved 1048576K
Event: 8.254 GC heap after
Heap after GC invocations=14 (full 3):
 PSYoungGen      total 270336K, used 0K [0x00000000d5580000, 0x00000000ebe80000, 0x0000000100000000)
  eden space 260608K, 0% used [0x00000000d5580000,0x00000000d5580000,0x00000000e5400000)
  from space 9728K, 0% used [0x00000000e5400000,0x00000000e5400000,0x00000000e5d80000)
  to   space 11264K, 0% used [0x00000000eb380000,0x00000000eb380000,0x00000000ebe80000)
 ParOldGen       total 51200K, used 12619K [0x0000000080000000, 0x0000000083200000, 0x00000000d5580000)
  object space 51200K, 24% used [0x0000000080000000,0x0000000080c52e68,0x0000000083200000)
 Metaspace       used 28062K, capacity 28630K, committed 28928K, reserved 1077248K
  class space    used 3245K, capacity 3409K, committed 3584K, reserved 1048576K
}

