# JRE version: OpenJDK Runtime Environment (Zulu 8.52.0.23-CA-win64) (8.0_282-b08) (build 1.8.0_282-b08)
# Java VM: OpenJDK 64-Bit Server VM (25.282-b08 mixed mode windows-amd64 compressed oops)
Heap:
 PSYoungGen      total 266752K, used 179071K [0x00000000d5580000, 0x00000000e7800000, 0x0000000100000000)
  eden space 257024K, 65% used [0x00000000d5580000,0x00000000dfae3770,0x00000000e5080000)
  from space 9728K, 99% used [0x00000000e5080000,0x00000000e59fc690,0x00000000e5a00000)
  to   space 11264K, 0% used [0x00000000e6d00000,0x00000000e6d00000,0x00000000e7800000)
 ParOldGen       total 58880K, used 10039K [0x0000000080000000, 0x0000000083980000, 0x00000000d5580000)
  object space 58880K, 17% used [0x0000000080000000,0x00000000809cdc20,0x0000000083980000)
 Metaspace       used 31485K, capacity 32488K, committed 32768K, reserved 1077248K
  class space    used 3729K, capacity 4053K, committed 4096K, reserved 1048576K
GC Heap History (10 events):
Event: 4.083 GC heap before
{Heap before GC invocations=6 (full 0):
 PSYoungGen      total 71680K, used 71663K [0x00000000d5580000, 0x00000000de780000, 0x0000000100000000)
  eden space 66560K, 100% used [0x00000000d5580000,0x00000000d9680000,0x00000000d9680000)
  from space 5120K, 99% used [0x00000000d9680000,0x00000000d9b7bf18,0x00000000d9b80000)
  to   space 8192K, 0% used [0x00000000ddf80000,0x00000000ddf80000,0x00000000de780000)
 ParOldGen       total 87552K, used 3630K [0x0000000080000000, 0x0000000085580000, 0x00000000d5580000)
  object space 87552K, 4% used [0x0000000080000000,0x000000008038bb08,0x0000000085580000)
 Metaspace       used 19982K, capacity 20312K, committed 20608K, reserved 1067008K
  class space    used 2212K, capacity 2321K, committed 2432K, reserved 1048576K
Event: 4.096 GC heap after
Heap after GC invocations=6 (full 0):
 PSYoungGen      total 140288K, used 8171K [0x00000000d5580000, 0x00000000de980000, 0x0000000100000000)
  eden space 132096K, 0% used [0x00000000d5580000,0x00000000d5580000,0x00000000dd680000)
  from space 8192K, 99% used [0x00000000ddf80000,0x00000000de77ad80,0x00000000de780000)
  to   space 9216K, 0% used [0x00000000dd680000,0x00000000dd680000,0x00000000ddf80000)
 ParOldGen       total 87552K, used 3884K [0x0000000080000000, 0x0000000085580000, 0x00000000d5580000)
  object space 87552K, 4% used [0x0000000080000000,0x00000000803cb0e0,0x0000000085580000)
 Metaspace       used 19982K, capacity 20312K, committed 20608K, reserved 1067008K
  class space    used 2212K, capacity 2321K, committed 2432K, reserved 1048576K
}
Event: 4.387 GC heap before
{Heap before GC invocations=7 (full 0):
 PSYoungGen      total 140288K, used 18906K [0x00000000d5580000, 0x00000000de980000, 0x0000000100000000)
  eden space 132096K, 8% used [0x00000000d5580000,0x00000000d5ffbba8,0x00000000dd680000)
  from space 8192K, 99% used [0x00000000ddf80000,0x00000000de77ad80,0x00000000de780000)
  to   space 9216K, 0% used [0x00000000dd680000,0x00000000dd680000,0x00000000ddf80000)
 ParOldGen       total 87552K, used 3884K [0x0000000080000000, 0x0000000085580000, 0x00000000d5580000)
  object space 87552K, 4% used [0x0000000080000000,0x00000000803cb0e0,0x0000000085580000)
 Metaspace       used 20815K, capacity 21072K, committed 21296K, reserved 1069056K
  class space    used 2314K, capacity 2424K, committed 2432K, reserved 1048576K
Event: 4.399 GC heap after
Heap after GC invocations=7 (full 0):
 PSYoungGen      total 141312K, used 4149K [0x00000000d5580000, 0x00000000e6980000, 0x0000000100000000)
  eden space 132096K, 0% used [0x00000000d5580000,0x00000000d5580000,0x00000000dd680000)
  from space 9216K, 45% used [0x00000000dd680000,0x00000000dda8d6f0,0x00000000ddf80000)
  to   space 9216K, 0% used [0x00000000e6080000,0x00000000e6080000,0x00000000e6980000)
 ParOldGen       total 87552K, used 7156K [0x0000000080000000, 0x0000000085580000, 0x00000000d5580000)
  object space 87552K, 8% used [0x0000000080000000,0x00000000806fd310,0x0000000085580000)
 Metaspace       used 20815K, capacity 21072K, committed 21296K, reserved 1069056K
  class space    used 2314K, capacity 2424K, committed 2432K, reserved 1048576K
}
Event: 4.399 GC heap before
{Heap before GC invocations=8 (full 1):
 PSYoungGen      total 141312K, used 4149K [0x00000000d5580000, 0x00000000e6980000, 0x0000000100000000)
  eden space 132096K, 0% used [0x00000000d5580000,0x00000000d5580000,0x00000000dd680000)
  from space 9216K, 45% used [0x00000000dd680000,0x00000000dda8d6f0,0x00000000ddf80000)
  to   space 9216K, 0% used [0x00000000e6080000,0x00000000e6080000,0x00000000e6980000)
 ParOldGen       total 87552K, used 7156K [0x0000000080000000, 0x0000000085580000, 0x00000000d5580000)
  object space 87552K, 8% used [0x0000000080000000,0x00000000806fd310,0x0000000085580000)
 Metaspace       used 20815K, capacity 21072K, committed 21296K, reserved 1069056K
  class space    used 2314K, capacity 2424K, committed 2432K, reserved 1048576K
Event: 4.458 GC heap after
Heap after GC invocations=8 (full 1):
 PSYoungGen      total 141312K, used 0K [0x00000000d5580000, 0x00000000e6980000, 0x0000000100000000)
  eden space 132096K, 0% used [0x00000000d5580000,0x00000000d5580000,0x00000000dd680000)
  from space 9216K, 0% used [0x00000000dd680000,0x00000000dd680000,0x00000000ddf80000)
  to   space 9216K, 0% used [0x00000000e6080000,0x00000000e6080000,0x00000000e6980000)
 ParOldGen       total 58880K, used 8990K [0x0000000080000000, 0x0000000083980000, 0x00000000d5580000)
  object space 58880K, 15% used [0x0000000080000000,0x00000000808c78b0,0x0000000083980000)
 Metaspace       used 20815K, capacity 21072K, committed 21296K, reserved 1069056K
  class space    used 2314K, capacity 2424K, committed 2432K, reserved 1048576K
}
Event: 5.463 GC heap before
{Heap before GC invocations=9 (full 1):
 PSYoungGen      total 141312K, used 132096K [0x00000000d5580000, 0x00000000e6980000, 0x0000000100000000)
  eden space 132096K, 100% used [0x00000000d5580000,0x00000000dd680000,0x00000000dd680000)
  from space 9216K, 0% used [0x00000000dd680000,0x00000000dd680000,0x00000000ddf80000)
  to   space 9216K, 0% used [0x00000000e6080000,0x00000000e6080000,0x00000000e6980000)
 ParOldGen       total 58880K, used 8990K [0x0000000080000000, 0x0000000083980000, 0x00000000d5580000)
  object space 58880K, 15% used [0x0000000080000000,0x00000000808c78b0,0x0000000083980000)
 Metaspace       used 22111K, capacity 22456K, committed 22704K, reserved 1069056K
  class space    used 2422K, capacity 2541K, committed 2560K, reserved 1048576K
Event: 5.469 GC heap after
Heap after GC invocations=9 (full 1):
 PSYoungGen      total 210944K, used 2688K [0x00000000d5580000, 0x00000000e6380000, 0x0000000100000000)
  eden space 207872K, 0% used [0x00000000d5580000,0x00000000d5580000,0x00000000e2080000)
  from space 3072K, 87% used [0x00000000e6080000,0x00000000e63203b8,0x00000000e6380000)
  to   space 9728K, 0% used [0x00000000e5080000,0x00000000e5080000,0x00000000e5a00000)
 ParOldGen       total 58880K, used 8998K [0x0000000080000000, 0x0000000083980000, 0x00000000d5580000)
  object space 58880K, 15% used [0x0000000080000000,0x00000000808c98b0,0x0000000083980000)
 Metaspace       used 22111K, capacity 22456K, committed 22704K, reserved 1069056K
  class space    used 2422K, capacity 2541K, committed 2560K, reserved 1048576K
}
Event: 7.362 GC heap before
{Heap before GC invocations=10 (full 1):
 PSYoungGen      total 210944K, used 210560K [0x00000000d5580000, 0x00000000e6380000, 0x0000000100000000)
  eden space 207872K, 100% used [0x00000000d5580000,0x00000000e2080000,0x00000000e2080000)
  from space 3072K, 87% used [0x00000000e6080000,0x00000000e63203b8,0x00000000e6380000)
  to   space 9728K, 0% used [0x00000000e5080000,0x00000000e5080000,0x00000000e5a00000)
 ParOldGen       total 58880K, used 8998K [0x0000000080000000, 0x0000000083980000, 0x00000000d5580000)
  object space 58880K, 15% used [0x0000000080000000,0x00000000808c98b0,0x0000000083980000)
 Metaspace       used 25550K, capacity 25928K, committed 26112K, reserved 1073152K
  class space    used 2924K, capacity 3059K, committed 3072K, reserved 1048576K
Event: 7.378 GC heap after
Heap after GC invocations=10 (full 1):
 PSYoungGen      total 266752K, used 9713K [0x00000000d5580000, 0x00000000e7800000, 0x0000000100000000)
  eden space 257024K, 0% used [0x00000000d5580000,0x00000000d5580000,0x00000000e5080000)
  from space 9728K, 99% used [0x00000000e5080000,0x00000000e59fc690,0x00000000e5a00000)
  to   space 11264K, 0% used [0x00000000e6d00000,0x00000000e6d00000,0x00000000e7800000)
 ParOldGen       total 58880K, used 10039K [0x0000000080000000, 0x0000000083980000, 0x00000000d5580000)
  object space 58880K, 17% used [0x0000000080000000,0x00000000809cdc20,0x0000000083980000)
 Metaspace       used 25550K, capacity 25928K, committed 26112K, reserved 1073152K
  class space    used 2924K, capacity 3059K, committed 3072K, reserved 1048576K
}

